[slice] file has 1799989091 records (216.00 GB); sorting [0, 899994545) = 899994545 records (108.00 GB)
════════════════════════════════════════════════════
  GPU External Merge Sort — Streaming Benchmark
════════════════════════════════════════════════════
GPU: NVIDIA H100 (99.9 GB HBM, 132 SMs, 2447 GB/s BW)
Data: 108.00 GB (899994545 records × 120 bytes) (from file)

Allocating 108.00 GB pinned host memory...
  Using mmap + huge pages + cudaHostRegister
Loading from /mnt/data/lineitem_sf300.bin...
  Loaded 108.00 GB in 42653 ms (2.53 GB/s)

[ExternalSort] GPU: 99.10 GB free, budget: 64.41 GB
[ExternalSort] Triple-buffer: 3 × 21.47 GB (179 M records each)

══════════ Experiment run 1/3 ══════════
[ExternalSort] Sorting 899994545 records (108.00 GB)

== Step 1+2: Key Upload ==
  Runtime compact map: 27/66 bytes vary, 32B compact key (4 LSD passes)
  Output buffer mmap: MAP_POPULATE (eager) (input 108 GB + output 108 GB + 64 GB headroom < host RAM 1082 GB)
== Step 1+2: Key Upload ==
  (0.3.1) Compact key upload: 32 B/record (27 B varying) instead of 66 B → 28.8 GB H2D vs 59.4 GB; 4 LSD passes vs 9
  Pipelined extract+H2D: 879 ms (122.85 GB/s effective vs raw record traffic)
  Uploaded 28.80 GB keys (compact CPU-extract+H2D) in 1500 ms (71.99 GB/s effective)
== Step 3: GPU CUB Radix Sort ==
  LSD sort: 4 passes for 32-byte key (compact)
    Pass 1 (bytes 24-31): 110.3 ms
    Pass 2 (bytes 16-23): 147.3 ms
    Pass 3 (bytes 8-15): 116.5 ms
    Pass 4 (bytes 0-7): 141.8 ms
  Sorted 899994545 keys in 529 ms
== Step 4: Download Permutation ==
  Downloaded 3.60 GB perm in 72 ms
== Step 5: CPU Gather ==
  Gathered 108.00 GB in 2226 ms (48.52 GB/s)

[ExternalSort] ═══════════════════════════════════════
  DONE: 4327 ms (gen: 2101 + merge: 2226)
  Throughput: 24.96 GB/s
  Runs: 1 | Merge passes: 1
  PCIe: 28.8 GB H2D + 3.6 GB D2H = 32.4 GB total (0.3x amplification)
═══════════════════════════════════════════════════════

CSV,NVIDIA H100,108.00,899994545,1,1,2100.74,2226.01,4326.75,24.9609,28.80,3.60,32.40,0.3

══════════ Experiment run 2/3 ══════════
[ExternalSort] Sorting 899994545 records (108.00 GB)

== Step 1+2: Key Upload ==
  Runtime compact map: 27/66 bytes vary, 32B compact key (4 LSD passes)
  Output buffer: reusing persistent 108 GB buffer from prior run
== Step 1+2: Key Upload ==
  (0.3.1) Compact key upload: 32 B/record (27 B varying) instead of 66 B → 28.8 GB H2D vs 59.4 GB; 4 LSD passes vs 9
  Pipelined extract+H2D: 1001 ms (107.92 GB/s effective vs raw record traffic)
  Uploaded 28.80 GB keys (compact CPU-extract+H2D) in 1447 ms (74.66 GB/s effective)
== Step 3: GPU CUB Radix Sort ==
  LSD sort: 4 passes for 32-byte key (compact)
    Pass 1 (bytes 24-31): 110.3 ms
    Pass 2 (bytes 16-23): 147.4 ms
    Pass 3 (bytes 8-15): 116.3 ms
    Pass 4 (bytes 0-7): 141.9 ms
  Sorted 899994545 keys in 527 ms
== Step 4: Download Permutation ==
  Downloaded 3.60 GB perm in 73 ms
== Step 5: CPU Gather ==
  Gathered 108.00 GB in 2207 ms (48.94 GB/s)

[ExternalSort] ═══════════════════════════════════════
  DONE: 4253 ms (gen: 2047 + merge: 2207)
  Throughput: 25.39 GB/s
  Runs: 1 | Merge passes: 1
  PCIe: 28.8 GB H2D + 3.6 GB D2H = 32.4 GB total (0.3x amplification)
═══════════════════════════════════════════════════════

CSV,NVIDIA H100,108.00,899994545,1,1,2046.58,2206.73,4253.32,25.3918,28.80,3.60,32.40,0.3

══════════ Experiment run 3/3 ══════════
[ExternalSort] Sorting 899994545 records (108.00 GB)

== Step 1+2: Key Upload ==
  Runtime compact map: 27/66 bytes vary, 32B compact key (4 LSD passes)
  Output buffer: reusing persistent 108 GB buffer from prior run
== Step 1+2: Key Upload ==
  (0.3.1) Compact key upload: 32 B/record (27 B varying) instead of 66 B → 28.8 GB H2D vs 59.4 GB; 4 LSD passes vs 9
  Pipelined extract+H2D: 1000 ms (107.98 GB/s effective vs raw record traffic)
  Uploaded 28.80 GB keys (compact CPU-extract+H2D) in 1446 ms (74.66 GB/s effective)
== Step 3: GPU CUB Radix Sort ==
  LSD sort: 4 passes for 32-byte key (compact)
    Pass 1 (bytes 24-31): 110.3 ms
    Pass 2 (bytes 16-23): 147.3 ms
    Pass 3 (bytes 8-15): 116.3 ms
    Pass 4 (bytes 0-7): 141.8 ms
  Sorted 899994545 keys in 528 ms
== Step 4: Download Permutation ==
  Downloaded 3.60 GB perm in 2006 ms
== Step 5: CPU Gather ==
  Gathered 108.00 GB in 2235 ms (48.33 GB/s)

[ExternalSort] ═══════════════════════════════════════
  DONE: 6215 ms (gen: 3980 + merge: 2235)
  Throughput: 17.38 GB/s
  Runs: 1 | Merge passes: 1
  PCIe: 28.8 GB H2D + 3.6 GB D2H = 32.4 GB total (0.3x amplification)
═══════════════════════════════════════════════════════

CSV,NVIDIA H100,108.00,899994545,1,1,3980.23,2234.64,6214.87,17.3776,28.80,3.60,32.40,0.3
