14:20:35 — start
/dev/nvme1n1    3.5T  3.0T  351G  90% /mnt/data
tmpfs           504G     0  504G   0% /dev/shm
total 703124056
drwxrwxr-x 2 cc cc         4096 May  4 14:03 .
drwxr-xr-x 4 cc cc         4096 May  4 14:00 ..
-rw-r--r-- 1 cc cc 180849376440 May  4 14:08 part.bucket_0.bin
-rw-r--r-- 1 cc cc 178393266120 May  4 14:08 part.bucket_1.bin
-rw-r--r-- 1 cc cc 177700488600 May  4 14:08 part.bucket_2.bin
-rw-r--r-- 1 cc cc 183055633920 May  4 14:08 part.bucket_3.bin
=== Round 1: GPU 0 (node 0) sorts bucket 0, GPU 2 (node 1) sorts bucket 2 ===
14:23:26 — round 1 done
=== Round 2: GPU 0 (node 0) sorts bucket 1, GPU 2 (node 1) sorts bucket 3 ===
14:26:49 — round 2 done

=== Sort-only wall (no partition): 373.904841194 sec ===
b0: CSV,NVIDIA H100,180.85,1507078137,3,2,15990.58,9901.74,25892.33,6.9847,48.23,6.03,54.25,0.3
b2: CSV,NVIDIA H100,177.70,1480837405,3,2,14574.92,9545.78,24120.70,7.3671,47.39,5.92,53.31,0.3
b1: CSV,NVIDIA H100,178.39,1486610551,3,2,17889.83,40794.86,58684.69,3.0399,47.57,5.95,53.52,0.3
b3: CSV,NVIDIA H100,183.06,1525463616,3,2,22130.37,33037.56,55167.93,3.3182,48.81,6.10,54.92,0.3
14:26:49 — done
