22:23:41 — start
=== Step 1: partition K=8 ===
Input: /mnt/data/lineitem_sf1500.bin, 9000021272 records (1080.00 GB)
Sample + sort + splitters: 669 ms
Pass 1 (count): 168206 ms
  bucket[0]: 1118925785 records (134.27 GB)
  bucket[1]: 1105005448 records (132.60 GB)
  bucket[2]: 1145168135 records (137.42 GB)
  bucket[3]: 1101796283 records (132.22 GB)
  bucket[4]: 1126796913 records (135.22 GB)
  bucket[5]: 1147469899 records (137.70 GB)
  bucket[6]: 1109950494 records (133.19 GB)
  bucket[7]: 1144908315 records (137.39 GB)
Pass 2 (route): 630726 ms (1.71 GB/s)
Total partition wall: 828132 ms (1.30 GB/s end-to-end)
CSV,partition_by_range,records=9000021272,K=8,sample_ms=669,pass1_ms=168206,pass2_ms=630726,total_ms=828132,gb_per_s=1.30
22:37:30 — partitioned
/dev/nvme1n1    3.5T  2.6T  686G  80% /mnt/data
=== Cache eviction after partition (free up RAM for sort) ===
/mnt/data/lineitem_sf1500.bin (1080.0 GB): fadvise(DONTNEED) rc=0
/mnt/data/19.15_sf1500/part.bucket_0.bin (134.3 GB): fadvise(DONTNEED) rc=0
/mnt/data/19.15_sf1500/part.bucket_1.bin (132.6 GB): fadvise(DONTNEED) rc=0
/mnt/data/19.15_sf1500/part.bucket_2.bin (137.4 GB): fadvise(DONTNEED) rc=0
/mnt/data/19.15_sf1500/part.bucket_3.bin (132.2 GB): fadvise(DONTNEED) rc=0
/mnt/data/19.15_sf1500/part.bucket_4.bin (135.2 GB): fadvise(DONTNEED) rc=0
/mnt/data/19.15_sf1500/part.bucket_5.bin (137.7 GB): fadvise(DONTNEED) rc=0
/mnt/data/19.15_sf1500/part.bucket_6.bin (133.2 GB): fadvise(DONTNEED) rc=0
/mnt/data/19.15_sf1500/part.bucket_7.bin (137.4 GB): fadvise(DONTNEED) rc=0
              total        used        free      shared  buff/cache   available
Mem:           1007           3        1002           0           0         999
=== Step 2: 2-GPU one-per-node × 4 rounds (with eviction between rounds) ===
22:39:33 — round 1 (GPU 0 → b0, GPU 2 → b1)
/mnt/data/19.15_sf1500/part.bucket_2.bin (137.4 GB): fadvise(DONTNEED) rc=0
/mnt/data/19.15_sf1500/part.bucket_3.bin (132.2 GB): fadvise(DONTNEED) rc=0
/mnt/data/19.15_sf1500/part.bucket_4.bin (135.2 GB): fadvise(DONTNEED) rc=0
/mnt/data/19.15_sf1500/part.bucket_5.bin (137.7 GB): fadvise(DONTNEED) rc=0
/mnt/data/19.15_sf1500/part.bucket_6.bin (133.2 GB): fadvise(DONTNEED) rc=0
/mnt/data/19.15_sf1500/part.bucket_7.bin (137.4 GB): fadvise(DONTNEED) rc=0
/mnt/data/19.15_sf1500/sorted_0.bin (134.3 GB): fadvise(DONTNEED) rc=0
/mnt/data/19.15_sf1500/sorted_1.bin (132.6 GB): fadvise(DONTNEED) rc=0
22:44:06 — round 2 (GPU 0 → b2, GPU 2 → b3)
/mnt/data/19.15_sf1500/part.bucket_4.bin (135.2 GB): fadvise(DONTNEED) rc=0
/mnt/data/19.15_sf1500/part.bucket_5.bin (137.7 GB): fadvise(DONTNEED) rc=0
/mnt/data/19.15_sf1500/part.bucket_6.bin (133.2 GB): fadvise(DONTNEED) rc=0
/mnt/data/19.15_sf1500/part.bucket_7.bin (137.4 GB): fadvise(DONTNEED) rc=0
/mnt/data/19.15_sf1500/sorted_0.bin (134.3 GB): fadvise(DONTNEED) rc=0
/mnt/data/19.15_sf1500/sorted_1.bin (132.6 GB): fadvise(DONTNEED) rc=0
/mnt/data/19.15_sf1500/sorted_2.bin (137.4 GB): fadvise(DONTNEED) rc=0
/mnt/data/19.15_sf1500/sorted_3.bin (132.2 GB): fadvise(DONTNEED) rc=0
22:48:37 — round 3 (GPU 0 → b4, GPU 2 → b5)
/mnt/data/19.15_sf1500/part.bucket_6.bin (133.2 GB): fadvise(DONTNEED) rc=0
/mnt/data/19.15_sf1500/part.bucket_7.bin (137.4 GB): fadvise(DONTNEED) rc=0
/mnt/data/19.15_sf1500/sorted_0.bin (134.3 GB): fadvise(DONTNEED) rc=0
/mnt/data/19.15_sf1500/sorted_1.bin (132.6 GB): fadvise(DONTNEED) rc=0
/mnt/data/19.15_sf1500/sorted_2.bin (137.4 GB): fadvise(DONTNEED) rc=0
/mnt/data/19.15_sf1500/sorted_3.bin (132.2 GB): fadvise(DONTNEED) rc=0
/mnt/data/19.15_sf1500/sorted_4.bin (135.2 GB): fadvise(DONTNEED) rc=0
/mnt/data/19.15_sf1500/sorted_5.bin (137.7 GB): fadvise(DONTNEED) rc=0
22:53:09 — round 4 (GPU 0 → b6, GPU 2 → b7)
/mnt/data/19.15_sf1500/sorted_0.bin (134.3 GB): fadvise(DONTNEED) rc=0
/mnt/data/19.15_sf1500/sorted_1.bin (132.6 GB): fadvise(DONTNEED) rc=0
/mnt/data/19.15_sf1500/sorted_2.bin (137.4 GB): fadvise(DONTNEED) rc=0
/mnt/data/19.15_sf1500/sorted_3.bin (132.2 GB): fadvise(DONTNEED) rc=0
/mnt/data/19.15_sf1500/sorted_4.bin (135.2 GB): fadvise(DONTNEED) rc=0
/mnt/data/19.15_sf1500/sorted_5.bin (137.7 GB): fadvise(DONTNEED) rc=0
/mnt/data/19.15_sf1500/sorted_6.bin (133.2 GB): fadvise(DONTNEED) rc=0
/mnt/data/19.15_sf1500/sorted_7.bin (137.4 GB): fadvise(DONTNEED) rc=0
=== Sort-only wall: 1087.963766573 s ===
b0: CSV,NVIDIA H100,134.27,1118925785,2,2,14593.88,6844.77,21438.65,6.2630,35.81,4.48,40.28,0.3
b1: CSV,NVIDIA H100,132.60,1105005448,2,2,14590.25,7123.51,21713.76,6.1068,35.36,4.42,39.78,0.3
b2: CSV,NVIDIA H100,137.42,1145168135,2,2,14566.75,7272.40,21839.15,6.2924,36.65,4.58,41.23,0.3
b3: CSV,NVIDIA H100,132.22,1101796283,2,2,14172.68,6720.37,20893.05,6.3282,35.26,4.41,39.66,0.3
b4: CSV,NVIDIA H100,135.22,1126796913,2,2,14683.23,7139.39,21822.62,6.1961,36.06,4.51,40.56,0.3
b5: CSV,NVIDIA H100,137.70,1147469899,2,2,14178.49,7134.78,21313.27,6.4606,36.72,4.59,41.31,0.3
b6: CSV,NVIDIA H100,133.19,1109950494,2,2,14612.22,6929.73,21541.95,6.1830,35.52,4.44,39.96,0.3
b7: CSV,NVIDIA H100,137.39,1144908315,2,2,14387.49,7261.31,21648.80,6.3463,36.64,4.58,41.22,0.3
=== 8 PASS / 0 FAIL ===
22:57:41 — done
