17:11:09 — start
=== Step 1: partition ===
Input: /mnt/data/lineitem_sf1500.bin, 9000021272 records (1080.00 GB)
Sample + sort + splitters: 683 ms
Pass 1 (count): 168197 ms
  bucket[0]: 2223931233 records (266.87 GB)
  bucket[1]: 2246964418 records (269.64 GB)
  bucket[2]: 2274266812 records (272.91 GB)
  bucket[3]: 2254858809 records (270.58 GB)
Pass 2 (route): 742971 ms (1.45 GB/s)
Total partition wall: 944815 ms (1.14 GB/s end-to-end)
CSV,partition_by_range,records=9000021272,K=4,sample_ms=683,pass1_ms=168197,pass2_ms=742971,total_ms=944815,gb_per_s=1.14
17:26:54 — partitioned
/dev/nvme1n1    3.5T  2.6T  686G  80% /mnt/data
=== Step 2: SEQUENTIAL 1-GPU sort, 4 buckets ===
17:26:54 — bucket 0 start
CSV,NVIDIA H100,266.87,2223931233,4,2,20614.28,28754.99,49369.28,5.4056,71.17,8.90,80.06,0.3
17:35:18 — bucket 1 start
CSV,NVIDIA H100,269.64,2246964418,4,2,19083.90,27573.30,46657.20,5.7791,71.90,8.99,80.89,0.3
17:43:17 — bucket 2 start
CSV,NVIDIA H100,272.91,2274266812,4,2,16049.48,27181.14,43230.63,6.3129,72.78,9.10,81.87,0.3
17:51:49 — bucket 3 start
CSV,NVIDIA H100,270.58,2254858809,4,2,16952.80,21438.11,38390.91,7.0481,72.16,9.02,81.17,0.3

=== Sort-only wall (sequential): 1979.082685827 s ===
18:00:24 — done
