23:38:53 — start
=== Step 1: partition K=16 ===
Input: /mnt/data/lineitem_sf1500.bin, 9000021272 records (1080.00 GB)
Sample + sort + splitters: 700 ms
Pass 1 (count): 186242 ms
  bucket[0]: 552476095 records (66.30 GB)
  bucket[1]: 566449690 records (67.97 GB)
  bucket[2]: 543612294 records (65.23 GB)
  bucket[3]: 561393154 records (67.37 GB)
  bucket[4]: 574158467 records (68.90 GB)
  bucket[5]: 571009668 records (68.52 GB)
  bucket[6]: 570716848 records (68.49 GB)
  bucket[7]: 531079435 records (63.73 GB)
  bucket[8]: 555772930 records (66.69 GB)
  bucket[9]: 571023983 records (68.52 GB)
  bucket[10]: 574573498 records (68.95 GB)
  bucket[11]: 572896401 records (68.75 GB)
  bucket[12]: 559447325 records (67.13 GB)
  bucket[13]: 550503169 records (66.06 GB)
  bucket[14]: 574937581 records (68.99 GB)
  bucket[15]: 569970734 records (68.40 GB)
Pass 2 (route): 791201 ms (1.37 GB/s)
Total partition wall: 1012574 ms (1.07 GB/s end-to-end)
CSV,partition_by_range,records=9000021272,K=16,sample_ms=700,pass1_ms=186242,pass2_ms=791201,total_ms=1012574,gb_per_s=1.07
23:55:46 — partitioned
Partition wall: 1012.576653751 s
/dev/nvme1n1    3.5T  2.6T  686G  80% /mnt/data
=== Cache eviction after partition ===
/mnt/data/lineitem_sf1500.bin (1080.0 GB): fadvise(DONTNEED) rc=0
/mnt/data/19.16_sf1500_k16_4gpu/part.bucket_0.bin (66.3 GB): fadvise(DONTNEED) rc=0
/mnt/data/19.16_sf1500_k16_4gpu/part.bucket_1.bin (68.0 GB): fadvise(DONTNEED) rc=0
/mnt/data/19.16_sf1500_k16_4gpu/part.bucket_10.bin (68.9 GB): fadvise(DONTNEED) rc=0
/mnt/data/19.16_sf1500_k16_4gpu/part.bucket_11.bin (68.7 GB): fadvise(DONTNEED) rc=0
/mnt/data/19.16_sf1500_k16_4gpu/part.bucket_12.bin (67.1 GB): fadvise(DONTNEED) rc=0
/mnt/data/19.16_sf1500_k16_4gpu/part.bucket_13.bin (66.1 GB): fadvise(DONTNEED) rc=0
/mnt/data/19.16_sf1500_k16_4gpu/part.bucket_14.bin (69.0 GB): fadvise(DONTNEED) rc=0
/mnt/data/19.16_sf1500_k16_4gpu/part.bucket_15.bin (68.4 GB): fadvise(DONTNEED) rc=0
/mnt/data/19.16_sf1500_k16_4gpu/part.bucket_2.bin (65.2 GB): fadvise(DONTNEED) rc=0
/mnt/data/19.16_sf1500_k16_4gpu/part.bucket_3.bin (67.4 GB): fadvise(DONTNEED) rc=0
/mnt/data/19.16_sf1500_k16_4gpu/part.bucket_4.bin (68.9 GB): fadvise(DONTNEED) rc=0
/mnt/data/19.16_sf1500_k16_4gpu/part.bucket_5.bin (68.5 GB): fadvise(DONTNEED) rc=0
/mnt/data/19.16_sf1500_k16_4gpu/part.bucket_6.bin (68.5 GB): fadvise(DONTNEED) rc=0
/mnt/data/19.16_sf1500_k16_4gpu/part.bucket_7.bin (63.7 GB): fadvise(DONTNEED) rc=0
/mnt/data/19.16_sf1500_k16_4gpu/part.bucket_8.bin (66.7 GB): fadvise(DONTNEED) rc=0
/mnt/data/19.16_sf1500_k16_4gpu/part.bucket_9.bin (68.5 GB): fadvise(DONTNEED) rc=0
              total        used        free      shared  buff/cache   available
Mem:           1007           3        1002           0           0         999
=== Step 2: 4-GPU concurrent × 4 rounds ===
  GPUs 0,1 on NUMA node 0; GPUs 2,3 on NUMA node 1
23:57:55 — round 1 (b0,b1,b2,b3)
/mnt/data/19.16_sf1500_k16_4gpu/part.bucket_10.bin (68.9 GB): fadvise(DONTNEED) rc=0
/mnt/data/19.16_sf1500_k16_4gpu/part.bucket_11.bin (68.7 GB): fadvise(DONTNEED) rc=0
/mnt/data/19.16_sf1500_k16_4gpu/part.bucket_12.bin (67.1 GB): fadvise(DONTNEED) rc=0
/mnt/data/19.16_sf1500_k16_4gpu/part.bucket_13.bin (66.1 GB): fadvise(DONTNEED) rc=0
/mnt/data/19.16_sf1500_k16_4gpu/part.bucket_14.bin (69.0 GB): fadvise(DONTNEED) rc=0
/mnt/data/19.16_sf1500_k16_4gpu/part.bucket_15.bin (68.4 GB): fadvise(DONTNEED) rc=0
/mnt/data/19.16_sf1500_k16_4gpu/part.bucket_4.bin (68.9 GB): fadvise(DONTNEED) rc=0
/mnt/data/19.16_sf1500_k16_4gpu/part.bucket_5.bin (68.5 GB): fadvise(DONTNEED) rc=0
/mnt/data/19.16_sf1500_k16_4gpu/part.bucket_6.bin (68.5 GB): fadvise(DONTNEED) rc=0
/mnt/data/19.16_sf1500_k16_4gpu/part.bucket_7.bin (63.7 GB): fadvise(DONTNEED) rc=0
/mnt/data/19.16_sf1500_k16_4gpu/part.bucket_8.bin (66.7 GB): fadvise(DONTNEED) rc=0
/mnt/data/19.16_sf1500_k16_4gpu/part.bucket_9.bin (68.5 GB): fadvise(DONTNEED) rc=0
/mnt/data/19.16_sf1500_k16_4gpu/sorted_0.bin (66.3 GB): fadvise(DONTNEED) rc=0
/mnt/data/19.16_sf1500_k16_4gpu/sorted_1.bin (68.0 GB): fadvise(DONTNEED) rc=0
/mnt/data/19.16_sf1500_k16_4gpu/sorted_2.bin (65.2 GB): fadvise(DONTNEED) rc=0
/mnt/data/19.16_sf1500_k16_4gpu/sorted_3.bin (67.4 GB): fadvise(DONTNEED) rc=0
00:00:54 — round 2 (b4,b5,b6,b7)
/mnt/data/19.16_sf1500_k16_4gpu/part.bucket_10.bin (68.9 GB): fadvise(DONTNEED) rc=0
/mnt/data/19.16_sf1500_k16_4gpu/part.bucket_11.bin (68.7 GB): fadvise(DONTNEED) rc=0
/mnt/data/19.16_sf1500_k16_4gpu/part.bucket_12.bin (67.1 GB): fadvise(DONTNEED) rc=0
/mnt/data/19.16_sf1500_k16_4gpu/part.bucket_13.bin (66.1 GB): fadvise(DONTNEED) rc=0
/mnt/data/19.16_sf1500_k16_4gpu/part.bucket_14.bin (69.0 GB): fadvise(DONTNEED) rc=0
/mnt/data/19.16_sf1500_k16_4gpu/part.bucket_15.bin (68.4 GB): fadvise(DONTNEED) rc=0
/mnt/data/19.16_sf1500_k16_4gpu/part.bucket_8.bin (66.7 GB): fadvise(DONTNEED) rc=0
/mnt/data/19.16_sf1500_k16_4gpu/part.bucket_9.bin (68.5 GB): fadvise(DONTNEED) rc=0
/mnt/data/19.16_sf1500_k16_4gpu/sorted_0.bin (66.3 GB): fadvise(DONTNEED) rc=0
/mnt/data/19.16_sf1500_k16_4gpu/sorted_1.bin (68.0 GB): fadvise(DONTNEED) rc=0
/mnt/data/19.16_sf1500_k16_4gpu/sorted_2.bin (65.2 GB): fadvise(DONTNEED) rc=0
/mnt/data/19.16_sf1500_k16_4gpu/sorted_3.bin (67.4 GB): fadvise(DONTNEED) rc=0
/mnt/data/19.16_sf1500_k16_4gpu/sorted_4.bin (68.9 GB): fadvise(DONTNEED) rc=0
/mnt/data/19.16_sf1500_k16_4gpu/sorted_5.bin (68.5 GB): fadvise(DONTNEED) rc=0
/mnt/data/19.16_sf1500_k16_4gpu/sorted_6.bin (68.5 GB): fadvise(DONTNEED) rc=0
/mnt/data/19.16_sf1500_k16_4gpu/sorted_7.bin (63.7 GB): fadvise(DONTNEED) rc=0
00:03:57 — round 3 (b8,b9,b10,b11)
/mnt/data/19.16_sf1500_k16_4gpu/part.bucket_12.bin (67.1 GB): fadvise(DONTNEED) rc=0
/mnt/data/19.16_sf1500_k16_4gpu/part.bucket_13.bin (66.1 GB): fadvise(DONTNEED) rc=0
/mnt/data/19.16_sf1500_k16_4gpu/part.bucket_14.bin (69.0 GB): fadvise(DONTNEED) rc=0
/mnt/data/19.16_sf1500_k16_4gpu/part.bucket_15.bin (68.4 GB): fadvise(DONTNEED) rc=0
/mnt/data/19.16_sf1500_k16_4gpu/sorted_0.bin (66.3 GB): fadvise(DONTNEED) rc=0
/mnt/data/19.16_sf1500_k16_4gpu/sorted_1.bin (68.0 GB): fadvise(DONTNEED) rc=0
/mnt/data/19.16_sf1500_k16_4gpu/sorted_10.bin (68.9 GB): fadvise(DONTNEED) rc=0
/mnt/data/19.16_sf1500_k16_4gpu/sorted_11.bin (68.7 GB): fadvise(DONTNEED) rc=0
/mnt/data/19.16_sf1500_k16_4gpu/sorted_2.bin (65.2 GB): fadvise(DONTNEED) rc=0
/mnt/data/19.16_sf1500_k16_4gpu/sorted_3.bin (67.4 GB): fadvise(DONTNEED) rc=0
/mnt/data/19.16_sf1500_k16_4gpu/sorted_4.bin (68.9 GB): fadvise(DONTNEED) rc=0
/mnt/data/19.16_sf1500_k16_4gpu/sorted_5.bin (68.5 GB): fadvise(DONTNEED) rc=0
/mnt/data/19.16_sf1500_k16_4gpu/sorted_6.bin (68.5 GB): fadvise(DONTNEED) rc=0
/mnt/data/19.16_sf1500_k16_4gpu/sorted_7.bin (63.7 GB): fadvise(DONTNEED) rc=0
/mnt/data/19.16_sf1500_k16_4gpu/sorted_8.bin (66.7 GB): fadvise(DONTNEED) rc=0
/mnt/data/19.16_sf1500_k16_4gpu/sorted_9.bin (68.5 GB): fadvise(DONTNEED) rc=0
00:06:58 — round 4 (b12,b13,b14,b15)
/mnt/data/19.16_sf1500_k16_4gpu/sorted_0.bin (66.3 GB): fadvise(DONTNEED) rc=0
/mnt/data/19.16_sf1500_k16_4gpu/sorted_1.bin (68.0 GB): fadvise(DONTNEED) rc=0
/mnt/data/19.16_sf1500_k16_4gpu/sorted_10.bin (68.9 GB): fadvise(DONTNEED) rc=0
/mnt/data/19.16_sf1500_k16_4gpu/sorted_11.bin (68.7 GB): fadvise(DONTNEED) rc=0
/mnt/data/19.16_sf1500_k16_4gpu/sorted_12.bin (67.1 GB): fadvise(DONTNEED) rc=0
/mnt/data/19.16_sf1500_k16_4gpu/sorted_13.bin (66.1 GB): fadvise(DONTNEED) rc=0
/mnt/data/19.16_sf1500_k16_4gpu/sorted_14.bin (69.0 GB): fadvise(DONTNEED) rc=0
/mnt/data/19.16_sf1500_k16_4gpu/sorted_15.bin (68.4 GB): fadvise(DONTNEED) rc=0
/mnt/data/19.16_sf1500_k16_4gpu/sorted_2.bin (65.2 GB): fadvise(DONTNEED) rc=0
/mnt/data/19.16_sf1500_k16_4gpu/sorted_3.bin (67.4 GB): fadvise(DONTNEED) rc=0
/mnt/data/19.16_sf1500_k16_4gpu/sorted_4.bin (68.9 GB): fadvise(DONTNEED) rc=0
/mnt/data/19.16_sf1500_k16_4gpu/sorted_5.bin (68.5 GB): fadvise(DONTNEED) rc=0
/mnt/data/19.16_sf1500_k16_4gpu/sorted_6.bin (68.5 GB): fadvise(DONTNEED) rc=0
/mnt/data/19.16_sf1500_k16_4gpu/sorted_7.bin (63.7 GB): fadvise(DONTNEED) rc=0
/mnt/data/19.16_sf1500_k16_4gpu/sorted_8.bin (66.7 GB): fadvise(DONTNEED) rc=0
/mnt/data/19.16_sf1500_k16_4gpu/sorted_9.bin (68.5 GB): fadvise(DONTNEED) rc=0
=== Sort-only wall: 724.227804953 s ===
b0: CSV,NVIDIA H100,66.30,552476095,1,1,1941.69,3661.39,5603.07,11.8323,17.68,2.21,19.89,0.3
b1: CSV,NVIDIA H100,67.97,566449690,1,1,2796.21,3340.34,6136.54,11.0769,18.13,2.27,20.39,0.3
b2: CSV,NVIDIA H100,65.23,543612294,1,1,1805.16,3568.37,5373.54,12.1398,17.40,2.17,19.57,0.3
b3: CSV,NVIDIA H100,67.37,561393154,1,1,2077.18,3545.74,5622.92,11.9808,17.96,2.25,20.21,0.3
b4: CSV,NVIDIA H100,68.90,574158467,1,1,1926.89,3682.65,5609.54,12.2825,18.37,2.30,20.67,0.3
b5: CSV,NVIDIA H100,68.52,571009668,1,1,2308.89,3576.20,5885.09,11.6432,18.27,2.28,20.56,0.3
b6: CSV,NVIDIA H100,68.49,570716848,1,1,1635.15,3398.23,5033.38,13.6064,18.26,2.28,20.55,0.3
b7: CSV,NVIDIA H100,63.73,531079435,1,1,1322.68,3227.96,4550.64,14.0045,12.75,2.12,14.87,0.2
b8: CSV,NVIDIA H100,66.69,555772930,1,1,1661.51,3749.34,5410.85,12.3257,17.78,2.22,20.01,0.3
b9: CSV,NVIDIA H100,68.52,571023983,1,1,1778.95,3710.15,5489.10,12.4834,13.70,2.28,15.99,0.2
b10: CSV,NVIDIA H100,68.95,574573498,1,1,2065.76,3759.56,5825.32,11.8361,18.39,2.30,20.68,0.3
b11: CSV,NVIDIA H100,68.75,572896401,1,1,1946.30,3638.16,5584.45,12.3105,18.33,2.29,20.62,0.3
b12: CSV,NVIDIA H100,67.13,559447325,1,1,2035.54,3722.65,5758.19,11.6588,17.90,2.24,20.14,0.3
b13: CSV,NVIDIA H100,66.06,550503169,1,1,2020.76,3446.34,5467.10,12.0833,17.62,2.20,19.82,0.3
b14: CSV,NVIDIA H100,68.99,574937581,1,1,2080.38,3824.02,5904.39,11.6849,18.40,2.30,20.70,0.3
b15: CSV,NVIDIA H100,68.40,569970734,1,1,1977.89,3701.53,5679.42,12.0429,18.24,2.28,20.52,0.3
=== 16 PASS / 0 FAIL ===
00:10:00 — done
