10:48:02 — cross-scale start
==========================================
SF100 at 10:48:02
==========================================
vm.drop_caches = 3
/mnt/data/lineitem_sf100.bin (72.0 GB): fadvise(DONTNEED) rc=0
  bucket[4]: 73074633 records (2.92 GB)
  bucket[5]: 79608678 records (3.18 GB)
  bucket[6]: 75728036 records (3.03 GB)
  bucket[7]: 76710929 records (3.07 GB)
Multi-stream GDS partition: 12044 ms (5.98 GB/s effective)
Sort phase: 4118 ms (2 rounds)
Total wall: 27543 ms (2.61 GB/s end-to-end)
CSV,gds_partition_multistream,records=600037902,K=8,N_SLOTS=4,N_READERS=2,part_ms=12044,total_ms=27543,gb_per_s=2.61
SF100 wall: 28.081150606 s
==========================================
SF300 at 10:49:05
==========================================
vm.drop_caches = 3
/mnt/data/lineitem_sf300.bin (216.0 GB): fadvise(DONTNEED) rc=0
  bucket[4]: 232253994 records (9.29 GB)
  bucket[5]: 225659585 records (9.03 GB)
  bucket[6]: 221707506 records (8.87 GB)
  bucket[7]: 224050643 records (8.96 GB)
Multi-stream GDS partition: 39003 ms (5.54 GB/s effective)
Sort phase: 12360 ms (2 rounds)
Total wall: 62823 ms (3.44 GB/s end-to-end)
CSV,gds_partition_multistream,records=1799989091,K=8,N_SLOTS=4,N_READERS=2,part_ms=39003,total_ms=62823,gb_per_s=3.44
SF300 wall: 63.374476354 s
==========================================
SF500 at 10:50:18
==========================================
vm.drop_caches = 3
/mnt/data/lineitem_sf500.bin (360.0 GB): fadvise(DONTNEED) rc=0
  bucket[4]: 386683303 records (15.47 GB)
  bucket[5]: 376590095 records (15.06 GB)
  bucket[6]: 378375459 records (15.14 GB)
  bucket[7]: 363454798 records (14.54 GB)
Multi-stream GDS partition: 76688 ms (4.69 GB/s effective)
Sort phase: 21512 ms (2 rounds)
Total wall: 109840 ms (3.28 GB/s end-to-end)
CSV,gds_partition_multistream,records=3000028242,K=8,N_SLOTS=4,N_READERS=2,part_ms=76688,total_ms=109840,gb_per_s=3.28
SF500 wall: 110.407047762 s
==========================================
SF1000 at 10:52:26
==========================================
vm.drop_caches = 3
/mnt/data/lineitem_sf1000.bin (720.0 GB): fadvise(DONTNEED) rc=0
  bucket[4]: 757938923 records (30.32 GB)
  bucket[5]: 722898482 records (28.92 GB)
  bucket[6]: 780066980 records (31.20 GB)
  bucket[7]: 745396636 records (29.82 GB)
Multi-stream GDS partition: 131036 ms (5.49 GB/s effective)
Sort phase: 43945 ms (2 rounds)
Total wall: 186500 ms (3.86 GB/s end-to-end)
CSV,gds_partition_multistream,records=5999989709,K=8,N_SLOTS=4,N_READERS=2,part_ms=131036,total_ms=186500,gb_per_s=3.86
SF1000 wall: 187.128228517 s
10:55:59 — cross-scale done
