18:50:31 — start
=== Step 1: partition ===
Input: /mnt/data/lineitem_sf1500.bin, 9000021272 records (1080.00 GB)
Sample + sort + splitters: 647 ms
Pass 1 (count): 220606 ms
  bucket[0]: 2223931233 records (266.87 GB)
  bucket[1]: 2246964418 records (269.64 GB)
  bucket[2]: 2274266812 records (272.91 GB)
  bucket[3]: 2254858809 records (270.58 GB)
Pass 2 (route): 720946 ms (1.50 GB/s)
Total partition wall: 970226 ms (1.11 GB/s end-to-end)
CSV,partition_by_range,records=9000021272,K=4,sample_ms=647,pass1_ms=220606,pass2_ms=720946,total_ms=970226,gb_per_s=1.11
19:06:41 — partitioned
=== Step 2: SEQUENTIAL 1-GPU sort with SKIP_HOST_PIN=1 ===
19:06:41 — bucket 0 start
CSV,NVIDIA H100,266.87,2223931233,4,2,18275.19,27802.05,46077.23,5.7918,71.17,8.90,80.06,0.3
19:15:09 — bucket 1 start
CSV,NVIDIA H100,269.64,2246964418,4,2,20798.15,24455.48,45253.63,5.9583,71.90,8.99,80.89,0.3
19:23:28 — bucket 2 start
CSV,NVIDIA H100,272.91,2274266812,4,2,17826.87,36593.43,54420.30,5.0149,72.78,9.10,81.87,0.3
19:32:20 — bucket 3 start
CSV,NVIDIA H100,270.58,2254858809,4,2,17154.92,28795.02,45949.94,5.8886,72.16,9.02,81.17,0.3

=== Sort-only wall (sequential SKIP_HOST_PIN): 2038.880612302 s ===
19:41:05 — done
