════════════════════════════════════════════════════
  GPU External Merge Sort — Streaming Benchmark
════════════════════════════════════════════════════
GPU: Quadro RTX 6000 (25.4 GB HBM, 72 SMs, 672 GB/s BW)
Data: 36.00 GB (300005811 records × 120 bytes) (from file)

Allocating 36.00 GB pinned host memory...
Loading from /tmp/lineitem_sf50_normalized.bin...
  Loaded 36.00 GB in 8297 ms (4.34 GB/s)


══════════ Experiment run 1/6 ══════════
[ExternalSort] GPU: 25.15 GB free, budget: 16.35 GB
[ExternalSort] Triple-buffer: 3 × 5.45 GB (45 M records each)
[ExternalSort] Sorting 300005811 records (36.00 GB)

[CompactDetect] 61/66 key bytes vary (stratified random sample 1000K of 300M records, 39 ms)
[CompactDetect] Varying byte positions: 0 1 5 7 8 10 11 12 13 14 15 16 17 18 19 20 21 22 23 24 25 26 27 28 29 30 31 32 33 34 35 36 ...
[CompactDetect] Compactness: 61/66 = 92% varying. Decision: compact UPLOAD still wins, but compact PREFIX may have ties (CPU fixup)
== Step 1+2: Key Upload ==
  Keys too large for single-pass (19.8 GB > 22.6 GB)
  Using OVC ARCHITECTURE: run-gen + GPU OVC merge + CPU gather
  OVC buffers: 6.0 GB (4B OVC + 8B prefix + 4B perm per record)
  32B OVC extension: ENABLED (pfx3+pfx4 allocated, 4.8 GB extra)
  COMPACT UPLOAD: 170M rec/chunk, 2 chunks, PCIe 9.6 GB (vs 36.0 GB full), CUB scratch 145 MB

== Phase 1: Run Generation (chunked LSD sort) ==
  Run 1/2: 19484.9 MB (compact upload 5196.0 MB)      Run 2/2: 14848.1 MB (compact upload 3959.5 MB)    
  2 runs in 2114 ms (17.03 GB/s)

== Phase 2: GPU 32B Prefix Merge (4 CUB LSD passes) ==
  GPU free before merge alloc: 14.30 GB
  GPU free after merge alloc: 9.40 GB
  Pass 1 (sort by pfx4 + gather): 178 ms
  Pass 2 (sort by pfx3 + gather): 158 ms
  Pass 3 (sort by pfx2 + gather): 157 ms
  GPU 32B tie check: TIES FOUND — CPU fixup needed
  Pass 4 (sort by pfx1): 116 ms
  GPU 32B prefix merge total: 609 ms
  Downloaded perm in 94 ms
== Phase 3: CPU Gather ==
  Gathered 36.00 GB in 1772 ms (20.32 GB/s)
== Phase 4: CPU Prefix Fixup (32B prefix, ties detected) ==
  3153346 groups with ties (avg 95 records, scan 616 + stitch 171 ms)
  Groups stats: min=2 max=693 sum=299761123 (distribution: 1k=0 10k=0 100k=0 1m=0 10m=0)
  Fixup: 2021 ms [group-detect 787 + parallel 1218] (per-thread: pack 351.7 + sort 770.5 + reorder 76.6 ms, 84636 skipped)
  Total merge+gather+fixup: 4495 ms
[Correctness] Sample map verified against all 300005811 records — compact sort is FULL-KEY-EQUIVALENT.

Verifying...
  PASS sortedness: 300005811 records in non-decreasing order (887 ms)
  PASS multiset:   output is a permutation of input (hash=0x89c28ecae7c4b777, 2330 ms)

CSV,Quadro RTX 6000,36.00,300005811,2,2,2114.46,4494.77,6609.22,5.4470,9.60,1.20,10.80,0.3

══════════ Experiment run 2/6 ══════════
[ExternalSort] GPU: 25.14 GB free, budget: 16.34 GB
[ExternalSort] Triple-buffer: 3 × 5.45 GB (45 M records each)
[ExternalSort] Sorting 300005811 records (36.00 GB)

[CompactDetect] 61/66 key bytes vary (stratified random sample 1000K of 300M records, 0 ms)
[CompactDetect] Varying byte positions: 0 1 5 7 8 10 11 12 13 14 15 16 17 18 19 20 21 22 23 24 25 26 27 28 29 30 31 32 33 34 35 36 ...
[CompactDetect] Compactness: 61/66 = 92% varying. Decision: compact UPLOAD still wins, but compact PREFIX may have ties (CPU fixup)
== Step 1+2: Key Upload ==
  Keys too large for single-pass (19.8 GB > 22.6 GB)
  Using OVC ARCHITECTURE: run-gen + GPU OVC merge + CPU gather
  OVC buffers: 6.0 GB (4B OVC + 8B prefix + 4B perm per record)
  32B OVC extension: ENABLED (pfx3+pfx4 allocated, 4.8 GB extra)
  COMPACT UPLOAD: 170M rec/chunk, 2 chunks, PCIe 9.6 GB (vs 36.0 GB full), CUB scratch 145 MB

== Phase 1: Run Generation (chunked LSD sort) ==
  Run 1/2: 19476.7 MB (compact upload 5193.8 MB)      Run 2/2: 14856.2 MB (compact upload 3961.7 MB)    
  2 runs in 2127 ms (16.92 GB/s)

== Phase 2: GPU 32B Prefix Merge (4 CUB LSD passes) ==
  GPU free before merge alloc: 14.30 GB
  GPU free after merge alloc: 9.39 GB
  Pass 1 (sort by pfx4 + gather): 175 ms
  Pass 2 (sort by pfx3 + gather): 158 ms
  Pass 3 (sort by pfx2 + gather): 157 ms
  GPU 32B tie check: TIES FOUND — CPU fixup needed
  Pass 4 (sort by pfx1): 116 ms
  GPU 32B prefix merge total: 606 ms
  Downloaded perm in 94 ms
== Phase 3: CPU Gather ==
  Gathered 36.00 GB in 1883 ms (19.12 GB/s)
== Phase 4: CPU Prefix Fixup (32B prefix, ties detected) ==
  3153346 groups with ties (avg 95 records, scan 676 + stitch 141 ms)
  Groups stats: min=2 max=693 sum=299761123 (distribution: 1k=0 10k=0 100k=0 1m=0 10m=0)
  Fixup: 2050 ms [group-detect 817 + parallel 1217] (per-thread: pack 375.2 + sort 757.3 + reorder 71.9 ms, 84636 skipped)
  Total merge+gather+fixup: 4632 ms
[Correctness] Sample map verified against all 300005811 records — compact sort is FULL-KEY-EQUIVALENT.

Verifying...
  PASS sortedness: 300005811 records in non-decreasing order (906 ms)
  PASS multiset:   output is a permutation of input (hash=0x89c28ecae7c4b777, 2253 ms)

CSV,Quadro RTX 6000,36.00,300005811,2,2,2127.32,4632.47,6759.78,5.3257,9.60,1.20,10.80,0.3

══════════ Experiment run 3/6 ══════════
[ExternalSort] GPU: 25.13 GB free, budget: 16.34 GB
[ExternalSort] Triple-buffer: 3 × 5.45 GB (45 M records each)
[ExternalSort] Sorting 300005811 records (36.00 GB)

[CompactDetect] 61/66 key bytes vary (stratified random sample 1000K of 300M records, 0 ms)
[CompactDetect] Varying byte positions: 0 1 5 7 8 10 11 12 13 14 15 16 17 18 19 20 21 22 23 24 25 26 27 28 29 30 31 32 33 34 35 36 ...
[CompactDetect] Compactness: 61/66 = 92% varying. Decision: compact UPLOAD still wins, but compact PREFIX may have ties (CPU fixup)
== Step 1+2: Key Upload ==
  Keys too large for single-pass (19.8 GB > 22.6 GB)
  Using OVC ARCHITECTURE: run-gen + GPU OVC merge + CPU gather
  OVC buffers: 6.0 GB (4B OVC + 8B prefix + 4B perm per record)
  32B OVC extension: ENABLED (pfx3+pfx4 allocated, 4.8 GB extra)
  COMPACT UPLOAD: 170M rec/chunk, 2 chunks, PCIe 9.6 GB (vs 36.0 GB full), CUB scratch 145 MB

== Phase 1: Run Generation (chunked LSD sort) ==
  Run 1/2: 19473.5 MB (compact upload 5192.9 MB)      Run 2/2: 14859.4 MB (compact upload 3962.5 MB)    
  2 runs in 2104 ms (17.11 GB/s)

== Phase 2: GPU 32B Prefix Merge (4 CUB LSD passes) ==
  GPU free before merge alloc: 14.30 GB
  GPU free after merge alloc: 9.39 GB
  Pass 1 (sort by pfx4 + gather): 176 ms
  Pass 2 (sort by pfx3 + gather): 158 ms
  Pass 3 (sort by pfx2 + gather): 157 ms
  GPU 32B tie check: TIES FOUND — CPU fixup needed
  Pass 4 (sort by pfx1): 116 ms
  GPU 32B prefix merge total: 606 ms
  Downloaded perm in 94 ms
== Phase 3: CPU Gather ==
  Gathered 36.00 GB in 1795 ms (20.06 GB/s)
== Phase 4: CPU Prefix Fixup (32B prefix, ties detected) ==
  3153346 groups with ties (avg 95 records, scan 688 + stitch 171 ms)
  Groups stats: min=2 max=693 sum=299761123 (distribution: 1k=0 10k=0 100k=0 1m=0 10m=0)
  Fixup: 2153 ms [group-detect 859 + parallel 1278] (per-thread: pack 344.5 + sort 838.5 + reorder 77.3 ms, 84636 skipped)
  Total merge+gather+fixup: 4648 ms
[Correctness] Sample map verified against all 300005811 records — compact sort is FULL-KEY-EQUIVALENT.

Verifying...
  PASS sortedness: 300005811 records in non-decreasing order (653 ms)
  PASS multiset:   output is a permutation of input (hash=0x89c28ecae7c4b777, 2103 ms)

CSV,Quadro RTX 6000,36.00,300005811,2,2,2103.89,4647.66,6751.54,5.3322,9.60,1.20,10.80,0.3

══════════ Experiment run 4/6 ══════════
[ExternalSort] GPU: 25.13 GB free, budget: 16.33 GB
[ExternalSort] Triple-buffer: 3 × 5.44 GB (45 M records each)
[ExternalSort] Sorting 300005811 records (36.00 GB)

[CompactDetect] 61/66 key bytes vary (stratified random sample 1000K of 300M records, 0 ms)
[CompactDetect] Varying byte positions: 0 1 5 7 8 10 11 12 13 14 15 16 17 18 19 20 21 22 23 24 25 26 27 28 29 30 31 32 33 34 35 36 ...
[CompactDetect] Compactness: 61/66 = 92% varying. Decision: compact UPLOAD still wins, but compact PREFIX may have ties (CPU fixup)
== Step 1+2: Key Upload ==
  Keys too large for single-pass (19.8 GB > 22.6 GB)
  Using OVC ARCHITECTURE: run-gen + GPU OVC merge + CPU gather
  OVC buffers: 6.0 GB (4B OVC + 8B prefix + 4B perm per record)
  32B OVC extension: ENABLED (pfx3+pfx4 allocated, 4.8 GB extra)
  COMPACT UPLOAD: 170M rec/chunk, 2 chunks, PCIe 9.6 GB (vs 36.0 GB full), CUB scratch 145 MB

== Phase 1: Run Generation (chunked LSD sort) ==
  Run 1/2: 19468.6 MB (compact upload 5191.6 MB)      Run 2/2: 14864.3 MB (compact upload 3963.8 MB)    
  2 runs in 2114 ms (17.03 GB/s)

== Phase 2: GPU 32B Prefix Merge (4 CUB LSD passes) ==
  GPU free before merge alloc: 14.29 GB
  GPU free after merge alloc: 9.39 GB
  Pass 1 (sort by pfx4 + gather): 176 ms
  Pass 2 (sort by pfx3 + gather): 158 ms
  Pass 3 (sort by pfx2 + gather): 157 ms
  GPU 32B tie check: TIES FOUND — CPU fixup needed
  Pass 4 (sort by pfx1): 116 ms
  GPU 32B prefix merge total: 607 ms
  Downloaded perm in 93 ms
== Phase 3: CPU Gather ==
  Gathered 36.00 GB in 1800 ms (20.00 GB/s)
== Phase 4: CPU Prefix Fixup (32B prefix, ties detected) ==
  3153346 groups with ties (avg 95 records, scan 588 + stitch 99 ms)
  Groups stats: min=2 max=693 sum=299761123 (distribution: 1k=0 10k=0 100k=0 1m=0 10m=0)
  Fixup: 1901 ms [group-detect 687 + parallel 1203] (per-thread: pack 338.3 + sort 766.7 + reorder 77.1 ms, 84636 skipped)
  Total merge+gather+fixup: 4401 ms
[Correctness] Sample map verified against all 300005811 records — compact sort is FULL-KEY-EQUIVALENT.

Verifying...
  PASS sortedness: 300005811 records in non-decreasing order (605 ms)
  PASS multiset:   output is a permutation of input (hash=0x89c28ecae7c4b777, 2098 ms)

CSV,Quadro RTX 6000,36.00,300005811,2,2,2113.97,4400.65,6514.63,5.5261,9.60,1.20,10.80,0.3

══════════ Experiment run 5/6 ══════════
[ExternalSort] GPU: 25.12 GB free, budget: 16.33 GB
[ExternalSort] Triple-buffer: 3 × 5.44 GB (45 M records each)
[ExternalSort] Sorting 300005811 records (36.00 GB)

[CompactDetect] 61/66 key bytes vary (stratified random sample 1000K of 300M records, 0 ms)
[CompactDetect] Varying byte positions: 0 1 5 7 8 10 11 12 13 14 15 16 17 18 19 20 21 22 23 24 25 26 27 28 29 30 31 32 33 34 35 36 ...
[CompactDetect] Compactness: 61/66 = 92% varying. Decision: compact UPLOAD still wins, but compact PREFIX may have ties (CPU fixup)
== Step 1+2: Key Upload ==
  Keys too large for single-pass (19.8 GB > 22.6 GB)
  Using OVC ARCHITECTURE: run-gen + GPU OVC merge + CPU gather
  OVC buffers: 6.0 GB (4B OVC + 8B prefix + 4B perm per record)
  32B OVC extension: ENABLED (pfx3+pfx4 allocated, 4.8 GB extra)
  COMPACT UPLOAD: 170M rec/chunk, 2 chunks, PCIe 9.6 GB (vs 36.0 GB full), CUB scratch 145 MB

== Phase 1: Run Generation (chunked LSD sort) ==
  Run 1/2: 19465.4 MB (compact upload 5190.8 MB)      Run 2/2: 14867.6 MB (compact upload 3964.7 MB)    
  2 runs in 2128 ms (16.92 GB/s)

== Phase 2: GPU 32B Prefix Merge (4 CUB LSD passes) ==
  GPU free before merge alloc: 14.29 GB
  GPU free after merge alloc: 9.39 GB
  Pass 1 (sort by pfx4 + gather): 176 ms
  Pass 2 (sort by pfx3 + gather): 158 ms
  Pass 3 (sort by pfx2 + gather): 157 ms
  GPU 32B tie check: TIES FOUND — CPU fixup needed
  Pass 4 (sort by pfx1): 116 ms
  GPU 32B prefix merge total: 606 ms
  Downloaded perm in 93 ms
== Phase 3: CPU Gather ==
  Gathered 36.00 GB in 1798 ms (20.02 GB/s)
== Phase 4: CPU Prefix Fixup (32B prefix, ties detected) ==
  3153346 groups with ties (avg 95 records, scan 593 + stitch 86 ms)
  Groups stats: min=2 max=693 sum=299761123 (distribution: 1k=0 10k=0 100k=0 1m=0 10m=0)
  Fixup: 1900 ms [group-detect 679 + parallel 1209] (per-thread: pack 337.3 + sort 776.6 + reorder 74.9 ms, 84636 skipped)
  Total merge+gather+fixup: 4398 ms
[Correctness] Sample map verified against all 300005811 records — compact sort is FULL-KEY-EQUIVALENT.

Verifying...
  PASS sortedness: 300005811 records in non-decreasing order (607 ms)
  PASS multiset:   output is a permutation of input (hash=0x89c28ecae7c4b777, 2065 ms)

CSV,Quadro RTX 6000,36.00,300005811,2,2,2128.11,4397.90,6526.01,5.5165,9.60,1.20,10.80,0.3

══════════ Experiment run 6/6 ══════════
[ExternalSort] GPU: 25.12 GB free, budget: 16.33 GB
[ExternalSort] Triple-buffer: 3 × 5.44 GB (45 M records each)
[ExternalSort] Sorting 300005811 records (36.00 GB)

[CompactDetect] 61/66 key bytes vary (stratified random sample 1000K of 300M records, 0 ms)
[CompactDetect] Varying byte positions: 0 1 5 7 8 10 11 12 13 14 15 16 17 18 19 20 21 22 23 24 25 26 27 28 29 30 31 32 33 34 35 36 ...
[CompactDetect] Compactness: 61/66 = 92% varying. Decision: compact UPLOAD still wins, but compact PREFIX may have ties (CPU fixup)
== Step 1+2: Key Upload ==
  Keys too large for single-pass (19.8 GB > 22.6 GB)
  Using OVC ARCHITECTURE: run-gen + GPU OVC merge + CPU gather
  OVC buffers: 6.0 GB (4B OVC + 8B prefix + 4B perm per record)
  32B OVC extension: ENABLED (pfx3+pfx4 allocated, 4.8 GB extra)
  COMPACT UPLOAD: 170M rec/chunk, 2 chunks, PCIe 9.6 GB (vs 36.0 GB full), CUB scratch 145 MB

== Phase 1: Run Generation (chunked LSD sort) ==
  Run 1/2: 19462.1 MB (compact upload 5189.9 MB)      Run 2/2: 14870.8 MB (compact upload 3965.6 MB)    
  2 runs in 2143 ms (16.80 GB/s)

== Phase 2: GPU 32B Prefix Merge (4 CUB LSD passes) ==
  GPU free before merge alloc: 14.29 GB
  GPU free after merge alloc: 9.39 GB
  Pass 1 (sort by pfx4 + gather): 175 ms
  Pass 2 (sort by pfx3 + gather): 158 ms
  Pass 3 (sort by pfx2 + gather): 157 ms
  GPU 32B tie check: TIES FOUND — CPU fixup needed
  Pass 4 (sort by pfx1): 116 ms
  GPU 32B prefix merge total: 606 ms
  Downloaded perm in 93 ms
== Phase 3: CPU Gather ==
  Gathered 36.00 GB in 1814 ms (19.84 GB/s)
== Phase 4: CPU Prefix Fixup (32B prefix, ties detected) ==
  3153346 groups with ties (avg 95 records, scan 615 + stitch 87 ms)
  Groups stats: min=2 max=693 sum=299761123 (distribution: 1k=0 10k=0 100k=0 1m=0 10m=0)
  Fixup: 1906 ms [group-detect 702 + parallel 1193] (per-thread: pack 334.3 + sort 767.7 + reorder 73.1 ms, 84636 skipped)
  Total merge+gather+fixup: 4420 ms
[Correctness] Sample map verified against all 300005811 records — compact sort is FULL-KEY-EQUIVALENT.

Verifying...
  PASS sortedness: 300005811 records in non-decreasing order (601 ms)
  PASS multiset:   output is a permutation of input (hash=0x89c28ecae7c4b777, 2099 ms)

CSV,Quadro RTX 6000,36.00,300005811,2,2,2142.57,4419.58,6562.15,5.4861,9.60,1.20,10.80,0.3
