=========================================
Master overnight start: Wed May  6 17:02:37 UTC 2026
=========================================
=== Phase 1: n=20 SF1500 ===
[17:09:45] p1_sf1500_run1: 327.913114037s — PASS
[17:16:05] p1_sf1500_run2: 328.529741899s — PASS
[17:22:22] p1_sf1500_run3: 326.810404654s — PASS
[17:28:41] p1_sf1500_run4: 330.063979107s — PASS
[17:35:01] p1_sf1500_run5: 329.784745917s — PASS
 create mode 100644 results/h100_runs/master_overnight/p1_sf1500_run4.log
 create mode 100644 results/h100_runs/master_overnight/p1_sf1500_run5.log
[17:41:19] p1_sf1500_run6: 328.585547815s — PASS
[17:47:38] p1_sf1500_run7: 329.164799974s — PASS
[17:53:51] p1_sf1500_run8: 323.600828178s — PASS
[18:00:07] p1_sf1500_run9: 325.923480664s — PASS
[18:06:20] p1_sf1500_run10: 323.224570500s — PASS
 create mode 100644 results/h100_runs/master_overnight/p1_sf1500_run8.log
 create mode 100644 results/h100_runs/master_overnight/p1_sf1500_run9.log
[18:12:36] p1_sf1500_run11: 326.829818632s — PASS
[18:18:53] p1_sf1500_run12: 326.695215556s — PASS
[18:25:10] p1_sf1500_run13: 328.168305049s — PASS
[18:31:25] p1_sf1500_run14: 325.357938251s — PASS
[18:37:40] p1_sf1500_run15: 325.287982249s — PASS
 create mode 100644 results/h100_runs/master_overnight/p1_sf1500_run14.log
 create mode 100644 results/h100_runs/master_overnight/p1_sf1500_run15.log
[18:43:59] p1_sf1500_run16: 326.774323652s — PASS
[18:50:12] p1_sf1500_run17: 322.740849771s — PASS
[18:56:28] p1_sf1500_run18: 325.643934966s — PASS
[19:02:42] p1_sf1500_run19: 324.971880303s — PASS
[19:09:02] p1_sf1500_run20: 330.683306219s — PASS
 create mode 100644 results/h100_runs/master_overnight/p1_sf1500_run20.log
 create mode 100644 results/h100_runs/master_overnight/phase5.log
[h100/discoveries-2026-05-02 076883b] h100/master-overnight: p1_sf1500_n20_done — n=20 SF1500 LOCK
 1 file changed, 2 insertions(+)
=== Phase 2: cross-scale n=5 ===
[19:10:07] p2_sf100_run1: 29.828815292s — PASS
[19:10:45] p2_sf100_run2: 30.028967901s — PASS
[19:11:23] p2_sf100_run3: 29.938204772s — PASS
[19:12:01] p2_sf100_run4: 29.906506823s — PASS
[19:12:41] p2_sf100_run5: 31.215105505s — PASS
