[04:55:51] ╔════════════════════════════════════════════╗
[04:55:51] ║  Section 1: TPC-H Scaling (existing data)  ║
[04:55:51] ╚════════════════════════════════════════════╝
[04:55:51] === SORT: tpch_sf10 (3 warm runs) ===
[04:56:40]   Done: tpch_sf10
[04:56:40] === SORT: tpch_sf50 (3 warm runs) ===
[05:00:33]   Done: tpch_sf50
[05:00:33] === SORT: tpch_sf100 (3 warm runs) ===
[05:07:15]   Done: tpch_sf100
[05:07:15] ╔════════════════════════════════════════════╗
[05:07:15] ║  Section 2: NYC Yellow Taxi 2023           ║
[05:07:15] ╚════════════════════════════════════════════╝
[05:07:15] Generating NYC Taxi 1-month dataset...
[05:07:50] === SORT: taxi_1mo (3 warm runs) ===
[05:08:20]   Done: taxi_1mo
[05:08:20] === SORT (compact OFF): taxi_1mo (3 warm runs) ===
[05:08:50]   Done: taxi_1mo (compact OFF)
[05:08:50] Generating NYC Taxi 6-month dataset...
[17:46:50] ╔════════════════════════════════════════════╗
[17:46:50] ║  Section 2b: NYC Taxi 6 months (resume)    ║
[17:46:50] ╚════════════════════════════════════════════╝
[17:46:50] === SORT: taxi_6mo (3 warm runs) ===
[17:47:51]   Done: taxi_6mo
[17:47:51] === SORT (compact OFF): taxi_6mo (3 warm runs) ===
[17:48:52]   Done: taxi_6mo (compact OFF)
[17:48:52] Running fixup thread scaling on taxi_6mo...
[17:48:52]   FIXUP_THREADS=1
[17:49:54]   FIXUP_THREADS=4
[17:54:39] ╔════════════════════════════════════════════╗
[17:54:39] ║  Section 2b: NYC Taxi 6 months (resume)    ║
[17:54:39] ╚════════════════════════════════════════════╝
[17:54:40] === SORT: taxi_6mo (3 warm runs) ===
[17:56:31]   Done: taxi_6mo
[17:56:31] === SORT (compact OFF): taxi_6mo (3 warm runs) ===
[17:58:22]   Done: taxi_6mo (compact OFF)
[17:58:22] Running fixup thread scaling on taxi_6mo...
[17:58:22]   FIXUP_THREADS=1
[18:00:13]   FIXUP_THREADS=4
[18:02:06]   FIXUP_THREADS=8
[18:03:58]   FIXUP_THREADS=24
[18:05:50] Generating NYC Taxi 12-month dataset...
[18:13:49] === SORT: taxi_12mo (3 warm runs) ===
[18:14:28]   Done: taxi_12mo
[18:14:28] ╔════════════════════════════════════════════╗
[18:14:28] ║  Section 3: Uniform Random 66B Keys        ║
[18:14:28] ╚════════════════════════════════════════════╝
[18:14:28] Generating 60M random records...
[18:14:42] === SORT: random_60M (3 warm runs) ===
[18:15:30]   Done: random_60M
[18:15:30] === SORT (compact OFF): random_60M (3 warm runs) ===
[18:16:18]   Done: random_60M (compact OFF)
[18:16:18] Generating 300M random records...
[18:17:29] === SORT: random_300M (3 warm runs) ===
[18:19:14]   Done: random_300M
[18:19:14] === SORT (compact OFF): random_300M (3 warm runs) ===
[18:21:50]   Done: random_300M (compact OFF)
[18:21:52] ╔════════════════════════════════════════════╗
[18:21:52] ║  Section 4: Adversarial Variants           ║
[18:21:52] ╚════════════════════════════════════════════╝
[18:21:52] === SORT (compact OFF): tpch_sf50 (3 warm runs) ===
[18:25:41]   Done: tpch_sf50 (compact OFF)
[18:25:41] === SORT: tpch_sf50_zero16 (3 warm runs) ===
[18:27:47]   Done: tpch_sf50_zero16
[18:27:47] === SORT: tpch_sf50_zero32 (3 warm runs) ===
[18:30:21]   Done: tpch_sf50_zero32
[18:30:21] ╔════════════════════════════════════════════╗
[18:30:21] ║  ALL EXPERIMENTS COMPLETE                   ║
[18:30:21] ╚════════════════════════════════════════════╝
[18:30:21] Generating summary...

=== TIMING SUMMARY ===
--- random_300M_compact_off ---
CSV,Quadro RTX 6000,36.00,300000000,9,2,3430.03,3480.95,6910.98,5.2091,36.00,1.20,37.20,1.0
CSV,Quadro RTX 6000,36.00,300000000,9,2,3187.87,3456.78,6644.65,5.4179,36.00,1.20,37.20,1.0
CSV,Quadro RTX 6000,36.00,300000000,9,2,3186.39,3443.65,6630.04,5.4298,36.00,1.20,37.20,1.0
--- random_60M ---
CSV,Quadro RTX 6000,7.20,60000000,1,1,1326.78,430.12,1756.90,4.0981,3.96,0.24,4.20,0.6
CSV,Quadro RTX 6000,7.20,60000000,1,1,1327.08,437.40,1764.48,4.0805,3.96,0.24,4.20,0.6
CSV,Quadro RTX 6000,7.20,60000000,1,1,1362.13,440.62,1802.75,3.9939,3.96,0.24,4.20,0.6
--- random_60M_compact_off ---
CSV,Quadro RTX 6000,7.20,60000000,1,1,1323.41,413.69,1737.10,4.1448,3.96,0.24,4.20,0.6
CSV,Quadro RTX 6000,7.20,60000000,1,1,1335.32,442.08,1777.40,4.0509,3.96,0.24,4.20,0.6
CSV,Quadro RTX 6000,7.20,60000000,1,1,1367.91,458.72,1826.64,3.9417,3.96,0.24,4.20,0.6
--- taxi_12mo ---
CSV,Quadro RTX 6000,4.60,38310226,1,0,1718.67,0.00,1718.67,2.6749,4.60,4.60,9.19,2.0
CSV,Quadro RTX 6000,4.60,38310226,1,0,1393.39,0.00,1393.39,3.2993,4.60,4.60,9.19,2.0
CSV,Quadro RTX 6000,4.60,38310226,1,0,1379.44,0.00,1379.44,3.3327,4.60,4.60,9.19,2.0
--- taxi_1mo ---
CSV,Quadro RTX 6000,0.37,3066766,1,0,156.90,0.00,156.90,2.3455,0.37,0.37,0.74,2.0
CSV,Quadro RTX 6000,0.37,3066766,1,0,135.93,0.00,135.93,2.7073,0.37,0.37,0.74,2.0
CSV,Quadro RTX 6000,0.37,3066766,1,0,129.80,0.00,129.80,2.8351,0.37,0.37,0.74,2.0
--- taxi_1mo_compact_off ---
CSV,Quadro RTX 6000,0.37,3066766,1,0,149.23,0.00,149.23,2.4661,0.37,0.37,0.74,2.0
CSV,Quadro RTX 6000,0.37,3066766,1,0,132.85,0.00,132.85,2.7702,0.37,0.37,0.74,2.0
CSV,Quadro RTX 6000,0.37,3066766,1,0,120.85,0.00,120.85,3.0451,0.37,0.37,0.74,2.0
--- taxi_6mo ---
CSV,Quadro RTX 6000,2.34,19493620,1,0,17369.95,0.00,17369.95,0.1347,0.00,0.00,0.00,0.0
CSV,Quadro RTX 6000,2.34,19493620,1,0,17262.30,0.00,17262.30,0.1355,0.00,0.00,0.00,0.0
CSV,Quadro RTX 6000,2.34,19493620,1,0,17406.99,0.00,17406.99,0.1344,0.00,0.00,0.00,0.0
--- taxi_6mo_compact_off ---
CSV,Quadro RTX 6000,2.34,19493620,1,0,17403.79,0.00,17403.79,0.1344,0.00,0.00,0.00,0.0
CSV,Quadro RTX 6000,2.34,19493620,1,0,17739.35,0.00,17739.35,0.1319,0.00,0.00,0.00,0.0
CSV,Quadro RTX 6000,2.34,19493620,1,0,17715.71,0.00,17715.71,0.1320,0.00,0.00,0.00,0.0
--- taxi_6mo_threads_1 ---
CSV,Quadro RTX 6000,2.34,19493620,1,0,17296.45,0.00,17296.45,0.1352,0.00,0.00,0.00,0.0
CSV,Quadro RTX 6000,2.34,19493620,1,0,17478.77,0.00,17478.77,0.1338,0.00,0.00,0.00,0.0
CSV,Quadro RTX 6000,2.34,19493620,1,0,17279.25,0.00,17279.25,0.1354,0.00,0.00,0.00,0.0
--- taxi_6mo_threads_24 ---
CSV,Quadro RTX 6000,2.34,19493620,1,0,17708.36,0.00,17708.36,0.1321,0.00,0.00,0.00,0.0
CSV,Quadro RTX 6000,2.34,19493620,1,0,17358.28,0.00,17358.28,0.1348,0.00,0.00,0.00,0.0
CSV,Quadro RTX 6000,2.34,19493620,1,0,17514.42,0.00,17514.42,0.1336,0.00,0.00,0.00,0.0
--- taxi_6mo_threads_4 ---
CSV,Quadro RTX 6000,2.34,19493620,1,0,17698.36,0.00,17698.36,0.1322,0.00,0.00,0.00,0.0
CSV,Quadro RTX 6000,2.34,19493620,1,0,17672.87,0.00,17672.87,0.1324,0.00,0.00,0.00,0.0
CSV,Quadro RTX 6000,2.34,19493620,1,0,17719.55,0.00,17719.55,0.1320,0.00,0.00,0.00,0.0
--- taxi_6mo_threads_8 ---
CSV,Quadro RTX 6000,2.34,19493620,1,0,17726.04,0.00,17726.04,0.1320,0.00,0.00,0.00,0.0
CSV,Quadro RTX 6000,2.34,19493620,1,0,17794.11,0.00,17794.11,0.1315,0.00,0.00,0.00,0.0
CSV,Quadro RTX 6000,2.34,19493620,1,0,17703.26,0.00,17703.26,0.1321,0.00,0.00,0.00,0.0
--- tpch_sf10 ---
CSV,Quadro RTX 6000,7.20,59986052,1,1,1316.05,438.51,1754.55,4.1027,3.96,0.24,4.20,0.6
CSV,Quadro RTX 6000,7.20,59986052,1,1,1313.26,439.91,1753.17,4.1059,3.96,0.24,4.20,0.6
CSV,Quadro RTX 6000,7.20,59986052,1,1,1342.16,429.82,1771.97,4.0623,3.96,0.24,4.20,0.6
--- tpch_sf100 ---
CSV,Quadro RTX 6000,72.00,600037902,4,2,3707.31,4468.01,8175.32,8.8076,19.20,2.40,21.60,0.3
CSV,Quadro RTX 6000,72.00,600037902,4,2,3736.75,4231.22,7967.97,9.0367,19.20,2.40,21.60,0.3
CSV,Quadro RTX 6000,72.00,600037902,4,2,3750.51,4271.02,8021.53,8.9764,19.20,2.40,21.60,0.3
--- tpch_sf50 ---
CSV,Quadro RTX 6000,36.00,300005811,2,2,2204.69,4777.93,6982.62,5.1558,9.60,1.20,10.80,0.3
CSV,Quadro RTX 6000,36.00,300005811,2,2,2200.63,5559.74,7760.36,4.6390,9.60,1.20,10.80,0.3
CSV,Quadro RTX 6000,36.00,300005811,2,2,2211.03,4942.25,7153.28,5.0328,9.60,1.20,10.80,0.3
--- tpch_sf50_compact_off ---
CSV,Quadro RTX 6000,36.00,300005811,9,2,3436.19,4445.07,7881.27,4.5679,36.00,1.20,37.20,1.0
CSV,Quadro RTX 6000,36.00,300005811,9,2,3193.36,4487.28,7680.64,4.6872,36.00,1.20,37.20,1.0
CSV,Quadro RTX 6000,36.00,300005811,9,2,3182.96,4367.34,7550.30,4.7681,36.00,1.20,37.20,1.0
--- tpch_sf50_zero16 ---
CSV,Quadro RTX 6000,36.00,300005811,2,2,2172.91,5238.38,7411.29,4.8575,9.60,1.20,10.80,0.3
CSV,Quadro RTX 6000,36.00,300005811,2,2,2164.28,5261.27,7425.55,4.8482,9.60,1.20,10.80,0.3
CSV,Quadro RTX 6000,36.00,300005811,2,2,2145.99,5304.97,7450.96,4.8317,9.60,1.20,10.80,0.3
--- tpch_sf50_zero32 ---
CSV,Quadro RTX 6000,36.00,300005811,2,2,2253.87,6136.83,8390.71,4.2905,9.60,1.20,10.80,0.3
CSV,Quadro RTX 6000,36.00,300005811,2,2,2222.28,5917.96,8140.23,4.4226,9.60,1.20,10.80,0.3
CSV,Quadro RTX 6000,36.00,300005811,2,2,2270.33,4739.46,7009.79,5.1358,9.60,1.20,10.80,0.3
[18:30:22] Done.
