[00:20:01] ╔════════════════════════════════════════════╗
[00:20:01] ║  NYC Taxi 2019-2023 (5 years)              ║
[00:20:01] ╚════════════════════════════════════════════╝
[00:20:01] Generating NYC Taxi 2019-2023 dataset...
[01:41:43] === SORT: taxi_2019_2023 (3 warm runs) ===
[01:43:48]   Done: taxi_2019_2023
[01:43:48] === SORT (compact OFF): taxi_2019_2023 (3 warm runs) ===
[01:45:24]   Done: taxi_2019_2023 (compact OFF)
[01:45:27] ╔════════════════════════════════════════════╗
[01:45:27] ║  Random 600M (72 GB, SF100 scale)          ║
[01:45:27] ╚════════════════════════════════════════════╝
[01:45:27] Generating 600M random records...
[01:47:53] === SORT: random_600M (3 warm runs) ===
[01:49:42]   Done: random_600M
[01:49:48] ╔════════════════════════════════════════════╗
[01:49:48] ║  SCALE EXPERIMENTS COMPLETE                 ║
[01:49:48] ╚════════════════════════════════════════════╝
[01:49:48] Generating summary...

=== TIMING SUMMARY ===
--- taxi_2019_2023 ---
CSV,Quadro RTX 6000,26.17,218118168,1,1,3804.37,1410.50,5214.87,5.0191,14.40,0.87,15.27,0.6
CSV,Quadro RTX 6000,26.17,218118168,1,1,3857.64,1317.56,5175.20,5.0576,14.40,0.87,15.27,0.6
CSV,Quadro RTX 6000,26.17,218118168,1,1,3981.65,1330.45,5312.10,4.9273,14.40,0.87,15.27,0.6
--- taxi_2019_2023_compact_off ---
CSV,Quadro RTX 6000,26.17,218118168,1,1,3818.07,1390.88,5208.94,5.0249,14.40,0.87,15.27,0.6
CSV,Quadro RTX 6000,26.17,218118168,1,1,3809.51,1438.31,5247.81,4.9876,14.40,0.87,15.27,0.6
CSV,Quadro RTX 6000,26.17,218118168,1,1,3924.70,1349.94,5274.63,4.9623,14.40,0.87,15.27,0.6
[01:49:48] Done.
--- random_400M ---
CSV,Quadro RTX 6000,48.00,400000000,10,2,4442.62,3394.93,7837.54,6.1244,48.00,1.60,49.60,1.0
CSV,Quadro RTX 6000,48.00,400000000,10,2,4170.55,3354.33,7524.88,6.3788,48.00,1.60,49.60,1.0
CSV,Quadro RTX 6000,48.00,400000000,10,2,4186.04,3300.60,7486.64,6.4114,48.00,1.60,49.60,1.0
