════════════════════════════════════════════════════
  GPU External Merge Sort — Streaming Benchmark
════════════════════════════════════════════════════
GPU: Quadro RTX 6000 (25.4 GB HBM, 72 SMs, 672 GB/s BW)
Data: 36.00 GB (300005811 records × 120 bytes) (from file)

Allocating 36.00 GB pinned host memory...
Loading from /tmp/lineitem_sf50_normalized.bin...
  Loaded 36.00 GB in 13056 ms (2.76 GB/s)


══════════ Experiment run 1/3 ══════════
[ExternalSort] GPU: 25.15 GB free, budget: 16.35 GB
[ExternalSort] Triple-buffer: 3 × 5.45 GB (45 M records each)
[ExternalSort] Sorting 300005811 records (36.00 GB)

[CompactDetect] 61/66 key bytes vary (stratified random sample 1000K of 300M records, 38 ms)
[CompactDetect] Varying byte positions: 0 1 5 7 8 10 11 12 13 14 15 16 17 18 19 20 21 22 23 24 25 26 27 28 29 30 31 32 33 34 35 36 ...
[CompactDetect] Compactness: 61/66 = 92% varying. Decision: compact UPLOAD still wins, but compact PREFIX may have ties (CPU fixup)
== Step 1+2: Key Upload ==
  Keys too large for single-pass (19.8 GB > 22.6 GB)
  Using OVC ARCHITECTURE: run-gen + GPU OVC merge + CPU gather
  OVC buffers: 6.0 GB (4B OVC + 8B prefix + 4B perm per record)
  32B OVC extension: ENABLED (pfx3+pfx4 allocated, 4.8 GB extra)
  COMPACT UPLOAD: 170M rec/chunk, 2 chunks, PCIe 9.6 GB (vs 36.0 GB full), CUB scratch 145 MB

== Phase 1: Run Generation (chunked LSD sort) ==
  Run 1/2: 19484.9 MB (compact upload 5196.0 MB)      Run 2/2: 14848.1 MB (compact upload 3959.5 MB)    
  2 runs in 2222 ms (16.20 GB/s)

== Phase 2: GPU 32B Prefix Merge (4 CUB LSD passes) ==
  GPU free before merge alloc: 14.30 GB
  GPU free after merge alloc: 9.40 GB
  Pass 1 (sort by pfx4 + gather): 178 ms
  Pass 2 (sort by pfx3 + gather): 158 ms
  Pass 3 (sort by pfx2 + gather): 157 ms
  GPU 32B tie check: TIES FOUND — CPU fixup needed
  Pass 4 (sort by pfx1): 116 ms
  GPU 32B prefix merge total: 609 ms
  Downloaded perm in 94 ms
== Phase 3: CPU Gather ==
  Gathered 36.00 GB in 1942 ms (18.54 GB/s)
== Phase 4: CPU Prefix Fixup (32B prefix, ties detected) ==
  3153346 groups with ties (avg 95 records, scan 419 + stitch 173 ms)
  Groups stats: min=2 max=693 sum=299761123 (distribution: 1k=0 10k=0 100k=0 1m=0 10m=0)
  Fixup: 1693 ms [group-detect 592 + parallel 1086] (per-thread: pack 489.6 + sort 493.0 + reorder 83.2 ms, 84636 skipped)
  Total merge+gather+fixup: 4337 ms
[Correctness] Sample map verified against all 300005811 records — compact sort is FULL-KEY-EQUIVALENT.

Verifying...
  PASS sortedness: 300005811 records in non-decreasing order (523 ms)
  PASS multiset:   output is a permutation of input (hash=0x89c28ecae7c4b777, 2238 ms)

CSV,Quadro RTX 6000,36.00,300005811,2,2,2222.32,4337.23,6559.55,5.4883,9.60,1.20,10.80,0.3

══════════ Experiment run 2/3 ══════════
[ExternalSort] GPU: 25.14 GB free, budget: 16.34 GB
[ExternalSort] Triple-buffer: 3 × 5.45 GB (45 M records each)
[ExternalSort] Sorting 300005811 records (36.00 GB)

[CompactDetect] 61/66 key bytes vary (stratified random sample 1000K of 300M records, 0 ms)
[CompactDetect] Varying byte positions: 0 1 5 7 8 10 11 12 13 14 15 16 17 18 19 20 21 22 23 24 25 26 27 28 29 30 31 32 33 34 35 36 ...
[CompactDetect] Compactness: 61/66 = 92% varying. Decision: compact UPLOAD still wins, but compact PREFIX may have ties (CPU fixup)
== Step 1+2: Key Upload ==
  Keys too large for single-pass (19.8 GB > 22.6 GB)
  Using OVC ARCHITECTURE: run-gen + GPU OVC merge + CPU gather
  OVC buffers: 6.0 GB (4B OVC + 8B prefix + 4B perm per record)
  32B OVC extension: ENABLED (pfx3+pfx4 allocated, 4.8 GB extra)
  COMPACT UPLOAD: 170M rec/chunk, 2 chunks, PCIe 9.6 GB (vs 36.0 GB full), CUB scratch 145 MB

== Phase 1: Run Generation (chunked LSD sort) ==
  Run 1/2: 19476.7 MB (compact upload 5193.8 MB)      Run 2/2: 14856.2 MB (compact upload 3961.7 MB)    
  2 runs in 2225 ms (16.18 GB/s)

== Phase 2: GPU 32B Prefix Merge (4 CUB LSD passes) ==
  GPU free before merge alloc: 14.30 GB
  GPU free after merge alloc: 9.39 GB
  Pass 1 (sort by pfx4 + gather): 176 ms
  Pass 2 (sort by pfx3 + gather): 158 ms
  Pass 3 (sort by pfx2 + gather): 157 ms
  GPU 32B tie check: TIES FOUND — CPU fixup needed
  Pass 4 (sort by pfx1): 116 ms
  GPU 32B prefix merge total: 607 ms
  Downloaded perm in 94 ms
== Phase 3: CPU Gather ==
  Gathered 36.00 GB in 1913 ms (18.82 GB/s)
== Phase 4: CPU Prefix Fixup (32B prefix, ties detected) ==
  3153346 groups with ties (avg 95 records, scan 482 + stitch 120 ms)
  Groups stats: min=2 max=693 sum=299761123 (distribution: 1k=0 10k=0 100k=0 1m=0 10m=0)
  Fixup: 1706 ms [group-detect 601 + parallel 1094] (per-thread: pack 486.3 + sort 501.1 + reorder 82.9 ms, 84636 skipped)
  Total merge+gather+fixup: 4320 ms
[Correctness] Sample map verified against all 300005811 records — compact sort is FULL-KEY-EQUIVALENT.

Verifying...
  PASS sortedness: 300005811 records in non-decreasing order (541 ms)
  PASS multiset:   output is a permutation of input (hash=0x89c28ecae7c4b777, 2207 ms)

CSV,Quadro RTX 6000,36.00,300005811,2,2,2225.26,4319.59,6544.85,5.5006,9.60,1.20,10.80,0.3

══════════ Experiment run 3/3 ══════════
[ExternalSort] GPU: 25.13 GB free, budget: 16.34 GB
[ExternalSort] Triple-buffer: 3 × 5.45 GB (45 M records each)
[ExternalSort] Sorting 300005811 records (36.00 GB)

[CompactDetect] 61/66 key bytes vary (stratified random sample 1000K of 300M records, 0 ms)
[CompactDetect] Varying byte positions: 0 1 5 7 8 10 11 12 13 14 15 16 17 18 19 20 21 22 23 24 25 26 27 28 29 30 31 32 33 34 35 36 ...
[CompactDetect] Compactness: 61/66 = 92% varying. Decision: compact UPLOAD still wins, but compact PREFIX may have ties (CPU fixup)
== Step 1+2: Key Upload ==
  Keys too large for single-pass (19.8 GB > 22.6 GB)
  Using OVC ARCHITECTURE: run-gen + GPU OVC merge + CPU gather
  OVC buffers: 6.0 GB (4B OVC + 8B prefix + 4B perm per record)
  32B OVC extension: ENABLED (pfx3+pfx4 allocated, 4.8 GB extra)
  COMPACT UPLOAD: 170M rec/chunk, 2 chunks, PCIe 9.6 GB (vs 36.0 GB full), CUB scratch 145 MB

== Phase 1: Run Generation (chunked LSD sort) ==
  Run 1/2: 19473.5 MB (compact upload 5192.9 MB)      Run 2/2: 14859.4 MB (compact upload 3962.5 MB)    
  2 runs in 2236 ms (16.10 GB/s)

== Phase 2: GPU 32B Prefix Merge (4 CUB LSD passes) ==
  GPU free before merge alloc: 14.30 GB
  GPU free after merge alloc: 9.39 GB
  Pass 1 (sort by pfx4 + gather): 176 ms
  Pass 2 (sort by pfx3 + gather): 158 ms
  Pass 3 (sort by pfx2 + gather): 157 ms
  GPU 32B tie check: TIES FOUND — CPU fixup needed
  Pass 4 (sort by pfx1): 116 ms
  GPU 32B prefix merge total: 606 ms
  Downloaded perm in 94 ms
== Phase 3: CPU Gather ==
  Gathered 36.00 GB in 1918 ms (18.77 GB/s)
== Phase 4: CPU Prefix Fixup (32B prefix, ties detected) ==
  3153346 groups with ties (avg 95 records, scan 388 + stitch 140 ms)
  Groups stats: min=2 max=693 sum=299761123 (distribution: 1k=0 10k=0 100k=0 1m=0 10m=0)
  Fixup: 1632 ms [group-detect 528 + parallel 1089] (per-thread: pack 488.9 + sort 493.0 + reorder 83.7 ms, 84636 skipped)
  Total merge+gather+fixup: 4250 ms
[Correctness] Sample map verified against all 300005811 records — compact sort is FULL-KEY-EQUIVALENT.

Verifying...
  PASS sortedness: 300005811 records in non-decreasing order (532 ms)
  PASS multiset:   output is a permutation of input (hash=0x89c28ecae7c4b777, 2228 ms)

CSV,Quadro RTX 6000,36.00,300005811,2,2,2236.49,4249.55,6486.04,5.5505,9.60,1.20,10.80,0.3
