[slice] file has 571009668 records (68.52 GB); sorting [0, 571009668) = 571009668 records (68.52 GB)
════════════════════════════════════════════════════
  GPU External Merge Sort — Streaming Benchmark
════════════════════════════════════════════════════
GPU: NVIDIA H100 (99.9 GB HBM, 132 SMs, 2447 GB/s BW)
Data: 68.52 GB (571009668 records × 120 bytes) (from file)

Allocating 68.52 GB pinned host memory...
  Using mmap + huge pages + cudaHostRegister
Loading from /mnt/data/19.16.1_sf1500/part.bucket_5.bin...
  Loaded 68.52 GB in 42299 ms (1.62 GB/s)

[ExternalSort] GPU: 99.18 GB free, budget: 64.46 GB
[ExternalSort] Triple-buffer: 3 × 21.49 GB (179 M records each)
[ExternalSort] Sorting 571009668 records (68.52 GB)

== Step 1+2: Key Upload ==
  Runtime compact map: 26/66 bytes vary, 32B compact key (4 LSD passes)
  Output buffer mmap: lazy fault (input 69 GB + output 69 GB + 64 GB headroom > host RAM 1082 GB)
== Step 1+2: Key Upload ==
  (0.3.1) Compact key upload: 32 B/record (26 B varying) instead of 66 B → 18.3 GB H2D vs 37.7 GB; 4 LSD passes vs 9
  Pipelined extract+H2D: 817 ms (83.91 GB/s effective vs raw record traffic)
  Uploaded 18.27 GB keys (compact CPU-extract+H2D) in 2311 ms (29.65 GB/s effective)
== Step 3: GPU CUB Radix Sort ==
  LSD sort: 4 passes for 32-byte key (compact)
    Pass 1 (bytes 24-31): 68.7 ms
    Pass 2 (bytes 16-23): 94.4 ms
    Pass 3 (bytes 8-15): 79.6 ms
    Pass 4 (bytes 0-7): 90.9 ms
  Sorted 571009668 keys in 343 ms
== Step 4: Download Permutation ==
  Downloaded 2.28 GB perm in 46 ms
== Step 5: CPU Gather ==
  Gathered 68.52 GB in 3591 ms (19.08 GB/s)

[ExternalSort] ═══════════════════════════════════════
  DONE: 6292 ms (gen: 2700 + merge: 3591)
  Throughput: 10.89 GB/s
  Runs: 1 | Merge passes: 1
  PCIe: 18.3 GB H2D + 2.3 GB D2H = 20.6 GB total (0.3x amplification)
═══════════════════════════════════════════════════════

CSV,NVIDIA H100,68.52,571009668,1,1,2700.46,3591.34,6291.80,10.8906,18.27,2.28,20.56,0.3
Writing 68.52 GB sorted output to /mnt/data/19.16.1_sf1500/sorted_5.bin ...
  Wrote 68.52 GB in 65629 ms (1.04 GB/s)
