[slice] file has 1126796913 records (135.22 GB); sorting [0, 1126796913) = 1126796913 records (135.22 GB)
════════════════════════════════════════════════════
  GPU External Merge Sort — Streaming Benchmark
════════════════════════════════════════════════════
GPU: NVIDIA H100 (99.9 GB HBM, 132 SMs, 2447 GB/s BW)
Data: 135.22 GB (1126796913 records × 120 bytes) (from file)

Allocating 135.22 GB pinned host memory...
  Using mmap + huge pages + cudaHostRegister
Loading from /mnt/data/19.15_sf1500/part.bucket_4.bin...
  Loaded 135.22 GB in 51540 ms (2.62 GB/s)

[ExternalSort] GPU: 99.05 GB free, budget: 64.38 GB
[ExternalSort] Triple-buffer: 3 × 21.46 GB (179 M records each)
[ExternalSort] Sorting 1126796913 records (135.22 GB)

== Step 1+2: Key Upload ==
  Runtime compact map: 26/66 bytes vary, 32B compact key (4 LSD passes)
  Output buffer mmap: lazy fault (input 135 GB + output 135 GB + 64 GB headroom > host RAM 1082 GB)
== Step 1+2: Key Upload ==
  Keys too large for single-pass (74.4 GB > 89.1 GB)
  Using OVC ARCHITECTURE: run-gen + GPU OVC merge + CPU gather
  OVC buffers: 22.5 GB (4B OVC + 8B prefix + 4B perm per record)
  COMPACT UPLOAD: 671M rec/chunk, 2 chunks, PCIe 36.1 GB (vs 135.2 GB full), CUB scratch 134 MB

== Phase 1: Run Generation (chunked LSD sort) ==
  Run 1/2: 76746.2 MB (compact upload 20465.7 MB)      Run 2/2: 52205.5 MB (compact upload 13921.5 MB)    
  2 runs in 14683 ms (9.21 GB/s)

== Phase 2: GPU 16B Prefix Merge (2 CUB LSD passes) ==
  GPU free before merge alloc: 76.40 GB
  GPU free after merge alloc: 58.32 GB
  Pass 1 (sort by pfx2 + gather): 257 ms
  GPU 16B tie check: NO TIES — fixup skipped
  Pass 2 (sort by pfx1): 123 ms
  GPU 16B prefix merge total: 380 ms
  Downloaded perm in 81 ms
== Phase 3: CPU Gather ==
  Gathered 135.22 GB in 6678 ms (20.25 GB/s)
== Phase 4: CPU Fixup (skipped — no pfx1 ties) ==
  Total merge+gather+fixup: 7139 ms

CSV,NVIDIA H100,135.22,1126796913,2,2,14683.23,7139.39,21822.62,6.1961,36.06,4.51,40.56,0.3
Writing 135.22 GB sorted output to /mnt/data/19.15_sf1500/sorted_4.bin ...
  Wrote 135.22 GB in 102925 ms (1.31 GB/s)
