[slice] file has 570716848 records (68.49 GB); sorting [0, 570716848) = 570716848 records (68.49 GB)
════════════════════════════════════════════════════
  GPU External Merge Sort — Streaming Benchmark
════════════════════════════════════════════════════
GPU: NVIDIA H100 (99.9 GB HBM, 132 SMs, 2447 GB/s BW)
Data: 68.49 GB (570716848 records × 120 bytes) (from file)

Allocating 68.49 GB pinned host memory...
  Using mmap + huge pages + cudaHostRegister
Loading from /mnt/data/19.18_sf1500/part.bucket_6.bin...
  Loaded 68.49 GB in 43125 ms (1.59 GB/s)

[ExternalSort] GPU: 99.18 GB free, budget: 64.46 GB
[ExternalSort] Triple-buffer: 3 × 21.49 GB (179 M records each)
[ExternalSort] Sorting 570716848 records (68.49 GB)

== Step 1+2: Key Upload ==
  Runtime compact map: 26/66 bytes vary, 32B compact key (4 LSD passes)
  Output buffer mmap: lazy fault (input 68 GB + output 68 GB + 64 GB headroom > host RAM 1082 GB)
== Step 1+2: Key Upload ==
  (0.3.1) Compact key upload: 32 B/record (26 B varying) instead of 66 B → 18.3 GB H2D vs 37.7 GB; 4 LSD passes vs 9
  Pipelined extract+H2D: 568 ms (120.62 GB/s effective vs raw record traffic)
  Uploaded 18.26 GB keys (compact CPU-extract+H2D) in 2603 ms (26.31 GB/s effective)
== Step 3: GPU CUB Radix Sort ==
  LSD sort: 4 passes for 32-byte key (compact)
    Pass 1 (bytes 24-31): 68.8 ms
    Pass 2 (bytes 16-23): 94.3 ms
    Pass 3 (bytes 8-15): 79.2 ms
    Pass 4 (bytes 0-7): 90.8 ms
  Sorted 570716848 keys in 343 ms
== Step 4: Download Permutation ==
  Downloaded 2.28 GB perm in 46 ms
== Step 5: CPU Gather ==
  Gathered 68.49 GB in 3555 ms (19.27 GB/s)

[ExternalSort] ═══════════════════════════════════════
  DONE: 6546 ms (gen: 2991 + merge: 3555)
  Throughput: 10.46 GB/s
  Runs: 1 | Merge passes: 1
  PCIe: 18.3 GB H2D + 2.3 GB D2H = 20.5 GB total (0.3x amplification)
═══════════════════════════════════════════════════════

CSV,NVIDIA H100,68.49,570716848,1,1,2991.22,3554.62,6545.85,10.4625,18.26,2.28,20.55,0.3
