[slice] file has 552476095 records (66.30 GB); sorting [0, 552476095) = 552476095 records (66.30 GB)
════════════════════════════════════════════════════
  GPU External Merge Sort — Streaming Benchmark
════════════════════════════════════════════════════
GPU: NVIDIA H100 (99.9 GB HBM, 132 SMs, 2447 GB/s BW)
Data: 66.30 GB (552476095 records × 120 bytes) (from file)

Allocating 66.30 GB pinned host memory...
  Using mmap + huge pages + cudaHostRegister
Loading from /mnt/data/19.16.1_sf1500/part.bucket_0.bin...
  Loaded 66.30 GB in 41470 ms (1.60 GB/s)

[ExternalSort] GPU: 99.18 GB free, budget: 64.47 GB
[ExternalSort] Triple-buffer: 3 × 21.49 GB (179 M records each)
[ExternalSort] Sorting 552476095 records (66.30 GB)

== Step 1+2: Key Upload ==
  Runtime compact map: 26/66 bytes vary, 32B compact key (4 LSD passes)
  Output buffer mmap: lazy fault (input 66 GB + output 66 GB + 64 GB headroom > host RAM 1082 GB)
== Step 1+2: Key Upload ==
  (0.3.1) Compact key upload: 32 B/record (26 B varying) instead of 66 B → 17.7 GB H2D vs 36.5 GB; 4 LSD passes vs 9
  Pipelined extract+H2D: 563 ms (117.74 GB/s effective vs raw record traffic)
  Uploaded 17.68 GB keys (compact CPU-extract+H2D) in 1232 ms (53.83 GB/s effective)
== Step 3: GPU CUB Radix Sort ==
  LSD sort: 4 passes for 32-byte key (compact)
    Pass 1 (bytes 24-31): 66.8 ms
    Pass 2 (bytes 16-23): 91.3 ms
    Pass 3 (bytes 8-15): 77.0 ms
    Pass 4 (bytes 0-7): 88.4 ms
  Sorted 552476095 keys in 342 ms
== Step 4: Download Permutation ==
  Downloaded 2.21 GB perm in 85 ms
== Step 5: CPU Gather ==
  Gathered 66.30 GB in 3615 ms (18.34 GB/s)

[ExternalSort] ═══════════════════════════════════════
  DONE: 5274 ms (gen: 1659 + merge: 3615)
  Throughput: 12.57 GB/s
  Runs: 1 | Merge passes: 1
  PCIe: 17.7 GB H2D + 2.2 GB D2H = 19.9 GB total (0.3x amplification)
═══════════════════════════════════════════════════════

CSV,NVIDIA H100,66.30,552476095,1,1,1659.49,3614.57,5274.05,12.5704,17.68,2.21,19.89,0.3
Writing 66.30 GB sorted output to /mnt/data/19.16.1_sf1500/sorted_0.bin ...
  Wrote 66.30 GB in 62927 ms (1.05 GB/s)
