[slice] file has 1109950494 records (133.19 GB); sorting [0, 1109950494) = 1109950494 records (133.19 GB)
════════════════════════════════════════════════════
  GPU External Merge Sort — Streaming Benchmark
════════════════════════════════════════════════════
GPU: NVIDIA H100 (99.9 GB HBM, 132 SMs, 2447 GB/s BW)
Data: 133.19 GB (1109950494 records × 120 bytes) (from file)

Allocating 133.19 GB pinned host memory...
  Using mmap + huge pages + cudaHostRegister
Loading from /mnt/data/19.15_sf1500/part.bucket_6.bin...
  Loaded 133.19 GB in 50823 ms (2.62 GB/s)

[ExternalSort] GPU: 99.05 GB free, budget: 64.38 GB
[ExternalSort] Triple-buffer: 3 × 21.46 GB (179 M records each)
[ExternalSort] Sorting 1109950494 records (133.19 GB)

== Step 1+2: Key Upload ==
  Runtime compact map: 28/66 bytes vary, 32B compact key (4 LSD passes)
  Output buffer mmap: lazy fault (input 133 GB + output 133 GB + 64 GB headroom > host RAM 1082 GB)
== Step 1+2: Key Upload ==
  Keys too large for single-pass (73.3 GB > 89.1 GB)
  Using OVC ARCHITECTURE: run-gen + GPU OVC merge + CPU gather
  OVC buffers: 22.2 GB (4B OVC + 8B prefix + 4B perm per record)
  COMPACT UPLOAD: 671M rec/chunk, 2 chunks, PCIe 35.5 GB (vs 133.2 GB full), CUB scratch 134 MB

== Phase 1: Run Generation (chunked LSD sort) ==
  Run 1/2: 76749.5 MB (compact upload 20466.5 MB)      Run 2/2: 50274.3 MB (compact upload 13406.5 MB)    
  2 runs in 14612 ms (9.12 GB/s)

== Phase 2: GPU 16B Prefix Merge (2 CUB LSD passes) ==
  GPU free before merge alloc: 76.74 GB
  GPU free after merge alloc: 58.93 GB
  Pass 1 (sort by pfx2 + gather): 247 ms
  GPU 16B tie check: TIES FOUND — CPU fixup needed
  Pass 2 (sort by pfx1): 118 ms
  GPU 16B prefix merge total: 364 ms
  Downloaded perm in 80 ms
== Phase 3: CPU Gather ==
  Gathered 133.19 GB in 6474 ms (20.57 GB/s)
== Phase 4: CPU Prefix Fixup (16B prefix, ties detected) ==
  403922 groups with ties (807931 records total, largest=3)
  Fixup: 11 ms
  Total merge+gather+fixup: 6930 ms

CSV,NVIDIA H100,133.19,1109950494,2,2,14612.22,6929.73,21541.95,6.1830,35.52,4.44,39.96,0.3
Writing 133.19 GB sorted output to /mnt/data/19.15_sf1500/sorted_6.bin ...
  Wrote 133.19 GB in 100853 ms (1.32 GB/s)
