CUDA error at src/external_sort.cu:992: invalid argument
[slice] file has 2274266812 records (272.91 GB); sorting [0, 2274266812) = 2274266812 records (272.91 GB)
════════════════════════════════════════════════════
  GPU External Merge Sort — Streaming Benchmark
════════════════════════════════════════════════════
GPU: NVIDIA H100 (99.9 GB HBM, 132 SMs, 2447 GB/s BW)
Data: 272.91 GB (2274266812 records × 120 bytes) (from file)

Allocating 272.91 GB pinned host memory...
  Using mmap + huge pages + cudaHostRegister
Loading from /mnt/data/19.1.1_sf1500/part.bucket_2.bin...
  Loaded 272.91 GB in 115017 ms (2.37 GB/s)

[ExternalSort] GPU: 98.77 GB free, budget: 64.20 GB
[ExternalSort] Triple-buffer: 3 × 21.40 GB (178 M records each)
[ExternalSort] Sorting 2274266812 records (272.91 GB)

== Step 1+2: Key Upload ==
  Runtime compact map: 26/66 bytes vary, 32B compact key (4 LSD passes)
  Output buffer mmap: lazy fault (input 273 GB + output 273 GB + 64 GB headroom > host RAM 1082 GB)
== Step 1+2: Key Upload ==
  Keys too large for single-pass (150.1 GB > 88.9 GB)
  Using OVC ARCHITECTURE: run-gen + GPU OVC merge + CPU gather
  OVC buffers: 45.5 GB (4B OVC + 8B prefix + 4B perm per record)
  COMPACT UPLOAD: 669M rec/chunk, 4 chunks, PCIe 72.8 GB (vs 272.9 GB full), CUB scratch 134 MB

== Phase 1: Run Generation (chunked LSD sort) ==
