[slice] file has 1105005448 records (132.60 GB); sorting [0, 1105005448) = 1105005448 records (132.60 GB)
════════════════════════════════════════════════════
  GPU External Merge Sort — Streaming Benchmark
════════════════════════════════════════════════════
GPU: NVIDIA H100 (99.9 GB HBM, 132 SMs, 2447 GB/s BW)
Data: 132.60 GB (1105005448 records × 120 bytes) (from file)

Allocating 132.60 GB pinned host memory...
  Using mmap + huge pages + cudaHostRegister
Loading from /mnt/data/19.15_sf1500/part.bucket_1.bin...
  Loaded 132.60 GB in 52568 ms (2.52 GB/s)

[ExternalSort] GPU: 99.05 GB free, budget: 64.38 GB
[ExternalSort] Triple-buffer: 3 × 21.46 GB (179 M records each)
[ExternalSort] Sorting 1105005448 records (132.60 GB)

== Step 1+2: Key Upload ==
  Runtime compact map: 27/66 bytes vary, 32B compact key (4 LSD passes)
  Output buffer mmap: lazy fault (input 133 GB + output 133 GB + 64 GB headroom > host RAM 1082 GB)
== Step 1+2: Key Upload ==
  Keys too large for single-pass (72.9 GB > 89.1 GB)
  Using OVC ARCHITECTURE: run-gen + GPU OVC merge + CPU gather
  OVC buffers: 22.1 GB (4B OVC + 8B prefix + 4B perm per record)
  COMPACT UPLOAD: 671M rec/chunk, 2 chunks, PCIe 35.4 GB (vs 132.6 GB full), CUB scratch 134 MB

== Phase 1: Run Generation (chunked LSD sort) ==
  Run 1/2: 76749.5 MB (compact upload 20466.5 MB)      Run 2/2: 49708.4 MB (compact upload 13255.6 MB)    
  2 runs in 14590 ms (9.09 GB/s)

== Phase 2: GPU 16B Prefix Merge (2 CUB LSD passes) ==
  GPU free before merge alloc: 76.85 GB
  GPU free after merge alloc: 59.12 GB
  Pass 1 (sort by pfx2 + gather): 252 ms
  GPU 16B tie check: NO TIES — fixup skipped
  Pass 2 (sort by pfx1): 118 ms
  GPU 16B prefix merge total: 370 ms
  Downloaded perm in 80 ms
== Phase 3: CPU Gather ==
  Gathered 132.60 GB in 6674 ms (19.87 GB/s)
== Phase 4: CPU Fixup (skipped — no pfx1 ties) ==
  Total merge+gather+fixup: 7124 ms

CSV,NVIDIA H100,132.60,1105005448,2,2,14590.25,7123.51,21713.76,6.1068,35.36,4.42,39.78,0.3
Writing 132.60 GB sorted output to /mnt/data/19.15_sf1500/sorted_1.bin ...
  Wrote 132.60 GB in 117460 ms (1.13 GB/s)
