[slice] file has 574573498 records (68.95 GB); sorting [0, 574573498) = 574573498 records (68.95 GB)
════════════════════════════════════════════════════
  GPU External Merge Sort — Streaming Benchmark
════════════════════════════════════════════════════
GPU: NVIDIA H100 (99.9 GB HBM, 132 SMs, 2447 GB/s BW)
Data: 68.95 GB (574573498 records × 120 bytes) (from file)

Allocating 68.95 GB pinned host memory...
  Using mmap + huge pages + cudaHostRegister
Loading from /mnt/data/19.19_sf1500/part.bucket_10.bin...
  Loaded 68.95 GB in 42098 ms (1.64 GB/s)

[ExternalSort] GPU: 99.18 GB free, budget: 64.46 GB
[ExternalSort] Triple-buffer: 3 × 21.49 GB (179 M records each)
[ExternalSort] Sorting 574573498 records (68.95 GB)

== Step 1+2: Key Upload ==
  Runtime compact map: 26/66 bytes vary, 32B compact key (4 LSD passes)
  Output buffer mmap: lazy fault (input 69 GB + output 69 GB + 64 GB headroom > host RAM 1082 GB)
== Step 1+2: Key Upload ==
  (0.3.1) Compact key upload: 32 B/record (26 B varying) instead of 66 B → 18.4 GB H2D vs 37.9 GB; 4 LSD passes vs 9
  Pipelined extract+H2D: 897 ms (76.85 GB/s effective vs raw record traffic)
  Uploaded 18.39 GB keys (compact CPU-extract+H2D) in 1656 ms (41.65 GB/s effective)
== Step 3: GPU CUB Radix Sort ==
  LSD sort: 4 passes for 32-byte key (compact)
    Pass 1 (bytes 24-31): 69.6 ms
    Pass 2 (bytes 16-23): 95.0 ms
    Pass 3 (bytes 8-15): 79.9 ms
    Pass 4 (bytes 0-7): 91.6 ms
  Sorted 574573498 keys in 347 ms
== Step 4: Download Permutation ==
  Downloaded 2.30 GB perm in 48 ms
== Step 5: CPU Gather ==
  Gathered 68.95 GB in 3763 ms (18.32 GB/s)

[ExternalSort] ═══════════════════════════════════════
  DONE: 5814 ms (gen: 2050 + merge: 3763)
  Throughput: 11.86 GB/s
  Runs: 1 | Merge passes: 1
  PCIe: 18.4 GB H2D + 2.3 GB D2H = 20.7 GB total (0.3x amplification)
═══════════════════════════════════════════════════════

CSV,NVIDIA H100,68.95,574573498,1,1,2050.43,3763.18,5813.62,11.8599,18.39,2.30,20.68,0.3
