CUDA error at src/external_sort.cu:992: invalid argument
[slice] file has 1118925785 records (134.27 GB); sorting [0, 1118925785) = 1118925785 records (134.27 GB)
════════════════════════════════════════════════════
  GPU External Merge Sort — Streaming Benchmark
════════════════════════════════════════════════════
GPU: NVIDIA H100 (99.9 GB HBM, 132 SMs, 2447 GB/s BW)
Data: 134.27 GB (1118925785 records × 120 bytes) (from file)

Allocating 134.27 GB pinned host memory...
  cudaHostRegister failed (invalid argument), falling back to cudaMallocHost
Loading from /mnt/data/19.13_sf1500/part.bucket_0.bin...
  Loaded 134.27 GB in 63457 ms (2.12 GB/s)

[ExternalSort] GPU: 99.05 GB free, budget: 64.38 GB
[ExternalSort] Triple-buffer: 3 × 21.46 GB (179 M records each)
[ExternalSort] Sorting 1118925785 records (134.27 GB)

== Step 1+2: Key Upload ==
  Runtime compact map: 26/66 bytes vary, 32B compact key (4 LSD passes)
  Output buffer mmap: lazy fault (input 134 GB + output 134 GB + 64 GB headroom > host RAM 1082 GB)
== Step 1+2: Key Upload ==
  Keys too large for single-pass (73.8 GB > 89.1 GB)
  Using OVC ARCHITECTURE: run-gen + GPU OVC merge + CPU gather
  OVC buffers: 22.4 GB (4B OVC + 8B prefix + 4B perm per record)
  COMPACT UPLOAD: 671M rec/chunk, 2 chunks, PCIe 35.8 GB (vs 134.3 GB full), CUB scratch 134 MB

== Phase 1: Run Generation (chunked LSD sort) ==
