[slice] file has 1145168135 records (137.42 GB); sorting [0, 1145168135) = 1145168135 records (137.42 GB)
════════════════════════════════════════════════════
  GPU External Merge Sort — Streaming Benchmark
════════════════════════════════════════════════════
GPU: NVIDIA H100 (99.9 GB HBM, 132 SMs, 2447 GB/s BW)
Data: 137.42 GB (1145168135 records × 120 bytes) (from file)

Allocating 137.42 GB pinned host memory...
  Using mmap + huge pages + cudaHostRegister
Loading from /mnt/data/19.15_sf1500/part.bucket_2.bin...
  Loaded 137.42 GB in 52368 ms (2.62 GB/s)

[ExternalSort] GPU: 99.04 GB free, budget: 64.38 GB
[ExternalSort] Triple-buffer: 3 × 21.46 GB (179 M records each)
[ExternalSort] Sorting 1145168135 records (137.42 GB)

== Step 1+2: Key Upload ==
  Runtime compact map: 27/66 bytes vary, 32B compact key (4 LSD passes)
  Output buffer mmap: lazy fault (input 137 GB + output 137 GB + 64 GB headroom > host RAM 1082 GB)
== Step 1+2: Key Upload ==
  Keys too large for single-pass (75.6 GB > 89.1 GB)
  Using OVC ARCHITECTURE: run-gen + GPU OVC merge + CPU gather
  OVC buffers: 22.9 GB (4B OVC + 8B prefix + 4B perm per record)
  COMPACT UPLOAD: 671M rec/chunk, 2 chunks, PCIe 36.6 GB (vs 137.4 GB full), CUB scratch 134 MB

== Phase 1: Run Generation (chunked LSD sort) ==
  Run 1/2: 76743.0 MB (compact upload 20464.8 MB)      Run 2/2: 54311.1 MB (compact upload 14483.0 MB)    
  2 runs in 14567 ms (9.43 GB/s)

== Phase 2: GPU 16B Prefix Merge (2 CUB LSD passes) ==
  GPU free before merge alloc: 76.03 GB
  GPU free after merge alloc: 57.66 GB
  Pass 1 (sort by pfx2 + gather): 261 ms
  GPU 16B tie check: NO TIES — fixup skipped
  Pass 2 (sort by pfx1): 122 ms
  GPU 16B prefix merge total: 383 ms
  Downloaded perm in 83 ms
== Phase 3: CPU Gather ==
  Gathered 137.42 GB in 6806 ms (20.19 GB/s)
== Phase 4: CPU Fixup (skipped — no pfx1 ties) ==
  Total merge+gather+fixup: 7272 ms

CSV,NVIDIA H100,137.42,1145168135,2,2,14566.75,7272.40,21839.15,6.2924,36.65,4.58,41.23,0.3
Writing 137.42 GB sorted output to /mnt/data/19.15_sf1500/sorted_2.bin ...
  Wrote 137.42 GB in 111194 ms (1.24 GB/s)
