[slice] file has 569970734 records (68.40 GB); sorting [0, 569970734) = 569970734 records (68.40 GB)
════════════════════════════════════════════════════
  GPU External Merge Sort — Streaming Benchmark
════════════════════════════════════════════════════
GPU: NVIDIA H100 (99.9 GB HBM, 132 SMs, 2447 GB/s BW)
Data: 68.40 GB (569970734 records × 120 bytes) (from file)

Allocating 68.40 GB pinned host memory...
  Using mmap + huge pages + cudaHostRegister
Loading from /mnt/data/19.16_sf1500_k16_4gpu/part.bucket_15.bin...
  Loaded 68.40 GB in 41280 ms (1.66 GB/s)

[ExternalSort] GPU: 99.18 GB free, budget: 64.46 GB
[ExternalSort] Triple-buffer: 3 × 21.49 GB (179 M records each)
[ExternalSort] Sorting 569970734 records (68.40 GB)

== Step 1+2: Key Upload ==
  Runtime compact map: 26/66 bytes vary, 32B compact key (4 LSD passes)
  Output buffer mmap: lazy fault (input 68 GB + output 68 GB + 64 GB headroom > host RAM 1082 GB)
== Step 1+2: Key Upload ==
  (0.3.1) Compact key upload: 32 B/record (26 B varying) instead of 66 B → 18.2 GB H2D vs 37.6 GB; 4 LSD passes vs 9
  Pipelined extract+H2D: 574 ms (119.12 GB/s effective vs raw record traffic)
  Uploaded 18.24 GB keys (compact CPU-extract+H2D) in 1217 ms (56.20 GB/s effective)
== Step 3: GPU CUB Radix Sort ==
  LSD sort: 4 passes for 32-byte key (compact)
    Pass 1 (bytes 24-31): 68.7 ms
    Pass 2 (bytes 16-23): 94.0 ms
    Pass 3 (bytes 8-15): 79.4 ms
    Pass 4 (bytes 0-7): 91.1 ms
  Sorted 569970734 keys in 341 ms
== Step 4: Download Permutation ==
  Downloaded 2.28 GB perm in 47 ms
== Step 5: CPU Gather ==
  Gathered 68.40 GB in 3340 ms (20.48 GB/s)

[ExternalSort] ═══════════════════════════════════════
  DONE: 4945 ms (gen: 1605 + merge: 3340)
  Throughput: 13.83 GB/s
  Runs: 1 | Merge passes: 1
  PCIe: 18.2 GB H2D + 2.3 GB D2H = 20.5 GB total (0.3x amplification)
═══════════════════════════════════════════════════════

CSV,NVIDIA H100,68.40,569970734,1,1,1604.97,3339.74,4944.71,13.8323,18.24,2.28,20.52,0.3
Writing 68.40 GB sorted output to /mnt/data/19.16_sf1500_k16_4gpu/sorted_15.bin ...
  Wrote 68.40 GB in 66883 ms (1.02 GB/s)
