[slice] file has 570716848 records (68.49 GB); sorting [0, 570716848) = 570716848 records (68.49 GB)
════════════════════════════════════════════════════
  GPU External Merge Sort — Streaming Benchmark
════════════════════════════════════════════════════
GPU: NVIDIA H100 (99.9 GB HBM, 132 SMs, 2447 GB/s BW)
Data: 68.49 GB (570716848 records × 120 bytes) (from file)

Allocating 68.49 GB pinned host memory...
  Using mmap + huge pages + cudaHostRegister
Loading from /mnt/data/19.15.1_sf1500_k16/part.bucket_6.bin...
  Loaded 68.49 GB in 25750 ms (2.66 GB/s)

[ExternalSort] GPU: 99.18 GB free, budget: 64.46 GB
[ExternalSort] Triple-buffer: 3 × 21.49 GB (179 M records each)
[ExternalSort] Sorting 570716848 records (68.49 GB)

== Step 1+2: Key Upload ==
  Runtime compact map: 26/66 bytes vary, 32B compact key (4 LSD passes)
  Output buffer mmap: lazy fault (input 68 GB + output 68 GB + 64 GB headroom > host RAM 1082 GB)
== Step 1+2: Key Upload ==
  (0.3.1) Compact key upload: 32 B/record (26 B varying) instead of 66 B → 18.3 GB H2D vs 37.7 GB; 4 LSD passes vs 9
  Pipelined extract+H2D: 565 ms (121.23 GB/s effective vs raw record traffic)
  Uploaded 18.26 GB keys (compact CPU-extract+H2D) in 1210 ms (56.60 GB/s effective)
== Step 3: GPU CUB Radix Sort ==
  LSD sort: 4 passes for 32-byte key (compact)
    Pass 1 (bytes 24-31): 68.7 ms
    Pass 2 (bytes 16-23): 94.2 ms
    Pass 3 (bytes 8-15): 79.4 ms
    Pass 4 (bytes 0-7): 90.8 ms
  Sorted 570716848 keys in 343 ms
== Step 4: Download Permutation ==
  Downloaded 2.28 GB perm in 45 ms
== Step 5: CPU Gather ==
  Gathered 68.49 GB in 3376 ms (20.29 GB/s)

[ExternalSort] ═══════════════════════════════════════
  DONE: 4974 ms (gen: 1598 + merge: 3376)
  Throughput: 13.77 GB/s
  Runs: 1 | Merge passes: 1
  PCIe: 18.3 GB H2D + 2.3 GB D2H = 20.5 GB total (0.3x amplification)
═══════════════════════════════════════════════════════

CSV,NVIDIA H100,68.49,570716848,1,1,1598.29,3375.61,4973.90,13.7691,18.26,2.28,20.55,0.3
Writing 68.49 GB sorted output to /mnt/data/19.15.1_sf1500_k16/sorted_6.bin ...
  Wrote 68.49 GB in 56745 ms (1.21 GB/s)
