CUDA error at src/external_sort.cu:992: invalid argument
[slice] file has 2223931233 records (266.87 GB); sorting [0, 2223931233) = 2223931233 records (266.87 GB)
════════════════════════════════════════════════════
  GPU External Merge Sort — Streaming Benchmark
════════════════════════════════════════════════════
GPU: NVIDIA H100 (99.9 GB HBM, 132 SMs, 2447 GB/s BW)
Data: 266.87 GB (2223931233 records × 120 bytes) (from file)

Allocating 266.87 GB pinned host memory...
  cudaHostRegister failed (invalid argument), falling back to cudaMallocHost
Loading from /mnt/data/19.1.2_sf1500/part.bucket_0.bin...
  Loaded 266.87 GB in 120848 ms (2.21 GB/s)

[ExternalSort] GPU: 98.79 GB free, budget: 64.21 GB
[ExternalSort] Triple-buffer: 3 × 21.40 GB (178 M records each)
[ExternalSort] Sorting 2223931233 records (266.87 GB)

== Step 1+2: Key Upload ==
  Runtime compact map: 27/66 bytes vary, 32B compact key (4 LSD passes)
  Output buffer mmap: lazy fault (input 267 GB + output 267 GB + 64 GB headroom > host RAM 1082 GB)
== Step 1+2: Key Upload ==
  Keys too large for single-pass (146.8 GB > 88.9 GB)
  Using OVC ARCHITECTURE: run-gen + GPU OVC merge + CPU gather
  OVC buffers: 44.5 GB (4B OVC + 8B prefix + 4B perm per record)
  COMPACT UPLOAD: 669M rec/chunk, 4 chunks, PCIe 71.2 GB (vs 266.9 GB full), CUB scratch 134 MB

== Phase 1: Run Generation (chunked LSD sort) ==
