[slice] file has 531079435 records (63.73 GB); sorting [0, 531079435) = 531079435 records (63.73 GB)
════════════════════════════════════════════════════
  GPU External Merge Sort — Streaming Benchmark
════════════════════════════════════════════════════
GPU: NVIDIA H100 (99.9 GB HBM, 132 SMs, 2447 GB/s BW)
Data: 63.73 GB (531079435 records × 120 bytes) (from file)

Allocating 63.73 GB pinned host memory...
  Using mmap + huge pages + cudaHostRegister
Loading from /mnt/data/19.20_sf1500/part.bucket_7.bin...
  Loaded 63.73 GB in 37413 ms (1.70 GB/s)

[ExternalSort] GPU: 99.19 GB free, budget: 64.47 GB
[ExternalSort] Triple-buffer: 3 × 21.49 GB (179 M records each)
[ExternalSort] Sorting 531079435 records (63.73 GB)

== Step 1+2: Key Upload ==
  Runtime compact map: 24/66 bytes vary, 24B compact key (3 LSD passes)
  Output buffer mmap: lazy fault (input 64 GB + output 64 GB + 64 GB headroom > host RAM 1082 GB)
== Step 1+2: Key Upload ==
  (0.3.1) Compact key upload: 24 B/record (24 B varying) instead of 66 B → 12.7 GB H2D vs 35.1 GB; 3 LSD passes vs 9
  Pipelined extract+H2D: 545 ms (116.90 GB/s effective vs raw record traffic)
  Uploaded 12.75 GB keys (compact CPU-extract+H2D) in 1034 ms (61.63 GB/s effective)
== Step 3: GPU CUB Radix Sort ==
  LSD sort: 3 passes for 24-byte key (compact)
    Pass 1 (bytes 16-23): 67.4 ms
    Pass 2 (bytes 8-15): 85.3 ms
    Pass 3 (bytes 0-7): 84.6 ms
  Sorted 531079435 keys in 242 ms
== Step 4: Download Permutation ==
  Downloaded 2.12 GB perm in 46 ms
== Step 5: SKIPPED (PERM_ONLY=1) — emitting 2.12 GB perm instead of 63.73 GB records ==
  Copied perm to output buffer in 1051 ms

[ExternalSort] ═══════════════════════════════════════
  DONE: 2373 ms (gen: 1322 + merge: 1051)
  Throughput: 26.86 GB/s
  Runs: 1 | Merge passes: 1
  PCIe: 12.7 GB H2D + 2.1 GB D2H = 14.9 GB total (0.2x amplification)
═══════════════════════════════════════════════════════

CSV,NVIDIA H100,63.73,531079435,1,1,1321.82,1051.00,2372.82,26.8581,12.75,2.12,14.87,0.2
Writing 2.12 GB sorted output to /mnt/data/19.20_sf1500/perm_7.bin ...
  Wrote 2.12 GB in 1110 ms (1.91 GB/s)
