[slice] file has 574573498 records (68.95 GB); sorting [0, 574573498) = 574573498 records (68.95 GB)
════════════════════════════════════════════════════
  GPU External Merge Sort — Streaming Benchmark
════════════════════════════════════════════════════
GPU: NVIDIA H100 (99.9 GB HBM, 132 SMs, 2447 GB/s BW)
Data: 68.95 GB (574573498 records × 120 bytes) (from file)

Allocating 68.95 GB pinned host memory...
  Using mmap + huge pages + cudaHostRegister
Loading from /mnt/data/19.20_sf1500/part.bucket_10.bin...
  Loaded 68.95 GB in 41452 ms (1.66 GB/s)

[ExternalSort] GPU: 99.18 GB free, budget: 64.46 GB
[ExternalSort] Triple-buffer: 3 × 21.49 GB (179 M records each)
[ExternalSort] Sorting 574573498 records (68.95 GB)

== Step 1+2: Key Upload ==
  Runtime compact map: 26/66 bytes vary, 32B compact key (4 LSD passes)
  Output buffer mmap: lazy fault (input 69 GB + output 69 GB + 64 GB headroom > host RAM 1082 GB)
== Step 1+2: Key Upload ==
  (0.3.1) Compact key upload: 32 B/record (26 B varying) instead of 66 B → 18.4 GB H2D vs 37.9 GB; 4 LSD passes vs 9
  Pipelined extract+H2D: 575 ms (119.87 GB/s effective vs raw record traffic)
  Uploaded 18.39 GB keys (compact CPU-extract+H2D) in 1218 ms (56.62 GB/s effective)
== Step 3: GPU CUB Radix Sort ==
  LSD sort: 4 passes for 32-byte key (compact)
    Pass 1 (bytes 24-31): 69.6 ms
    Pass 2 (bytes 16-23): 95.1 ms
    Pass 3 (bytes 8-15): 80.0 ms
    Pass 4 (bytes 0-7): 91.6 ms
  Sorted 574573498 keys in 343 ms
== Step 4: Download Permutation ==
  Downloaded 2.30 GB perm in 46 ms
== Step 5: SKIPPED (PERM_ONLY=1) — emitting 2.30 GB perm instead of 68.95 GB records ==
  Copied perm to output buffer in 1557 ms

[ExternalSort] ═══════════════════════════════════════
  DONE: 3164 ms (gen: 1607 + merge: 1557)
  Throughput: 21.79 GB/s
  Runs: 1 | Merge passes: 1
  PCIe: 18.4 GB H2D + 2.3 GB D2H = 20.7 GB total (0.3x amplification)
═══════════════════════════════════════════════════════

CSV,NVIDIA H100,68.95,574573498,1,1,1607.04,1557.36,3164.40,21.7889,18.39,2.30,20.68,0.3
Writing 2.30 GB sorted output to /mnt/data/19.20_sf1500/perm_10.bin ...
  Wrote 2.30 GB in 1228 ms (1.87 GB/s)
