06:43:54 — start
=== Step 1: SINGLE-PASS compact partition K=16 ===
Input: /mnt/data/lineitem_sf1500.bin, 9000021272 records (1080.00 GB)
Compact map: 28 bytes detected in 4084 ms
Splitter sort: 335 ms
  bucket[0]: 552476095 records (22.10 GB compact)
  bucket[1]: 566449690 records (22.66 GB compact)
  bucket[2]: 543612294 records (21.74 GB compact)
  bucket[3]: 561393154 records (22.46 GB compact)
  bucket[4]: 574158467 records (22.97 GB compact)
  bucket[5]: 571009668 records (22.84 GB compact)
  bucket[6]: 570716848 records (22.83 GB compact)
  bucket[7]: 531079435 records (21.24 GB compact)
  bucket[8]: 555772930 records (22.23 GB compact)
  bucket[9]: 571023983 records (22.84 GB compact)
  bucket[10]: 574573498 records (22.98 GB compact)
  bucket[11]: 572896401 records (22.92 GB compact)
  bucket[12]: 559447325 records (22.38 GB compact)
  bucket[13]: 550503169 records (22.02 GB compact)
  bucket[14]: 574937581 records (23.00 GB compact)
  bucket[15]: 569970734 records (22.80 GB compact)
Single-pass (classify + write): 248406 ms (1080.00 GB read, 360.00 GB write)
Total partition wall: 262353 ms (4.12 GB/s effective on input read)
CSV,partition_compact_v2,records=9000021272,K=16,n_cmap=28,sample_ms=335,pass_ms=248406,total_ms=262353,read_gb=1080.00,write_gb=360.00
06:48:16 — partitioned
Partition wall: 262.355194942 s
=== Cache eviction ===
/mnt/data/lineitem_sf1500.bin (1080.0 GB): fadvise(DONTNEED) rc=0
/mnt/data/19.22_sf1500/part.bucket_0.bin (22.1 GB): fadvise(DONTNEED) rc=0
/mnt/data/19.22_sf1500/part.bucket_1.bin (22.7 GB): fadvise(DONTNEED) rc=0
/mnt/data/19.22_sf1500/part.bucket_10.bin (23.0 GB): fadvise(DONTNEED) rc=0
/mnt/data/19.22_sf1500/part.bucket_11.bin (22.9 GB): fadvise(DONTNEED) rc=0
/mnt/data/19.22_sf1500/part.bucket_12.bin (22.4 GB): fadvise(DONTNEED) rc=0
/mnt/data/19.22_sf1500/part.bucket_13.bin (22.0 GB): fadvise(DONTNEED) rc=0
/mnt/data/19.22_sf1500/part.bucket_14.bin (23.0 GB): fadvise(DONTNEED) rc=0
/mnt/data/19.22_sf1500/part.bucket_15.bin (22.8 GB): fadvise(DONTNEED) rc=0
/mnt/data/19.22_sf1500/part.bucket_2.bin (21.7 GB): fadvise(DONTNEED) rc=0
/mnt/data/19.22_sf1500/part.bucket_3.bin (22.5 GB): fadvise(DONTNEED) rc=0
/mnt/data/19.22_sf1500/part.bucket_4.bin (23.0 GB): fadvise(DONTNEED) rc=0
/mnt/data/19.22_sf1500/part.bucket_5.bin (22.8 GB): fadvise(DONTNEED) rc=0
/mnt/data/19.22_sf1500/part.bucket_6.bin (22.8 GB): fadvise(DONTNEED) rc=0
/mnt/data/19.22_sf1500/part.bucket_7.bin (21.2 GB): fadvise(DONTNEED) rc=0
/mnt/data/19.22_sf1500/part.bucket_8.bin (22.2 GB): fadvise(DONTNEED) rc=0
/mnt/data/19.22_sf1500/part.bucket_9.bin (22.8 GB): fadvise(DONTNEED) rc=0
=== Step 2: 4-GPU concurrent × 4 rounds ===
06:49:30 — round 1
/mnt/data/19.22_sf1500/part.bucket_10.bin (23.0 GB): fadvise(DONTNEED) rc=0
/mnt/data/19.22_sf1500/part.bucket_11.bin (22.9 GB): fadvise(DONTNEED) rc=0
/mnt/data/19.22_sf1500/part.bucket_12.bin (22.4 GB): fadvise(DONTNEED) rc=0
/mnt/data/19.22_sf1500/part.bucket_13.bin (22.0 GB): fadvise(DONTNEED) rc=0
/mnt/data/19.22_sf1500/part.bucket_14.bin (23.0 GB): fadvise(DONTNEED) rc=0
/mnt/data/19.22_sf1500/part.bucket_15.bin (22.8 GB): fadvise(DONTNEED) rc=0
/mnt/data/19.22_sf1500/part.bucket_4.bin (23.0 GB): fadvise(DONTNEED) rc=0
/mnt/data/19.22_sf1500/part.bucket_5.bin (22.8 GB): fadvise(DONTNEED) rc=0
/mnt/data/19.22_sf1500/part.bucket_6.bin (22.8 GB): fadvise(DONTNEED) rc=0
/mnt/data/19.22_sf1500/part.bucket_7.bin (21.2 GB): fadvise(DONTNEED) rc=0
/mnt/data/19.22_sf1500/part.bucket_8.bin (22.2 GB): fadvise(DONTNEED) rc=0
/mnt/data/19.22_sf1500/part.bucket_9.bin (22.8 GB): fadvise(DONTNEED) rc=0
/mnt/data/19.22_sf1500/sorted_0.bin (4.4 GB): fadvise(DONTNEED) rc=0
/mnt/data/19.22_sf1500/sorted_1.bin (4.5 GB): fadvise(DONTNEED) rc=0
/mnt/data/19.22_sf1500/sorted_2.bin (4.3 GB): fadvise(DONTNEED) rc=0
/mnt/data/19.22_sf1500/sorted_3.bin (4.5 GB): fadvise(DONTNEED) rc=0
06:50:13 — round 2
/mnt/data/19.22_sf1500/part.bucket_10.bin (23.0 GB): fadvise(DONTNEED) rc=0
/mnt/data/19.22_sf1500/part.bucket_11.bin (22.9 GB): fadvise(DONTNEED) rc=0
/mnt/data/19.22_sf1500/part.bucket_12.bin (22.4 GB): fadvise(DONTNEED) rc=0
/mnt/data/19.22_sf1500/part.bucket_13.bin (22.0 GB): fadvise(DONTNEED) rc=0
/mnt/data/19.22_sf1500/part.bucket_14.bin (23.0 GB): fadvise(DONTNEED) rc=0
/mnt/data/19.22_sf1500/part.bucket_15.bin (22.8 GB): fadvise(DONTNEED) rc=0
/mnt/data/19.22_sf1500/part.bucket_8.bin (22.2 GB): fadvise(DONTNEED) rc=0
/mnt/data/19.22_sf1500/part.bucket_9.bin (22.8 GB): fadvise(DONTNEED) rc=0
/mnt/data/19.22_sf1500/sorted_0.bin (4.4 GB): fadvise(DONTNEED) rc=0
/mnt/data/19.22_sf1500/sorted_1.bin (4.5 GB): fadvise(DONTNEED) rc=0
/mnt/data/19.22_sf1500/sorted_2.bin (4.3 GB): fadvise(DONTNEED) rc=0
/mnt/data/19.22_sf1500/sorted_3.bin (4.5 GB): fadvise(DONTNEED) rc=0
/mnt/data/19.22_sf1500/sorted_4.bin (4.6 GB): fadvise(DONTNEED) rc=0
/mnt/data/19.22_sf1500/sorted_5.bin (4.6 GB): fadvise(DONTNEED) rc=0
/mnt/data/19.22_sf1500/sorted_6.bin (4.6 GB): fadvise(DONTNEED) rc=0
/mnt/data/19.22_sf1500/sorted_7.bin (4.2 GB): fadvise(DONTNEED) rc=0
06:51:00 — round 3
/mnt/data/19.22_sf1500/part.bucket_12.bin (22.4 GB): fadvise(DONTNEED) rc=0
/mnt/data/19.22_sf1500/part.bucket_13.bin (22.0 GB): fadvise(DONTNEED) rc=0
/mnt/data/19.22_sf1500/part.bucket_14.bin (23.0 GB): fadvise(DONTNEED) rc=0
/mnt/data/19.22_sf1500/part.bucket_15.bin (22.8 GB): fadvise(DONTNEED) rc=0
/mnt/data/19.22_sf1500/sorted_0.bin (4.4 GB): fadvise(DONTNEED) rc=0
/mnt/data/19.22_sf1500/sorted_1.bin (4.5 GB): fadvise(DONTNEED) rc=0
/mnt/data/19.22_sf1500/sorted_10.bin (4.6 GB): fadvise(DONTNEED) rc=0
/mnt/data/19.22_sf1500/sorted_11.bin (4.6 GB): fadvise(DONTNEED) rc=0
/mnt/data/19.22_sf1500/sorted_2.bin (4.3 GB): fadvise(DONTNEED) rc=0
/mnt/data/19.22_sf1500/sorted_3.bin (4.5 GB): fadvise(DONTNEED) rc=0
/mnt/data/19.22_sf1500/sorted_4.bin (4.6 GB): fadvise(DONTNEED) rc=0
/mnt/data/19.22_sf1500/sorted_5.bin (4.6 GB): fadvise(DONTNEED) rc=0
/mnt/data/19.22_sf1500/sorted_6.bin (4.6 GB): fadvise(DONTNEED) rc=0
/mnt/data/19.22_sf1500/sorted_7.bin (4.2 GB): fadvise(DONTNEED) rc=0
/mnt/data/19.22_sf1500/sorted_8.bin (4.4 GB): fadvise(DONTNEED) rc=0
/mnt/data/19.22_sf1500/sorted_9.bin (4.6 GB): fadvise(DONTNEED) rc=0
06:51:48 — round 4
/mnt/data/19.22_sf1500/sorted_0.bin (4.4 GB): fadvise(DONTNEED) rc=0
/mnt/data/19.22_sf1500/sorted_1.bin (4.5 GB): fadvise(DONTNEED) rc=0
/mnt/data/19.22_sf1500/sorted_10.bin (4.6 GB): fadvise(DONTNEED) rc=0
/mnt/data/19.22_sf1500/sorted_11.bin (4.6 GB): fadvise(DONTNEED) rc=0
/mnt/data/19.22_sf1500/sorted_12.bin (4.5 GB): fadvise(DONTNEED) rc=0
/mnt/data/19.22_sf1500/sorted_13.bin (4.4 GB): fadvise(DONTNEED) rc=0
/mnt/data/19.22_sf1500/sorted_14.bin (4.6 GB): fadvise(DONTNEED) rc=0
/mnt/data/19.22_sf1500/sorted_15.bin (4.6 GB): fadvise(DONTNEED) rc=0
/mnt/data/19.22_sf1500/sorted_2.bin (4.3 GB): fadvise(DONTNEED) rc=0
/mnt/data/19.22_sf1500/sorted_3.bin (4.5 GB): fadvise(DONTNEED) rc=0
/mnt/data/19.22_sf1500/sorted_4.bin (4.6 GB): fadvise(DONTNEED) rc=0
/mnt/data/19.22_sf1500/sorted_5.bin (4.6 GB): fadvise(DONTNEED) rc=0
/mnt/data/19.22_sf1500/sorted_6.bin (4.6 GB): fadvise(DONTNEED) rc=0
/mnt/data/19.22_sf1500/sorted_7.bin (4.2 GB): fadvise(DONTNEED) rc=0
/mnt/data/19.22_sf1500/sorted_8.bin (4.4 GB): fadvise(DONTNEED) rc=0
/mnt/data/19.22_sf1500/sorted_9.bin (4.6 GB): fadvise(DONTNEED) rc=0
=== Sort-only wall: 185.395639545 s ===
b0: CSV,sort_compact_bucket,records=552476095,total_ms=33438,load_ms=27283,h2d_ms=403,sort_ms=321,gather_ms=1480,write_ms=3951
b1: CSV,sort_compact_bucket,records=566449690,total_ms=33684,load_ms=27468,h2d_ms=413,sort_ms=329,gather_ms=1522,write_ms=3953
b2: CSV,sort_compact_bucket,records=543612294,total_ms=32882,load_ms=27057,h2d_ms=396,sort_ms=315,gather_ms=1430,write_ms=3682
b3: CSV,sort_compact_bucket,records=561393154,total_ms=33572,load_ms=27390,h2d_ms=409,sort_ms=326,gather_ms=1498,write_ms=3949
b4: CSV,sort_compact_bucket,records=574158467,total_ms=33416,load_ms=27119,h2d_ms=418,sort_ms=333,gather_ms=1571,write_ms=3975
b5: CSV,sort_compact_bucket,records=571009668,total_ms=33368,load_ms=27090,h2d_ms=416,sort_ms=331,gather_ms=1598,write_ms=3933
b6: CSV,sort_compact_bucket,records=570716848,total_ms=33369,load_ms=27076,h2d_ms=416,sort_ms=331,gather_ms=1609,write_ms=3937
b7: CSV,sort_compact_bucket,records=531079435,total_ms=31010,load_ms=26076,h2d_ms=388,sort_ms=307,gather_ms=1303,write_ms=2936
b8: CSV,sort_compact_bucket,records=555772930,total_ms=33221,load_ms=27362,h2d_ms=405,sort_ms=322,gather_ms=1438,write_ms=3693
b9: CSV,sort_compact_bucket,records=571023983,total_ms=34255,load_ms=27671,h2d_ms=416,sort_ms=331,gather_ms=1656,write_ms=4182
b10: CSV,sort_compact_bucket,records=574573498,total_ms=34244,load_ms=27739,h2d_ms=419,sort_ms=333,gather_ms=1589,write_ms=4165
b11: CSV,sort_compact_bucket,records=572896401,total_ms=34199,load_ms=27698,h2d_ms=418,sort_ms=332,gather_ms=1626,write_ms=4125
b12: CSV,sort_compact_bucket,records=559447325,total_ms=33656,load_ms=27326,h2d_ms=408,sort_ms=325,gather_ms=1485,write_ms=4113
b13: CSV,sort_compact_bucket,records=550503169,total_ms=33208,load_ms=27129,h2d_ms=401,sort_ms=320,gather_ms=1434,write_ms=3924
b14: CSV,sort_compact_bucket,records=574937581,total_ms=33838,load_ms=27554,h2d_ms=419,sort_ms=333,gather_ms=1488,write_ms=4043
b15: CSV,sort_compact_bucket,records=569970734,total_ms=33716,load_ms=27473,h2d_ms=416,sort_ms=331,gather_ms=1473,write_ms=4024
=== 16 PASS / 0 FAIL ===
-- bucket 0 --
Checked 999999 adjacent pairs, 0 violations
PASS
-- bucket 4 --
Checked 999999 adjacent pairs, 0 violations
PASS
-- bucket 8 --
Checked 999999 adjacent pairs, 0 violations
PASS
-- bucket 12 --
Checked 999999 adjacent pairs, 0 violations
PASS
07:01:02 — done
