02:40:50 — start
/mnt/data/lineitem_sf1500.bin (1080.0 GB): fadvise(DONTNEED) rc=0
              total        used        free      shared  buff/cache   available
Mem:           1007         472         302           0         232         529
Input: 9000021272 records (1080.00 GB)
cmap: 26 varying bytes
Splitters built (K=8)
GPU stage buffer: 11.45 GB (35791394 records × 40 B × 8 buckets)
Host bucket buffers: 8 × 58.50 GB (hugepages where available)
  bucket[0]: 1118925785 records (44.76 GB)
  bucket[1]: 1105005448 records (44.20 GB)
  bucket[2]: 1145168135 records (45.81 GB)
  bucket[3]: 1101796283 records (44.07 GB)
  bucket[4]: 1126796913 records (45.07 GB)
  bucket[5]: 1147469899 records (45.90 GB)
  bucket[6]: 1109950494 records (44.40 GB)
  bucket[7]: 1144908315 records (45.80 GB)
Partition (cuFile + GPU classify): 338441 ms (3.19 GB/s effective)
Total partition wall: 344767 ms (3.13 GB/s end-to-end)
CSV,gds_partition,records=9000021272,K=8,part_ms=338441,total_ms=344767,gb_per_s=3.13
GDS partition wall: 345.334763945 s
02:47:04 — done
