[slice] file has 2274266812 records (272.91 GB); sorting [0, 2274266812) = 2274266812 records (272.91 GB)
════════════════════════════════════════════════════
  GPU External Merge Sort — Streaming Benchmark
════════════════════════════════════════════════════
GPU: NVIDIA H100 (99.9 GB HBM, 132 SMs, 2447 GB/s BW)
Data: 272.91 GB (2274266812 records × 120 bytes) (from file)

Allocating 272.91 GB pinned host memory...
  Using mmap + huge pages (SKIP_HOST_PIN=1, no cudaHostRegister)
Loading from /mnt/data/19.7_sf1500/part.bucket_2.bin...
  Loaded 272.91 GB in 135396 ms (2.02 GB/s)

[ExternalSort] GPU: 99.31 GB free, budget: 64.55 GB
[ExternalSort] Triple-buffer: 3 × 21.52 GB (179 M records each)
[ExternalSort] Sorting 2274266812 records (272.91 GB)

== Step 1+2: Key Upload ==
  Runtime compact map: 26/66 bytes vary, 32B compact key (4 LSD passes)
  Output buffer mmap: lazy fault (input 273 GB + output 273 GB + 64 GB headroom > host RAM 1082 GB)
== Step 1+2: Key Upload ==
  Keys too large for single-pass (150.1 GB > 89.4 GB)
  Using OVC ARCHITECTURE: run-gen + GPU OVC merge + CPU gather
  OVC buffers: 45.5 GB (4B OVC + 8B prefix + 4B perm per record)
  COMPACT UPLOAD: 672M rec/chunk, 4 chunks, PCIe 72.8 GB (vs 272.9 GB full), CUB scratch 134 MB

== Phase 1: Run Generation (chunked LSD sort) ==
  Run 1/4: 76951.0 MB (compact upload 20520.3 MB)      Run 2/4: 76951.0 MB (compact upload 20520.3 MB)      Run 3/4: 76951.0 MB (compact upload 20520.3 MB)      Run 4/4: 29416.3 MB (compact upload 7844.3 MB)    
  4 runs in 17827 ms (15.31 GB/s)

== Phase 2: GPU 16B Prefix Merge (2 CUB LSD passes) ==
  GPU free before merge alloc: 53.71 GB
  GPU free after merge alloc: 17.28 GB
  Pass 1 (sort by pfx2 + gather): 493 ms
  GPU 16B tie check: NO TIES — fixup skipped
  Pass 2 (sort by pfx1): 247 ms
  GPU 16B prefix merge total: 740 ms
  Downloaded perm in 186 ms
== Phase 3: CPU Gather ==
  Gathered 272.91 GB in 35668 ms (7.65 GB/s)
== Phase 4: CPU Fixup (skipped — no pfx1 ties) ==
  Total merge+gather+fixup: 36593 ms

CSV,NVIDIA H100,272.91,2274266812,4,2,17826.87,36593.43,54420.30,5.0149,72.78,9.10,81.87,0.3
Writing 272.91 GB sorted output to /mnt/data/19.7_sf1500/sorted_2.bin ...
  Wrote 272.91 GB in 230189 ms (1.19 GB/s)
