[slice] file has 2223931233 records (266.87 GB); sorting [0, 2223931233) = 2223931233 records (266.87 GB)
════════════════════════════════════════════════════
  GPU External Merge Sort — Streaming Benchmark
════════════════════════════════════════════════════
GPU: NVIDIA H100 (99.9 GB HBM, 132 SMs, 2447 GB/s BW)
Data: 266.87 GB (2223931233 records × 120 bytes) (from file)

Allocating 266.87 GB pinned host memory...
  Using mmap + huge pages (SKIP_HOST_PIN=1, no cudaHostRegister)
Loading from /mnt/data/19.7_sf1500/part.bucket_0.bin...
  Loaded 266.87 GB in 129732 ms (2.06 GB/s)

[ExternalSort] GPU: 99.31 GB free, budget: 64.55 GB
[ExternalSort] Triple-buffer: 3 × 21.52 GB (179 M records each)
[ExternalSort] Sorting 2223931233 records (266.87 GB)

== Step 1+2: Key Upload ==
  Runtime compact map: 27/66 bytes vary, 32B compact key (4 LSD passes)
  Output buffer mmap: lazy fault (input 267 GB + output 267 GB + 64 GB headroom > host RAM 1082 GB)
== Step 1+2: Key Upload ==
  Keys too large for single-pass (146.8 GB > 89.4 GB)
  Using OVC ARCHITECTURE: run-gen + GPU OVC merge + CPU gather
  OVC buffers: 44.5 GB (4B OVC + 8B prefix + 4B perm per record)
  COMPACT UPLOAD: 672M rec/chunk, 4 chunks, PCIe 71.2 GB (vs 266.9 GB full), CUB scratch 134 MB

== Phase 1: Run Generation (chunked LSD sort) ==
  Run 1/4: 76951.0 MB (compact upload 20520.3 MB)      Run 2/4: 76951.0 MB (compact upload 20520.3 MB)      Run 3/4: 76951.0 MB (compact upload 20520.3 MB)      Run 4/4: 23655.8 MB (compact upload 6308.2 MB)    
  4 runs in 18275 ms (14.60 GB/s)

== Phase 2: GPU 16B Prefix Merge (2 CUB LSD passes) ==
  GPU free before merge alloc: 54.72 GB
  GPU free after merge alloc: 19.09 GB
  Pass 1 (sort by pfx2 + gather): 482 ms
  GPU 16B tie check: NO TIES — fixup skipped
  Pass 2 (sort by pfx1): 237 ms
  GPU 16B prefix merge total: 719 ms
  Downloaded perm in 175 ms
== Phase 3: CPU Gather ==
  Gathered 266.87 GB in 26908 ms (9.92 GB/s)
== Phase 4: CPU Fixup (skipped — no pfx1 ties) ==
  Total merge+gather+fixup: 27802 ms

CSV,NVIDIA H100,266.87,2223931233,4,2,18275.19,27802.05,46077.23,5.7918,71.17,8.90,80.06,0.3
Writing 266.87 GB sorted output to /mnt/data/19.7_sf1500/sorted_0.bin ...
  Wrote 266.87 GB in 210574 ms (1.27 GB/s)
