════════════════════════════════════════════════════
  GPU External Merge Sort — Streaming Benchmark
════════════════════════════════════════════════════
GPU: Quadro RTX 6000 (25.4 GB HBM, 72 SMs, 672 GB/s BW)
Data: 36.00 GB (300005811 records × 120 bytes) (from file)

Allocating 36.00 GB pinned host memory...
Loading from /tmp/lineitem_sf50_normalized.bin...
  Loaded 36.00 GB in 10517 ms (3.42 GB/s)


══════════ Experiment run 1/6 ══════════
[ExternalSort] GPU: 25.15 GB free, budget: 16.35 GB
[ExternalSort] Triple-buffer: 3 × 5.45 GB (45 M records each)
[ExternalSort] Sorting 300005811 records (36.00 GB)

[CompactDetect] 61/66 key bytes vary (stratified random sample 1000K of 300M records, 37 ms)
[CompactDetect] Varying byte positions: 0 1 5 7 8 10 11 12 13 14 15 16 17 18 19 20 21 22 23 24 25 26 27 28 29 30 31 32 33 34 35 36 ...
[CompactDetect] Compactness: 61/66 = 92% varying. Decision: compact UPLOAD still wins, but compact PREFIX may have ties (CPU fixup)
[CompactDetect] Per-position bit-widths: 1×1b  2×2b  6×4b  52×8b → 445 bits = 56 packed bytes (vs 61 current)
[CompactDetect] 32B prefix would cover 37/61 positions if nibble-packed (vs 32 currently)
== Step 1+2: Key Upload ==
  Keys too large for single-pass (19.8 GB > 22.6 GB)
  Using OVC ARCHITECTURE: run-gen + GPU OVC merge + CPU gather
  OVC buffers: 6.0 GB (4B OVC + 8B prefix + 4B perm per record)
  32B OVC extension: ENABLED (pfx3+pfx4 allocated, 4.8 GB extra)
  COMPACT UPLOAD: 170M rec/chunk, 2 chunks, PCIe 9.6 GB (vs 36.0 GB full), CUB scratch 145 MB

== Phase 1: Run Generation (chunked LSD sort) ==
  Run 1/2: 19484.9 MB (compact upload 5196.0 MB)      Run 2/2: 14848.1 MB (compact upload 3959.5 MB)    
  2 runs in 2144 ms (16.79 GB/s)

== Phase 2: GPU 32B Prefix Merge (4 CUB LSD passes) ==
  GPU free before merge alloc: 14.30 GB
  GPU free after merge alloc: 9.40 GB
  Pass 1 (sort by pfx4 + gather): 178 ms
  Pass 2 (sort by pfx3 + gather): 158 ms
  Pass 3 (sort by pfx2 + gather): 157 ms
  GPU 32B tie check: TIES FOUND — CPU fixup needed
  Pass 4 (sort by pfx1): 116 ms
  GPU 32B prefix merge total: 609 ms
  Downloaded perm in 94 ms
== Phase 3: CPU Gather ==
  Gathered 36.00 GB in 2292 ms (15.71 GB/s)
== Phase 4: CPU Prefix Fixup (32B prefix, ties detected) ==
  3153346 groups with ties (avg 95 records, scan 532 + stitch 96 ms)
  Groups stats: min=2 max=693 sum=299761123 (distribution: 1k=0 10k=0 100k=0 1m=0 10m=0)
  Fixup: active bytes are contiguous run [37..65] (8B key + 21B tail, fast path enabled)
  Fixup: 1891 ms [group-detect 628 + parallel 1253] (per-thread: pack 203.1 + sort 894.5 + reorder 143.7 ms, 84636 skipped)
  Total merge+gather+fixup: 4885 ms
[Correctness] Sample map verified against all 300005811 records — compact sort is FULL-KEY-EQUIVALENT.

Verifying...
  PASS sortedness: 300005811 records in non-decreasing order (571 ms)
  PASS multiset:   output is a permutation of input (hash=0x89c28ecae7c4b777, 2493 ms)

CSV,Quadro RTX 6000,36.00,300005811,2,2,2144.44,4885.49,7029.93,5.1211,9.60,1.20,10.80,0.3

══════════ Experiment run 2/6 ══════════
[ExternalSort] GPU: 25.14 GB free, budget: 16.34 GB
[ExternalSort] Triple-buffer: 3 × 5.45 GB (45 M records each)
[ExternalSort] Sorting 300005811 records (36.00 GB)

[CompactDetect] 61/66 key bytes vary (stratified random sample 1000K of 300M records, 0 ms)
[CompactDetect] Varying byte positions: 0 1 5 7 8 10 11 12 13 14 15 16 17 18 19 20 21 22 23 24 25 26 27 28 29 30 31 32 33 34 35 36 ...
[CompactDetect] Compactness: 61/66 = 92% varying. Decision: compact UPLOAD still wins, but compact PREFIX may have ties (CPU fixup)
[CompactDetect] Per-position bit-widths: 1×1b  2×2b  6×4b  52×8b → 445 bits = 56 packed bytes (vs 61 current)
[CompactDetect] 32B prefix would cover 37/61 positions if nibble-packed (vs 32 currently)
== Step 1+2: Key Upload ==
  Keys too large for single-pass (19.8 GB > 22.6 GB)
  Using OVC ARCHITECTURE: run-gen + GPU OVC merge + CPU gather
  OVC buffers: 6.0 GB (4B OVC + 8B prefix + 4B perm per record)
  32B OVC extension: ENABLED (pfx3+pfx4 allocated, 4.8 GB extra)
  COMPACT UPLOAD: 170M rec/chunk, 2 chunks, PCIe 9.6 GB (vs 36.0 GB full), CUB scratch 145 MB

== Phase 1: Run Generation (chunked LSD sort) ==
  Run 1/2: 19476.7 MB (compact upload 5193.8 MB)      Run 2/2: 14856.2 MB (compact upload 3961.7 MB)    
  2 runs in 2174 ms (16.56 GB/s)

== Phase 2: GPU 32B Prefix Merge (4 CUB LSD passes) ==
  GPU free before merge alloc: 14.30 GB
  GPU free after merge alloc: 9.39 GB
  Pass 1 (sort by pfx4 + gather): 176 ms
  Pass 2 (sort by pfx3 + gather): 158 ms
  Pass 3 (sort by pfx2 + gather): 157 ms
  GPU 32B tie check: TIES FOUND — CPU fixup needed
  Pass 4 (sort by pfx1): 116 ms
  GPU 32B prefix merge total: 607 ms
  Downloaded perm in 94 ms
== Phase 3: CPU Gather ==
  Gathered 36.00 GB in 2335 ms (15.42 GB/s)
== Phase 4: CPU Prefix Fixup (32B prefix, ties detected) ==
  3153346 groups with ties (avg 95 records, scan 530 + stitch 86 ms)
  Groups stats: min=2 max=693 sum=299761123 (distribution: 1k=0 10k=0 100k=0 1m=0 10m=0)
  Fixup: active bytes are contiguous run [37..65] (8B key + 21B tail, fast path enabled)
  Fixup: 1866 ms [group-detect 616 + parallel 1240] (per-thread: pack 203.2 + sort 884.8 + reorder 141.4 ms, 84636 skipped)
  Total merge+gather+fixup: 4901 ms
[Correctness] Sample map verified against all 300005811 records — compact sort is FULL-KEY-EQUIVALENT.

Verifying...
  PASS sortedness: 300005811 records in non-decreasing order (580 ms)
  PASS multiset:   output is a permutation of input (hash=0x89c28ecae7c4b777, 2148 ms)

CSV,Quadro RTX 6000,36.00,300005811,2,2,2174.09,4901.25,7075.34,5.0882,9.60,1.20,10.80,0.3

══════════ Experiment run 3/6 ══════════
[ExternalSort] GPU: 25.13 GB free, budget: 16.34 GB
[ExternalSort] Triple-buffer: 3 × 5.45 GB (45 M records each)
[ExternalSort] Sorting 300005811 records (36.00 GB)

[CompactDetect] 61/66 key bytes vary (stratified random sample 1000K of 300M records, 0 ms)
[CompactDetect] Varying byte positions: 0 1 5 7 8 10 11 12 13 14 15 16 17 18 19 20 21 22 23 24 25 26 27 28 29 30 31 32 33 34 35 36 ...
[CompactDetect] Compactness: 61/66 = 92% varying. Decision: compact UPLOAD still wins, but compact PREFIX may have ties (CPU fixup)
[CompactDetect] Per-position bit-widths: 1×1b  2×2b  6×4b  52×8b → 445 bits = 56 packed bytes (vs 61 current)
[CompactDetect] 32B prefix would cover 37/61 positions if nibble-packed (vs 32 currently)
== Step 1+2: Key Upload ==
  Keys too large for single-pass (19.8 GB > 22.6 GB)
  Using OVC ARCHITECTURE: run-gen + GPU OVC merge + CPU gather
  OVC buffers: 6.0 GB (4B OVC + 8B prefix + 4B perm per record)
  32B OVC extension: ENABLED (pfx3+pfx4 allocated, 4.8 GB extra)
  COMPACT UPLOAD: 170M rec/chunk, 2 chunks, PCIe 9.6 GB (vs 36.0 GB full), CUB scratch 145 MB

== Phase 1: Run Generation (chunked LSD sort) ==
  Run 1/2: 19473.5 MB (compact upload 5192.9 MB)      Run 2/2: 14859.4 MB (compact upload 3962.5 MB)    
  2 runs in 2165 ms (16.63 GB/s)

== Phase 2: GPU 32B Prefix Merge (4 CUB LSD passes) ==
  GPU free before merge alloc: 14.30 GB
  GPU free after merge alloc: 9.39 GB
  Pass 1 (sort by pfx4 + gather): 176 ms
  Pass 2 (sort by pfx3 + gather): 158 ms
  Pass 3 (sort by pfx2 + gather): 157 ms
  GPU 32B tie check: TIES FOUND — CPU fixup needed
  Pass 4 (sort by pfx1): 116 ms
  GPU 32B prefix merge total: 607 ms
  Downloaded perm in 94 ms
== Phase 3: CPU Gather ==
  Gathered 36.00 GB in 2321 ms (15.51 GB/s)
== Phase 4: CPU Prefix Fixup (32B prefix, ties detected) ==
  3153346 groups with ties (avg 95 records, scan 525 + stitch 93 ms)
  Groups stats: min=2 max=693 sum=299761123 (distribution: 1k=0 10k=0 100k=0 1m=0 10m=0)
  Fixup: active bytes are contiguous run [37..65] (8B key + 21B tail, fast path enabled)
  Fixup: 1886 ms [group-detect 617 + parallel 1258] (per-thread: pack 209.4 + sort 890.5 + reorder 144.6 ms, 84636 skipped)
  Total merge+gather+fixup: 4907 ms
[Correctness] Sample map verified against all 300005811 records — compact sort is FULL-KEY-EQUIVALENT.

Verifying...
  PASS sortedness: 300005811 records in non-decreasing order (570 ms)
  PASS multiset:   output is a permutation of input (hash=0x89c28ecae7c4b777, 2093 ms)

CSV,Quadro RTX 6000,36.00,300005811,2,2,2164.72,4907.42,7072.14,5.0905,9.60,1.20,10.80,0.3

══════════ Experiment run 4/6 ══════════
[ExternalSort] GPU: 25.13 GB free, budget: 16.33 GB
[ExternalSort] Triple-buffer: 3 × 5.44 GB (45 M records each)
[ExternalSort] Sorting 300005811 records (36.00 GB)

[CompactDetect] 61/66 key bytes vary (stratified random sample 1000K of 300M records, 0 ms)
[CompactDetect] Varying byte positions: 0 1 5 7 8 10 11 12 13 14 15 16 17 18 19 20 21 22 23 24 25 26 27 28 29 30 31 32 33 34 35 36 ...
[CompactDetect] Compactness: 61/66 = 92% varying. Decision: compact UPLOAD still wins, but compact PREFIX may have ties (CPU fixup)
[CompactDetect] Per-position bit-widths: 1×1b  2×2b  6×4b  52×8b → 445 bits = 56 packed bytes (vs 61 current)
[CompactDetect] 32B prefix would cover 37/61 positions if nibble-packed (vs 32 currently)
== Step 1+2: Key Upload ==
  Keys too large for single-pass (19.8 GB > 22.6 GB)
  Using OVC ARCHITECTURE: run-gen + GPU OVC merge + CPU gather
  OVC buffers: 6.0 GB (4B OVC + 8B prefix + 4B perm per record)
  32B OVC extension: ENABLED (pfx3+pfx4 allocated, 4.8 GB extra)
  COMPACT UPLOAD: 170M rec/chunk, 2 chunks, PCIe 9.6 GB (vs 36.0 GB full), CUB scratch 145 MB

== Phase 1: Run Generation (chunked LSD sort) ==
  Run 1/2: 19468.6 MB (compact upload 5191.6 MB)      Run 2/2: 14864.3 MB (compact upload 3963.8 MB)    
  2 runs in 2198 ms (16.38 GB/s)

== Phase 2: GPU 32B Prefix Merge (4 CUB LSD passes) ==
  GPU free before merge alloc: 14.29 GB
  GPU free after merge alloc: 9.39 GB
  Pass 1 (sort by pfx4 + gather): 176 ms
  Pass 2 (sort by pfx3 + gather): 158 ms
  Pass 3 (sort by pfx2 + gather): 157 ms
  GPU 32B tie check: TIES FOUND — CPU fixup needed
  Pass 4 (sort by pfx1): 116 ms
  GPU 32B prefix merge total: 607 ms
  Downloaded perm in 94 ms
== Phase 3: CPU Gather ==
  Gathered 36.00 GB in 2316 ms (15.54 GB/s)
== Phase 4: CPU Prefix Fixup (32B prefix, ties detected) ==
  3153346 groups with ties (avg 95 records, scan 532 + stitch 90 ms)
  Groups stats: min=2 max=693 sum=299761123 (distribution: 1k=0 10k=0 100k=0 1m=0 10m=0)
  Fixup: active bytes are contiguous run [37..65] (8B key + 21B tail, fast path enabled)
  Fixup: 1806 ms [group-detect 622 + parallel 1174] (per-thread: pack 235.8 + sort 794.2 + reorder 132.2 ms, 84636 skipped)
  Total merge+gather+fixup: 4822 ms
[Correctness] Sample map verified against all 300005811 records — compact sort is FULL-KEY-EQUIVALENT.

Verifying...
  PASS sortedness: 300005811 records in non-decreasing order (613 ms)
  PASS multiset:   output is a permutation of input (hash=0x89c28ecae7c4b777, 2115 ms)

CSV,Quadro RTX 6000,36.00,300005811,2,2,2197.56,4822.13,7019.68,5.1285,9.60,1.20,10.80,0.3

══════════ Experiment run 5/6 ══════════
[ExternalSort] GPU: 25.12 GB free, budget: 16.33 GB
[ExternalSort] Triple-buffer: 3 × 5.44 GB (45 M records each)
[ExternalSort] Sorting 300005811 records (36.00 GB)

[CompactDetect] 61/66 key bytes vary (stratified random sample 1000K of 300M records, 0 ms)
[CompactDetect] Varying byte positions: 0 1 5 7 8 10 11 12 13 14 15 16 17 18 19 20 21 22 23 24 25 26 27 28 29 30 31 32 33 34 35 36 ...
[CompactDetect] Compactness: 61/66 = 92% varying. Decision: compact UPLOAD still wins, but compact PREFIX may have ties (CPU fixup)
[CompactDetect] Per-position bit-widths: 1×1b  2×2b  6×4b  52×8b → 445 bits = 56 packed bytes (vs 61 current)
[CompactDetect] 32B prefix would cover 37/61 positions if nibble-packed (vs 32 currently)
== Step 1+2: Key Upload ==
  Keys too large for single-pass (19.8 GB > 22.6 GB)
  Using OVC ARCHITECTURE: run-gen + GPU OVC merge + CPU gather
  OVC buffers: 6.0 GB (4B OVC + 8B prefix + 4B perm per record)
  32B OVC extension: ENABLED (pfx3+pfx4 allocated, 4.8 GB extra)
  COMPACT UPLOAD: 170M rec/chunk, 2 chunks, PCIe 9.6 GB (vs 36.0 GB full), CUB scratch 145 MB

== Phase 1: Run Generation (chunked LSD sort) ==
  Run 1/2: 19465.4 MB (compact upload 5190.8 MB)      Run 2/2: 14867.6 MB (compact upload 3964.7 MB)    
  2 runs in 2243 ms (16.05 GB/s)

== Phase 2: GPU 32B Prefix Merge (4 CUB LSD passes) ==
  GPU free before merge alloc: 14.29 GB
  GPU free after merge alloc: 9.39 GB
  Pass 1 (sort by pfx4 + gather): 176 ms
  Pass 2 (sort by pfx3 + gather): 158 ms
  Pass 3 (sort by pfx2 + gather): 157 ms
  GPU 32B tie check: TIES FOUND — CPU fixup needed
  Pass 4 (sort by pfx1): 116 ms
  GPU 32B prefix merge total: 606 ms
  Downloaded perm in 94 ms
== Phase 3: CPU Gather ==
  Gathered 36.00 GB in 2235 ms (16.11 GB/s)
== Phase 4: CPU Prefix Fixup (32B prefix, ties detected) ==
  3153346 groups with ties (avg 95 records, scan 529 + stitch 91 ms)
  Groups stats: min=2 max=693 sum=299761123 (distribution: 1k=0 10k=0 100k=0 1m=0 10m=0)
  Fixup: active bytes are contiguous run [37..65] (8B key + 21B tail, fast path enabled)
  Fixup: 1892 ms [group-detect 620 + parallel 1262] (per-thread: pack 220.7 + sort 884.4 + reorder 145.1 ms, 84636 skipped)
  Total merge+gather+fixup: 4827 ms
[Correctness] Sample map verified against all 300005811 records — compact sort is FULL-KEY-EQUIVALENT.

Verifying...
  PASS sortedness: 300005811 records in non-decreasing order (634 ms)
  PASS multiset:   output is a permutation of input (hash=0x89c28ecae7c4b777, 2317 ms)

CSV,Quadro RTX 6000,36.00,300005811,2,2,2242.83,4826.72,7069.56,5.0924,9.60,1.20,10.80,0.3

══════════ Experiment run 6/6 ══════════
[ExternalSort] GPU: 25.12 GB free, budget: 16.33 GB
[ExternalSort] Triple-buffer: 3 × 5.44 GB (45 M records each)
[ExternalSort] Sorting 300005811 records (36.00 GB)

[CompactDetect] 61/66 key bytes vary (stratified random sample 1000K of 300M records, 0 ms)
[CompactDetect] Varying byte positions: 0 1 5 7 8 10 11 12 13 14 15 16 17 18 19 20 21 22 23 24 25 26 27 28 29 30 31 32 33 34 35 36 ...
[CompactDetect] Compactness: 61/66 = 92% varying. Decision: compact UPLOAD still wins, but compact PREFIX may have ties (CPU fixup)
[CompactDetect] Per-position bit-widths: 1×1b  2×2b  6×4b  52×8b → 445 bits = 56 packed bytes (vs 61 current)
[CompactDetect] 32B prefix would cover 37/61 positions if nibble-packed (vs 32 currently)
== Step 1+2: Key Upload ==
  Keys too large for single-pass (19.8 GB > 22.6 GB)
  Using OVC ARCHITECTURE: run-gen + GPU OVC merge + CPU gather
  OVC buffers: 6.0 GB (4B OVC + 8B prefix + 4B perm per record)
  32B OVC extension: ENABLED (pfx3+pfx4 allocated, 4.8 GB extra)
  COMPACT UPLOAD: 170M rec/chunk, 2 chunks, PCIe 9.6 GB (vs 36.0 GB full), CUB scratch 145 MB

== Phase 1: Run Generation (chunked LSD sort) ==
  Run 1/2: 19462.1 MB (compact upload 5189.9 MB)      Run 2/2: 14870.8 MB (compact upload 3965.6 MB)    
  2 runs in 2199 ms (16.37 GB/s)

== Phase 2: GPU 32B Prefix Merge (4 CUB LSD passes) ==
  GPU free before merge alloc: 14.29 GB
  GPU free after merge alloc: 9.39 GB
  Pass 1 (sort by pfx4 + gather): 175 ms
  Pass 2 (sort by pfx3 + gather): 158 ms
  Pass 3 (sort by pfx2 + gather): 157 ms
  GPU 32B tie check: TIES FOUND — CPU fixup needed
  Pass 4 (sort by pfx1): 116 ms
  GPU 32B prefix merge total: 606 ms
  Downloaded perm in 94 ms
== Phase 3: CPU Gather ==
  Gathered 36.00 GB in 2268 ms (15.88 GB/s)
== Phase 4: CPU Prefix Fixup (32B prefix, ties detected) ==
  3153346 groups with ties (avg 95 records, scan 527 + stitch 128 ms)
  Groups stats: min=2 max=693 sum=299761123 (distribution: 1k=0 10k=0 100k=0 1m=0 10m=0)
  Fixup: active bytes are contiguous run [37..65] (8B key + 21B tail, fast path enabled)
  Fixup: 1856 ms [group-detect 655 + parallel 1188] (per-thread: pack 218.5 + sort 819.6 + reorder 136.9 ms, 84636 skipped)
  Total merge+gather+fixup: 4823 ms
[Correctness] Sample map verified against all 300005811 records — compact sort is FULL-KEY-EQUIVALENT.

Verifying...
  PASS sortedness: 300005811 records in non-decreasing order (572 ms)
  PASS multiset:   output is a permutation of input (hash=0x89c28ecae7c4b777, 2104 ms)

CSV,Quadro RTX 6000,36.00,300005811,2,2,2198.65,4823.03,7021.67,5.1271,9.60,1.20,10.80,0.3
