════════════════════════════════════════════════════
  GPU External Merge Sort — Streaming Benchmark
════════════════════════════════════════════════════
GPU: Quadro RTX 6000 (25.4 GB HBM, 72 SMs, 672 GB/s BW)
Data: 36.00 GB (300005811 records × 120 bytes) (from file)

Allocating 36.00 GB pinned host memory...
Loading from /tmp/lineitem_sf50_normalized.bin...
  Loaded 36.00 GB in 11050 ms (3.26 GB/s)


══════════ Experiment run 1/6 ══════════
[ExternalSort] GPU: 25.15 GB free, budget: 16.35 GB
[ExternalSort] Triple-buffer: 3 × 5.45 GB (45 M records each)
[ExternalSort] Sorting 300005811 records (36.00 GB)

[CompactDetect] 61/66 key bytes vary (stratified random sample 1000K of 300M records, 35 ms)
[CompactDetect] Varying byte positions: 0 1 5 7 8 10 11 12 13 14 15 16 17 18 19 20 21 22 23 24 25 26 27 28 29 30 31 32 33 34 35 36 ...
[CompactDetect] Compactness: 61/66 = 92% varying. Decision: compact UPLOAD still wins, but compact PREFIX may have ties (CPU fixup)
[CompactDetect] Per-position bit-widths: 1×1b  2×2b  6×4b  52×8b → 445 bits = 56 packed bytes (vs 61 current)
[CompactDetect] 32B prefix would cover 37/61 positions if nibble-packed (vs 32 currently)
== Step 1+2: Key Upload ==
  Keys too large for single-pass (19.8 GB > 22.6 GB)
  Using OVC ARCHITECTURE: run-gen + GPU OVC merge + CPU gather
  OVC buffers: 6.0 GB (4B OVC + 8B prefix + 4B perm per record)
  32B OVC extension: ENABLED (pfx3+pfx4 allocated, 4.8 GB extra)
  COMPACT UPLOAD: 170M rec/chunk, 2 chunks, PCIe 9.6 GB (vs 36.0 GB full), CUB scratch 145 MB

== Phase 1: Run Generation (chunked LSD sort) ==
  Run 1/2: 19484.9 MB (compact upload 5196.0 MB)      Run 2/2: 14848.1 MB (compact upload 3959.5 MB)    
  2 runs in 2168 ms (16.61 GB/s)

== Phase 2: GPU 32B Prefix Merge (4 CUB LSD passes) ==
  GPU free before merge alloc: 14.30 GB
  GPU free after merge alloc: 9.40 GB
  Pass 1 (sort by pfx4 + gather): 178 ms
  Pass 2 (sort by pfx3 + gather): 158 ms
  Pass 3 (sort by pfx2 + gather): 157 ms
  GPU 32B tie check: TIES FOUND — CPU fixup needed
  Pass 4 (sort by pfx1): 116 ms
  GPU 32B prefix merge total: 609 ms
  Downloaded perm in 94 ms
== Phase 3: CPU Gather ==
  Gathered 36.00 GB in 2199 ms (16.37 GB/s)
== Phase 4: CPU Prefix Fixup (32B prefix, ties detected) ==
  3153346 groups with ties (avg 95 records, scan 695 + stitch 87 ms)
  Groups stats: min=2 max=693 sum=299761123 (distribution: 1k=0 10k=0 100k=0 1m=0 10m=0)
  Fixup: active bytes are contiguous run [37..65] (8B key + 21B tail, fast path enabled)
  Fixup: 2344 ms [group-detect 783 + parallel 1551] (per-thread: pack 232.5 + sort 1117.4 + reorder 185.8 ms, 84636 skipped)
  Total merge+gather+fixup: 5246 ms
[Correctness] Sample map verified against all 300005811 records — compact sort is FULL-KEY-EQUIVALENT.

Verifying...
  PASS sortedness: 300005811 records in non-decreasing order (597 ms)
  PASS multiset:   output is a permutation of input (hash=0x89c28ecae7c4b777, 2388 ms)

CSV,Quadro RTX 6000,36.00,300005811,2,2,2167.63,5246.04,7413.67,4.8560,9.60,1.20,10.80,0.3

══════════ Experiment run 2/6 ══════════
[ExternalSort] GPU: 25.14 GB free, budget: 16.34 GB
[ExternalSort] Triple-buffer: 3 × 5.45 GB (45 M records each)
[ExternalSort] Sorting 300005811 records (36.00 GB)

[CompactDetect] 61/66 key bytes vary (stratified random sample 1000K of 300M records, 0 ms)
[CompactDetect] Varying byte positions: 0 1 5 7 8 10 11 12 13 14 15 16 17 18 19 20 21 22 23 24 25 26 27 28 29 30 31 32 33 34 35 36 ...
[CompactDetect] Compactness: 61/66 = 92% varying. Decision: compact UPLOAD still wins, but compact PREFIX may have ties (CPU fixup)
[CompactDetect] Per-position bit-widths: 1×1b  2×2b  6×4b  52×8b → 445 bits = 56 packed bytes (vs 61 current)
[CompactDetect] 32B prefix would cover 37/61 positions if nibble-packed (vs 32 currently)
== Step 1+2: Key Upload ==
  Keys too large for single-pass (19.8 GB > 22.6 GB)
  Using OVC ARCHITECTURE: run-gen + GPU OVC merge + CPU gather
  OVC buffers: 6.0 GB (4B OVC + 8B prefix + 4B perm per record)
  32B OVC extension: ENABLED (pfx3+pfx4 allocated, 4.8 GB extra)
  COMPACT UPLOAD: 170M rec/chunk, 2 chunks, PCIe 9.6 GB (vs 36.0 GB full), CUB scratch 145 MB

== Phase 1: Run Generation (chunked LSD sort) ==
  Run 1/2: 19476.7 MB (compact upload 5193.8 MB)      Run 2/2: 14856.2 MB (compact upload 3961.7 MB)    
  2 runs in 2186 ms (16.47 GB/s)

== Phase 2: GPU 32B Prefix Merge (4 CUB LSD passes) ==
  GPU free before merge alloc: 14.30 GB
  GPU free after merge alloc: 9.39 GB
  Pass 1 (sort by pfx4 + gather): 176 ms
  Pass 2 (sort by pfx3 + gather): 158 ms
  Pass 3 (sort by pfx2 + gather): 157 ms
  GPU 32B tie check: TIES FOUND — CPU fixup needed
  Pass 4 (sort by pfx1): 116 ms
  GPU 32B prefix merge total: 607 ms
  Downloaded perm in 94 ms
== Phase 3: CPU Gather ==
  Gathered 36.00 GB in 2097 ms (17.16 GB/s)
== Phase 4: CPU Prefix Fixup (32B prefix, ties detected) ==
  3153346 groups with ties (avg 95 records, scan 709 + stitch 71 ms)
  Groups stats: min=2 max=693 sum=299761123 (distribution: 1k=0 10k=0 100k=0 1m=0 10m=0)
  Fixup: active bytes are contiguous run [37..65] (8B key + 21B tail, fast path enabled)
  Fixup: 2352 ms [group-detect 781 + parallel 1561] (per-thread: pack 231.8 + sort 1123.3 + reorder 189.1 ms, 84636 skipped)
  Total merge+gather+fixup: 5149 ms
[Correctness] Sample map verified against all 300005811 records — compact sort is FULL-KEY-EQUIVALENT.

Verifying...
  PASS sortedness: 300005811 records in non-decreasing order (620 ms)
  PASS multiset:   output is a permutation of input (hash=0x89c28ecae7c4b777, 2106 ms)

CSV,Quadro RTX 6000,36.00,300005811,2,2,2185.98,5149.28,7335.26,4.9079,9.60,1.20,10.80,0.3

══════════ Experiment run 3/6 ══════════
[ExternalSort] GPU: 25.13 GB free, budget: 16.34 GB
[ExternalSort] Triple-buffer: 3 × 5.45 GB (45 M records each)
[ExternalSort] Sorting 300005811 records (36.00 GB)

[CompactDetect] 61/66 key bytes vary (stratified random sample 1000K of 300M records, 0 ms)
[CompactDetect] Varying byte positions: 0 1 5 7 8 10 11 12 13 14 15 16 17 18 19 20 21 22 23 24 25 26 27 28 29 30 31 32 33 34 35 36 ...
[CompactDetect] Compactness: 61/66 = 92% varying. Decision: compact UPLOAD still wins, but compact PREFIX may have ties (CPU fixup)
[CompactDetect] Per-position bit-widths: 1×1b  2×2b  6×4b  52×8b → 445 bits = 56 packed bytes (vs 61 current)
[CompactDetect] 32B prefix would cover 37/61 positions if nibble-packed (vs 32 currently)
== Step 1+2: Key Upload ==
  Keys too large for single-pass (19.8 GB > 22.6 GB)
  Using OVC ARCHITECTURE: run-gen + GPU OVC merge + CPU gather
  OVC buffers: 6.0 GB (4B OVC + 8B prefix + 4B perm per record)
  32B OVC extension: ENABLED (pfx3+pfx4 allocated, 4.8 GB extra)
  COMPACT UPLOAD: 170M rec/chunk, 2 chunks, PCIe 9.6 GB (vs 36.0 GB full), CUB scratch 145 MB

== Phase 1: Run Generation (chunked LSD sort) ==
  Run 1/2: 19473.5 MB (compact upload 5192.9 MB)      Run 2/2: 14859.4 MB (compact upload 3962.5 MB)    
  2 runs in 2240 ms (16.07 GB/s)

== Phase 2: GPU 32B Prefix Merge (4 CUB LSD passes) ==
  GPU free before merge alloc: 14.30 GB
  GPU free after merge alloc: 9.39 GB
  Pass 1 (sort by pfx4 + gather): 176 ms
  Pass 2 (sort by pfx3 + gather): 158 ms
  Pass 3 (sort by pfx2 + gather): 157 ms
  GPU 32B tie check: TIES FOUND — CPU fixup needed
  Pass 4 (sort by pfx1): 116 ms
  GPU 32B prefix merge total: 606 ms
  Downloaded perm in 94 ms
== Phase 3: CPU Gather ==
  Gathered 36.00 GB in 2073 ms (17.37 GB/s)
== Phase 4: CPU Prefix Fixup (32B prefix, ties detected) ==
  3153346 groups with ties (avg 95 records, scan 696 + stitch 74 ms)
  Groups stats: min=2 max=693 sum=299761123 (distribution: 1k=0 10k=0 100k=0 1m=0 10m=0)
  Fixup: active bytes are contiguous run [37..65] (8B key + 21B tail, fast path enabled)
  Fixup: 2346 ms [group-detect 770 + parallel 1566] (per-thread: pack 249.6 + sort 1112.8 + reorder 187.8 ms, 84636 skipped)
  Total merge+gather+fixup: 5119 ms
[Correctness] Sample map verified against all 300005811 records — compact sort is FULL-KEY-EQUIVALENT.

Verifying...
  PASS sortedness: 300005811 records in non-decreasing order (557 ms)
  PASS multiset:   output is a permutation of input (hash=0x89c28ecae7c4b777, 2120 ms)

CSV,Quadro RTX 6000,36.00,300005811,2,2,2239.85,5118.80,7358.65,4.8923,9.60,1.20,10.80,0.3

══════════ Experiment run 4/6 ══════════
[ExternalSort] GPU: 25.13 GB free, budget: 16.33 GB
[ExternalSort] Triple-buffer: 3 × 5.44 GB (45 M records each)
[ExternalSort] Sorting 300005811 records (36.00 GB)

[CompactDetect] 61/66 key bytes vary (stratified random sample 1000K of 300M records, 0 ms)
[CompactDetect] Varying byte positions: 0 1 5 7 8 10 11 12 13 14 15 16 17 18 19 20 21 22 23 24 25 26 27 28 29 30 31 32 33 34 35 36 ...
[CompactDetect] Compactness: 61/66 = 92% varying. Decision: compact UPLOAD still wins, but compact PREFIX may have ties (CPU fixup)
[CompactDetect] Per-position bit-widths: 1×1b  2×2b  6×4b  52×8b → 445 bits = 56 packed bytes (vs 61 current)
[CompactDetect] 32B prefix would cover 37/61 positions if nibble-packed (vs 32 currently)
== Step 1+2: Key Upload ==
  Keys too large for single-pass (19.8 GB > 22.6 GB)
  Using OVC ARCHITECTURE: run-gen + GPU OVC merge + CPU gather
  OVC buffers: 6.0 GB (4B OVC + 8B prefix + 4B perm per record)
  32B OVC extension: ENABLED (pfx3+pfx4 allocated, 4.8 GB extra)
  COMPACT UPLOAD: 170M rec/chunk, 2 chunks, PCIe 9.6 GB (vs 36.0 GB full), CUB scratch 145 MB

== Phase 1: Run Generation (chunked LSD sort) ==
  Run 1/2: 19468.6 MB (compact upload 5191.6 MB)      Run 2/2: 14864.3 MB (compact upload 3963.8 MB)    
  2 runs in 2155 ms (16.70 GB/s)

== Phase 2: GPU 32B Prefix Merge (4 CUB LSD passes) ==
  GPU free before merge alloc: 14.29 GB
  GPU free after merge alloc: 9.39 GB
  Pass 1 (sort by pfx4 + gather): 176 ms
  Pass 2 (sort by pfx3 + gather): 158 ms
  Pass 3 (sort by pfx2 + gather): 157 ms
  GPU 32B tie check: TIES FOUND — CPU fixup needed
  Pass 4 (sort by pfx1): 116 ms
  GPU 32B prefix merge total: 606 ms
  Downloaded perm in 94 ms
== Phase 3: CPU Gather ==
  Gathered 36.00 GB in 2196 ms (16.39 GB/s)
== Phase 4: CPU Prefix Fixup (32B prefix, ties detected) ==
  3153346 groups with ties (avg 95 records, scan 686 + stitch 64 ms)
  Groups stats: min=2 max=693 sum=299761123 (distribution: 1k=0 10k=0 100k=0 1m=0 10m=0)
  Fixup: active bytes are contiguous run [37..65] (8B key + 21B tail, fast path enabled)
  Fixup: 2319 ms [group-detect 750 + parallel 1559] (per-thread: pack 234.3 + sort 1122.4 + reorder 187.5 ms, 84636 skipped)
  Total merge+gather+fixup: 5215 ms
[Correctness] Sample map verified against all 300005811 records — compact sort is FULL-KEY-EQUIVALENT.

Verifying...
  PASS sortedness: 300005811 records in non-decreasing order (591 ms)
  PASS multiset:   output is a permutation of input (hash=0x89c28ecae7c4b777, 2169 ms)

CSV,Quadro RTX 6000,36.00,300005811,2,2,2155.12,5215.03,7370.15,4.8847,9.60,1.20,10.80,0.3

══════════ Experiment run 5/6 ══════════
[ExternalSort] GPU: 25.12 GB free, budget: 16.33 GB
[ExternalSort] Triple-buffer: 3 × 5.44 GB (45 M records each)
[ExternalSort] Sorting 300005811 records (36.00 GB)

[CompactDetect] 61/66 key bytes vary (stratified random sample 1000K of 300M records, 0 ms)
[CompactDetect] Varying byte positions: 0 1 5 7 8 10 11 12 13 14 15 16 17 18 19 20 21 22 23 24 25 26 27 28 29 30 31 32 33 34 35 36 ...
[CompactDetect] Compactness: 61/66 = 92% varying. Decision: compact UPLOAD still wins, but compact PREFIX may have ties (CPU fixup)
[CompactDetect] Per-position bit-widths: 1×1b  2×2b  6×4b  52×8b → 445 bits = 56 packed bytes (vs 61 current)
[CompactDetect] 32B prefix would cover 37/61 positions if nibble-packed (vs 32 currently)
== Step 1+2: Key Upload ==
  Keys too large for single-pass (19.8 GB > 22.6 GB)
  Using OVC ARCHITECTURE: run-gen + GPU OVC merge + CPU gather
  OVC buffers: 6.0 GB (4B OVC + 8B prefix + 4B perm per record)
  32B OVC extension: ENABLED (pfx3+pfx4 allocated, 4.8 GB extra)
  COMPACT UPLOAD: 170M rec/chunk, 2 chunks, PCIe 9.6 GB (vs 36.0 GB full), CUB scratch 145 MB

== Phase 1: Run Generation (chunked LSD sort) ==
  Run 1/2: 19465.4 MB (compact upload 5190.8 MB)      Run 2/2: 14867.6 MB (compact upload 3964.7 MB)    
  2 runs in 2158 ms (16.68 GB/s)

== Phase 2: GPU 32B Prefix Merge (4 CUB LSD passes) ==
  GPU free before merge alloc: 14.29 GB
  GPU free after merge alloc: 9.39 GB
  Pass 1 (sort by pfx4 + gather): 175 ms
  Pass 2 (sort by pfx3 + gather): 158 ms
  Pass 3 (sort by pfx2 + gather): 156 ms
  GPU 32B tie check: TIES FOUND — CPU fixup needed
  Pass 4 (sort by pfx1): 116 ms
  GPU 32B prefix merge total: 606 ms
  Downloaded perm in 94 ms
== Phase 3: CPU Gather ==
  Gathered 36.00 GB in 2106 ms (17.10 GB/s)
== Phase 4: CPU Prefix Fixup (32B prefix, ties detected) ==
  3153346 groups with ties (avg 95 records, scan 695 + stitch 71 ms)
  Groups stats: min=2 max=693 sum=299761123 (distribution: 1k=0 10k=0 100k=0 1m=0 10m=0)
  Fixup: active bytes are contiguous run [37..65] (8B key + 21B tail, fast path enabled)
  Fixup: 2340 ms [group-detect 766 + parallel 1564] (per-thread: pack 243.1 + sort 1115.2 + reorder 189.3 ms, 84636 skipped)
  Total merge+gather+fixup: 5145 ms
[Correctness] Sample map verified against all 300005811 records — compact sort is FULL-KEY-EQUIVALENT.

Verifying...
  PASS sortedness: 300005811 records in non-decreasing order (548 ms)
  PASS multiset:   output is a permutation of input (hash=0x89c28ecae7c4b777, 2152 ms)

CSV,Quadro RTX 6000,36.00,300005811,2,2,2158.18,5144.69,7302.87,4.9297,9.60,1.20,10.80,0.3

══════════ Experiment run 6/6 ══════════
[ExternalSort] GPU: 25.12 GB free, budget: 16.33 GB
[ExternalSort] Triple-buffer: 3 × 5.44 GB (45 M records each)
[ExternalSort] Sorting 300005811 records (36.00 GB)

[CompactDetect] 61/66 key bytes vary (stratified random sample 1000K of 300M records, 0 ms)
[CompactDetect] Varying byte positions: 0 1 5 7 8 10 11 12 13 14 15 16 17 18 19 20 21 22 23 24 25 26 27 28 29 30 31 32 33 34 35 36 ...
[CompactDetect] Compactness: 61/66 = 92% varying. Decision: compact UPLOAD still wins, but compact PREFIX may have ties (CPU fixup)
[CompactDetect] Per-position bit-widths: 1×1b  2×2b  6×4b  52×8b → 445 bits = 56 packed bytes (vs 61 current)
[CompactDetect] 32B prefix would cover 37/61 positions if nibble-packed (vs 32 currently)
== Step 1+2: Key Upload ==
  Keys too large for single-pass (19.8 GB > 22.6 GB)
  Using OVC ARCHITECTURE: run-gen + GPU OVC merge + CPU gather
  OVC buffers: 6.0 GB (4B OVC + 8B prefix + 4B perm per record)
  32B OVC extension: ENABLED (pfx3+pfx4 allocated, 4.8 GB extra)
  COMPACT UPLOAD: 170M rec/chunk, 2 chunks, PCIe 9.6 GB (vs 36.0 GB full), CUB scratch 145 MB

== Phase 1: Run Generation (chunked LSD sort) ==
  Run 1/2: 19462.1 MB (compact upload 5189.9 MB)      Run 2/2: 14870.8 MB (compact upload 3965.6 MB)    
  2 runs in 2182 ms (16.50 GB/s)

== Phase 2: GPU 32B Prefix Merge (4 CUB LSD passes) ==
  GPU free before merge alloc: 14.29 GB
  GPU free after merge alloc: 9.39 GB
  Pass 1 (sort by pfx4 + gather): 175 ms
  Pass 2 (sort by pfx3 + gather): 158 ms
  Pass 3 (sort by pfx2 + gather): 157 ms
  GPU 32B tie check: TIES FOUND — CPU fixup needed
  Pass 4 (sort by pfx1): 116 ms
  GPU 32B prefix merge total: 606 ms
  Downloaded perm in 94 ms
== Phase 3: CPU Gather ==
  Gathered 36.00 GB in 2167 ms (16.61 GB/s)
== Phase 4: CPU Prefix Fixup (32B prefix, ties detected) ==
  3153346 groups with ties (avg 95 records, scan 683 + stitch 71 ms)
  Groups stats: min=2 max=693 sum=299761123 (distribution: 1k=0 10k=0 100k=0 1m=0 10m=0)
  Fixup: active bytes are contiguous run [37..65] (8B key + 21B tail, fast path enabled)
  Fixup: 2315 ms [group-detect 754 + parallel 1551] (per-thread: pack 234.4 + sort 1115.7 + reorder 185.6 ms, 84636 skipped)
  Total merge+gather+fixup: 5181 ms
[Correctness] Sample map verified against all 300005811 records — compact sort is FULL-KEY-EQUIVALENT.

Verifying...
  PASS sortedness: 300005811 records in non-decreasing order (612 ms)
  PASS multiset:   output is a permutation of input (hash=0x89c28ecae7c4b777, 2148 ms)

CSV,Quadro RTX 6000,36.00,300005811,2,2,2182.12,5181.30,7363.43,4.8891,9.60,1.20,10.80,0.3
