════════════════════════════════════════════════════
  GPU External Merge Sort — Streaming Benchmark
════════════════════════════════════════════════════
GPU: Quadro RTX 6000 (25.4 GB HBM, 72 SMs, 672 GB/s BW)
Data: 7.20 GB (59986052 records × 120 bytes) (from file)

Allocating 7.20 GB pinned host memory...
Loading from /tmp/lineitem_sf10_normalized.bin...
  Loaded 7.20 GB in 1650 ms (4.36 GB/s)


══════════ Experiment run 1/3 ══════════
[ExternalSort] GPU: 25.20 GB free, budget: 16.38 GB
[ExternalSort] Triple-buffer: 3 × 5.46 GB (46 M records each)
[ExternalSort] Sorting 59986052 records (7.20 GB)

[CompactDetect] 61/66 key bytes vary (stratified random sample 1000K of 59M records, 32 ms)
[CompactDetect] Varying byte positions: 0 1 5 7 8 10 11 12 13 14 15 16 17 18 19 20 21 22 23 24 25 26 27 28 29 30 31 32 33 34 35 36 ...
[CompactDetect] Compactness: 61/66 = 92% varying. Decision: compact UPLOAD still wins, but compact PREFIX may have ties (CPU fixup)
== Step 1+2: Key Upload ==
  Uploaded 3.96 GB keys (strided, GPU-direct) in 943 ms (7.63 GB/s effective)
== Step 3: GPU CUB Radix Sort ==
  LSD sort: 9 passes for 66-byte key
    Pass 1 (bytes 64-65): 12.4 ms
    Pass 2 (bytes 56-63): 36.7 ms
    Pass 3 (bytes 48-55): 39.8 ms
    Pass 4 (bytes 40-47): 42.7 ms
    Pass 5 (bytes 32-39): 43.7 ms
    Pass 6 (bytes 24-31): 43.6 ms
    Pass 7 (bytes 16-23): 43.8 ms
    Pass 8 (bytes 8-15): 43.6 ms
    Pass 9 (bytes 0-7): 43.7 ms
  Sorted 59986052 keys in 354 ms
== Step 4: Download Permutation ==
  Downloaded 0.24 GB perm in 21 ms
== Step 5: CPU Gather ==
  Gathered 7.20 GB in 423 ms (17.02 GB/s)
[Correctness] Full-key sort path (no compaction) — inherently correct.

[ExternalSort] ═══════════════════════════════════════
  DONE: 1741 ms (gen: 1318 + merge: 423)
  Throughput: 4.13 GB/s
  Runs: 1 | Merge passes: 1
  PCIe: 4.0 GB H2D + 0.2 GB D2H = 4.2 GB total (0.6x amplification)
═══════════════════════════════════════════════════════

Verifying...
  PASS sortedness: 59986052 records in non-decreasing order (132 ms)
  PASS multiset:   output is a permutation of input (hash=0x02adf169d10af720, 529 ms)

CSV,Quadro RTX 6000,7.20,59986052,1,1,1318.19,423.01,1741.20,4.1341,3.96,0.24,4.20,0.6

══════════ Experiment run 2/3 ══════════
[ExternalSort] GPU: 25.19 GB free, budget: 16.38 GB
[ExternalSort] Triple-buffer: 3 × 5.46 GB (45 M records each)
[ExternalSort] Sorting 59986052 records (7.20 GB)

[CompactDetect] 61/66 key bytes vary (stratified random sample 1000K of 59M records, 0 ms)
[CompactDetect] Varying byte positions: 0 1 5 7 8 10 11 12 13 14 15 16 17 18 19 20 21 22 23 24 25 26 27 28 29 30 31 32 33 34 35 36 ...
[CompactDetect] Compactness: 61/66 = 92% varying. Decision: compact UPLOAD still wins, but compact PREFIX may have ties (CPU fixup)
== Step 1+2: Key Upload ==
  Uploaded 3.96 GB keys (strided, GPU-direct) in 13 ms (536.19 GB/s effective)
== Step 3: GPU CUB Radix Sort ==
  LSD sort: 9 passes for 66-byte key
    Pass 1 (bytes 64-65): 12.3 ms
    Pass 2 (bytes 56-63): 36.7 ms
    Pass 3 (bytes 48-55): 39.8 ms
    Pass 4 (bytes 40-47): 42.7 ms
    Pass 5 (bytes 32-39): 43.7 ms
    Pass 6 (bytes 24-31): 43.6 ms
    Pass 7 (bytes 16-23): 43.8 ms
    Pass 8 (bytes 8-15): 43.6 ms
    Pass 9 (bytes 0-7): 43.7 ms
  Sorted 59986052 keys in 1288 ms
== Step 4: Download Permutation ==
  Downloaded 0.24 GB perm in 21 ms
== Step 5: CPU Gather ==
  Gathered 7.20 GB in 432 ms (16.66 GB/s)
[Correctness] Full-key sort path (no compaction) — inherently correct.

[ExternalSort] ═══════════════════════════════════════
  DONE: 1754 ms (gen: 1322 + merge: 432)
  Throughput: 4.10 GB/s
  Runs: 1 | Merge passes: 1
  PCIe: 4.0 GB H2D + 0.2 GB D2H = 4.2 GB total (0.6x amplification)
═══════════════════════════════════════════════════════

Verifying...
  PASS sortedness: 59986052 records in non-decreasing order (130 ms)
  PASS multiset:   output is a permutation of input (hash=0x02adf169d10af720, 498 ms)

CSV,Quadro RTX 6000,7.20,59986052,1,1,1321.81,432.03,1753.84,4.1043,3.96,0.24,4.20,0.6

══════════ Experiment run 3/3 ══════════
[ExternalSort] GPU: 25.19 GB free, budget: 16.38 GB
[ExternalSort] Triple-buffer: 3 × 5.46 GB (45 M records each)
[ExternalSort] Sorting 59986052 records (7.20 GB)

[CompactDetect] 61/66 key bytes vary (stratified random sample 1000K of 59M records, 0 ms)
[CompactDetect] Varying byte positions: 0 1 5 7 8 10 11 12 13 14 15 16 17 18 19 20 21 22 23 24 25 26 27 28 29 30 31 32 33 34 35 36 ...
[CompactDetect] Compactness: 61/66 = 92% varying. Decision: compact UPLOAD still wins, but compact PREFIX may have ties (CPU fixup)
== Step 1+2: Key Upload ==
  Uploaded 3.96 GB keys (strided, GPU-direct) in 14 ms (532.26 GB/s effective)
== Step 3: GPU CUB Radix Sort ==
  LSD sort: 9 passes for 66-byte key
    Pass 1 (bytes 64-65): 12.3 ms
    Pass 2 (bytes 56-63): 36.8 ms
    Pass 3 (bytes 48-55): 39.9 ms
    Pass 4 (bytes 40-47): 42.8 ms
    Pass 5 (bytes 32-39): 43.8 ms
    Pass 6 (bytes 24-31): 43.7 ms
    Pass 7 (bytes 16-23): 43.9 ms
    Pass 8 (bytes 8-15): 43.6 ms
    Pass 9 (bytes 0-7): 43.7 ms
  Sorted 59986052 keys in 1313 ms
== Step 4: Download Permutation ==
  Downloaded 0.24 GB perm in 21 ms
== Step 5: CPU Gather ==
  Gathered 7.20 GB in 440 ms (16.37 GB/s)
[Correctness] Full-key sort path (no compaction) — inherently correct.

[ExternalSort] ═══════════════════════════════════════
  DONE: 1787 ms (gen: 1348 + merge: 440)
  Throughput: 4.03 GB/s
  Runs: 1 | Merge passes: 1
  PCIe: 4.0 GB H2D + 0.2 GB D2H = 4.2 GB total (0.6x amplification)
═══════════════════════════════════════════════════════

Verifying...
  PASS sortedness: 59986052 records in non-decreasing order (126 ms)
  PASS multiset:   output is a permutation of input (hash=0x02adf169d10af720, 522 ms)

CSV,Quadro RTX 6000,7.20,59986052,1,1,1347.69,439.79,1787.49,4.0271,3.96,0.24,4.20,0.6
