════════════════════════════════════════════════════
  GPU External Merge Sort — Streaming Benchmark
════════════════════════════════════════════════════
GPU: Quadro RTX 6000 (25.4 GB HBM, 72 SMs, 672 GB/s BW)
Data: 36.00 GB (300005811 records × 120 bytes) (from file)

Allocating 36.00 GB pinned host memory...
Loading from /dev/shm/lineitem_sf50_pool1000.bin...
  Loaded 36.00 GB in 11114 ms (3.24 GB/s)


══════════ Experiment run 1/3 ══════════
[ExternalSort] GPU: 25.15 GB free, budget: 16.35 GB
[ExternalSort] Triple-buffer: 3 × 5.45 GB (45 M records each)
[ExternalSort] Sorting 300005811 records (36.00 GB)

[CompactDetect] 66/66 key bytes vary (stratified random sample 1000K of 300M records, 36 ms)
[CompactDetect] Varying byte positions: 0 1 2 3 4 5 6 7 8 9 10 11 12 13 14 15 16 17 18 19 20 21 22 23 24 25 26 27 28 29 30 31 ...
[CompactDetect] Compactness: 66/66 = 100% varying. Decision: too many varying bytes — no compression benefit, use full upload
== Step 1+2: Key Upload ==
  Keys too large for single-pass (19.8 GB > 22.6 GB)
  Using OVC ARCHITECTURE: run-gen + GPU OVC merge + CPU gather
  OVC buffers: 6.0 GB (4B OVC + 8B prefix + 4B perm per record)
  32B OVC extension: ENABLED (pfx3+pfx4 allocated, 4.8 GB extra)
  COMPACT UPLOAD: 170M rec/chunk, 2 chunks, PCIe 9.6 GB (vs 36.0 GB full), CUB scratch 145 MB

== Phase 1: Run Generation (chunked LSD sort) ==
  Run 1/2: 19484.9 MB (compact upload 5196.0 MB)      Run 2/2: 14848.1 MB (compact upload 3959.5 MB)    [Hybrid] 132355033 exception records found (first differing byte 64).
  Compact sort not safe. Discarding result and falling back to the
  full-key upload path for a guaranteed-correct sort.
CUDA error at src/external_sort.cu:1266: invalid argument

  2 runs in 4671 ms (7.71 GB/s)

== Phase 2: GPU 32B Prefix Merge (4 CUB LSD passes) ==
  GPU free before merge alloc: 14.30 GB
  GPU free after merge alloc: 9.40 GB
  Pass 1 (sort by pfx4 + gather): 175 ms
  Pass 2 (sort by pfx3 + gather): 157 ms
  Pass 3 (sort by pfx2 + gather): 157 ms
  GPU 32B tie check: TIES FOUND — CPU fixup needed
  Pass 4 (sort by pfx1): 117 ms
  GPU 32B prefix merge total: 605 ms
  Downloaded perm in 94 ms
== Phase 3: CPU Gather ==
  Gathered 36.00 GB in 2177 ms (16.53 GB/s)
== Phase 4: CPU Prefix Fixup (32B prefix, ties detected) ==
  1000 groups with ties (avg 300006 records, scan 831 + stitch 0 ms)
  Groups stats: min=300005 max=300006 sum=300005811 (distribution: 1k=0 10k=0 100k=1000 1m=0 10m=0)
  Fixup: 9805 ms [group-detect 831 + parallel 8973] (per-thread: pack 143.8 + sort 1830.6 + reorder 559.8 ms, 0 skipped)
  Total merge+gather+fixup: 12681 ms
[Hybrid] Retrying with full-key upload path...
[ExternalSort] GPU: 25.14 GB free, budget: 16.34 GB
[ExternalSort] Triple-buffer: 3 × 5.45 GB (45 M records each)
[ExternalSort] Sorting 300005811 records (36.00 GB)

[CompactDetect] 66/66 key bytes vary (stratified random sample 1000K of 300M records, 0 ms)
[CompactDetect] Varying byte positions: 0 1 2 3 4 5 6 7 8 9 10 11 12 13 14 15 16 17 18 19 20 21 22 23 24 25 26 27 28 29 30 31 ...
[CompactDetect] Compactness: 66/66 = 100% varying. Decision: too many varying bytes — no compression benefit, use full upload
== Step 1+2: Key Upload ==
  Keys too large for single-pass (19.8 GB > 22.6 GB)
  Using OVC ARCHITECTURE: run-gen + GPU OVC merge + CPU gather
  OVC buffers: 6.0 GB (4B OVC + 8B prefix + 4B perm per record)
  32B OVC extension: ENABLED (pfx3+pfx4 allocated, 4.8 GB extra)
  COMPACT UPLOAD: 170M rec/chunk, 2 chunks, PCIe 9.6 GB (vs 36.0 GB full), CUB scratch 145 MB

== Phase 1: Run Generation (chunked LSD sort) ==
