════════════════════════════════════════════════════
  GPU External Merge Sort — Streaming Benchmark
════════════════════════════════════════════════════
GPU: Quadro RTX 6000 (25.4 GB HBM, 72 SMs, 672 GB/s BW)
Data: 36.00 GB (300005811 records × 120 bytes) (from file)

Allocating 36.00 GB pinned host memory...
Loading from /dev/shm/lineitem_sf50_zero8.bin...
  Loaded 36.00 GB in 12061 ms (2.98 GB/s)


══════════ Experiment run 1/3 ══════════
[ExternalSort] GPU: 25.15 GB free, budget: 16.35 GB
[ExternalSort] Triple-buffer: 3 × 5.45 GB (45 M records each)
[ExternalSort] Sorting 300005811 records (36.00 GB)

[CompactDetect] 57/66 key bytes vary (stratified random sample 1000K of 300M records, 43 ms)
[CompactDetect] Varying byte positions: 8 10 11 12 13 14 15 16 17 18 19 20 21 22 23 24 25 26 27 28 29 30 31 32 33 34 35 36 37 38 39 40 ...
[CompactDetect] Compactness: 57/66 = 86% varying. Decision: compact UPLOAD still wins, but compact PREFIX may have ties (CPU fixup)
== Step 1+2: Key Upload ==
  Keys too large for single-pass (19.8 GB > 22.6 GB)
  Using OVC ARCHITECTURE: run-gen + GPU OVC merge + CPU gather
  OVC buffers: 6.0 GB (4B OVC + 8B prefix + 4B perm per record)
  32B OVC extension: ENABLED (pfx3+pfx4 allocated, 4.8 GB extra)
  COMPACT UPLOAD: 170M rec/chunk, 2 chunks, PCIe 9.6 GB (vs 36.0 GB full), CUB scratch 145 MB

== Phase 1: Run Generation (chunked LSD sort) ==
  Run 1/2: 19484.9 MB (compact upload 5196.0 MB)      Run 2/2: 14848.1 MB (compact upload 3959.5 MB)    
  2 runs in 2139 ms (16.83 GB/s)

== Phase 2: GPU 32B Prefix Merge (4 CUB LSD passes) ==
  GPU free before merge alloc: 14.30 GB
  GPU free after merge alloc: 9.40 GB
  Pass 1 (sort by pfx4 + gather): 183 ms
  Pass 2 (sort by pfx3 + gather): 168 ms
  Pass 3 (sort by pfx2 + gather): 159 ms
  GPU 32B tie check: TIES FOUND — CPU fixup needed
  Pass 4 (sort by pfx1): 116 ms
  GPU 32B prefix merge total: 626 ms
  Downloaded perm in 91 ms
== Phase 3: CPU Gather ==
  Gathered 36.00 GB in 1464 ms (24.58 GB/s)
== Phase 4: CPU Prefix Fixup (32B prefix, ties detected) ==
  17166549 groups with ties (avg 17 records, scan 427 + stitch 1038 ms)
  Groups stats: min=2 max=586 sum=289304832 (distribution: 1k=0 10k=0 100k=0 1m=0 10m=0)
  Fixup: active bytes are contiguous run [41..65] (8B key + 17B tail, fast path enabled)
  Fixup: 2771 ms [group-detect 1466 + parallel 1217] (per-thread: pack 533.0 + sort 482.8 + reorder 148.9 ms, 2458408 skipped)
  Total merge+gather+fixup: 4953 ms
[Correctness] Sample map verified against all 300005811 records — compact sort is FULL-KEY-EQUIVALENT.

Verifying...
  PASS sortedness: 300005811 records in non-decreasing order (527 ms)
  PASS multiset:   output is a permutation of input (hash=0xb70371e5386ef76e, 2494 ms)

CSV,Quadro RTX 6000,36.00,300005811,2,2,2138.84,4952.94,7091.78,5.0764,9.60,1.20,10.80,0.3

══════════ Experiment run 2/3 ══════════
[ExternalSort] GPU: 25.14 GB free, budget: 16.34 GB
[ExternalSort] Triple-buffer: 3 × 5.45 GB (45 M records each)
[ExternalSort] Sorting 300005811 records (36.00 GB)

[CompactDetect] 57/66 key bytes vary (stratified random sample 1000K of 300M records, 0 ms)
[CompactDetect] Varying byte positions: 8 10 11 12 13 14 15 16 17 18 19 20 21 22 23 24 25 26 27 28 29 30 31 32 33 34 35 36 37 38 39 40 ...
[CompactDetect] Compactness: 57/66 = 86% varying. Decision: compact UPLOAD still wins, but compact PREFIX may have ties (CPU fixup)
== Step 1+2: Key Upload ==
  Keys too large for single-pass (19.8 GB > 22.6 GB)
  Using OVC ARCHITECTURE: run-gen + GPU OVC merge + CPU gather
  OVC buffers: 6.0 GB (4B OVC + 8B prefix + 4B perm per record)
  32B OVC extension: ENABLED (pfx3+pfx4 allocated, 4.8 GB extra)
  COMPACT UPLOAD: 170M rec/chunk, 2 chunks, PCIe 9.6 GB (vs 36.0 GB full), CUB scratch 145 MB

== Phase 1: Run Generation (chunked LSD sort) ==
  Run 1/2: 19476.7 MB (compact upload 5193.8 MB)      Run 2/2: 14856.2 MB (compact upload 3961.7 MB)    
  2 runs in 2168 ms (16.60 GB/s)

== Phase 2: GPU 32B Prefix Merge (4 CUB LSD passes) ==
  GPU free before merge alloc: 14.30 GB
  GPU free after merge alloc: 9.39 GB
  Pass 1 (sort by pfx4 + gather): 181 ms
  Pass 2 (sort by pfx3 + gather): 168 ms
  Pass 3 (sort by pfx2 + gather): 159 ms
  GPU 32B tie check: TIES FOUND — CPU fixup needed
  Pass 4 (sort by pfx1): 116 ms
  GPU 32B prefix merge total: 624 ms
  Downloaded perm in 91 ms
== Phase 3: CPU Gather ==
  Gathered 36.00 GB in 1539 ms (23.40 GB/s)
== Phase 4: CPU Prefix Fixup (32B prefix, ties detected) ==
  17166549 groups with ties (avg 17 records, scan 535 + stitch 723 ms)
  Groups stats: min=2 max=586 sum=289304832 (distribution: 1k=0 10k=0 100k=0 1m=0 10m=0)
  Fixup: active bytes are contiguous run [41..65] (8B key + 17B tail, fast path enabled)
  Fixup: 2502 ms [group-detect 1259 + parallel 1178] (per-thread: pack 505.4 + sort 477.2 + reorder 145.5 ms, 2458408 skipped)
  Total merge+gather+fixup: 4756 ms
[Correctness] Sample map verified against all 300005811 records — compact sort is FULL-KEY-EQUIVALENT.

Verifying...
  PASS sortedness: 300005811 records in non-decreasing order (497 ms)
  PASS multiset:   output is a permutation of input (hash=0xb70371e5386ef76e, 2233 ms)

CSV,Quadro RTX 6000,36.00,300005811,2,2,2168.37,4756.10,6924.47,5.1991,9.60,1.20,10.80,0.3

══════════ Experiment run 3/3 ══════════
[ExternalSort] GPU: 25.13 GB free, budget: 16.33 GB
[ExternalSort] Triple-buffer: 3 × 5.44 GB (45 M records each)
[ExternalSort] Sorting 300005811 records (36.00 GB)

[CompactDetect] 57/66 key bytes vary (stratified random sample 1000K of 300M records, 0 ms)
[CompactDetect] Varying byte positions: 8 10 11 12 13 14 15 16 17 18 19 20 21 22 23 24 25 26 27 28 29 30 31 32 33 34 35 36 37 38 39 40 ...
[CompactDetect] Compactness: 57/66 = 86% varying. Decision: compact UPLOAD still wins, but compact PREFIX may have ties (CPU fixup)
== Step 1+2: Key Upload ==
  Keys too large for single-pass (19.8 GB > 22.6 GB)
  Using OVC ARCHITECTURE: run-gen + GPU OVC merge + CPU gather
  OVC buffers: 6.0 GB (4B OVC + 8B prefix + 4B perm per record)
  32B OVC extension: ENABLED (pfx3+pfx4 allocated, 4.8 GB extra)
  COMPACT UPLOAD: 170M rec/chunk, 2 chunks, PCIe 9.6 GB (vs 36.0 GB full), CUB scratch 145 MB

== Phase 1: Run Generation (chunked LSD sort) ==
  Run 1/2: 19471.9 MB (compact upload 5192.5 MB)      Run 2/2: 14861.1 MB (compact upload 3963.0 MB)    
  2 runs in 2126 ms (16.93 GB/s)

== Phase 2: GPU 32B Prefix Merge (4 CUB LSD passes) ==
  GPU free before merge alloc: 14.30 GB
  GPU free after merge alloc: 9.39 GB
  Pass 1 (sort by pfx4 + gather): 180 ms
  Pass 2 (sort by pfx3 + gather): 168 ms
  Pass 3 (sort by pfx2 + gather): 159 ms
  GPU 32B tie check: TIES FOUND — CPU fixup needed
  Pass 4 (sort by pfx1): 116 ms
  GPU 32B prefix merge total: 623 ms
  Downloaded perm in 91 ms
== Phase 3: CPU Gather ==
  Gathered 36.00 GB in 1504 ms (23.94 GB/s)
== Phase 4: CPU Prefix Fixup (32B prefix, ties detected) ==
  17166549 groups with ties (avg 17 records, scan 444 + stitch 1349 ms)
  Groups stats: min=2 max=586 sum=289304832 (distribution: 1k=0 10k=0 100k=0 1m=0 10m=0)
  Fixup: active bytes are contiguous run [41..65] (8B key + 17B tail, fast path enabled)
  Fixup: 3027 ms [group-detect 1793 + parallel 1145] (per-thread: pack 456.8 + sort 484.4 + reorder 148.7 ms, 2458408 skipped)
  Total merge+gather+fixup: 5245 ms
[Correctness] Sample map verified against all 300005811 records — compact sort is FULL-KEY-EQUIVALENT.

Verifying...
  PASS sortedness: 300005811 records in non-decreasing order (446 ms)
  PASS multiset:   output is a permutation of input (hash=0xb70371e5386ef76e, 2280 ms)

CSV,Quadro RTX 6000,36.00,300005811,2,2,2126.24,5245.36,7371.60,4.8837,9.60,1.20,10.80,0.3
