════════════════════════════════════════════════════
  GPU External Merge Sort — Streaming Benchmark
════════════════════════════════════════════════════
GPU: Quadro RTX 6000 (25.4 GB HBM, 72 SMs, 672 GB/s BW)
Data: 72.00 GB (600037902 records × 120 bytes) (from file)

Allocating 72.00 GB pinned host memory...
Loading from /tmp/lineitem_sf100_normalized.bin...
  Loaded 72.00 GB in 183138 ms (0.39 GB/s)


══════════ Experiment run 1/3 ══════════
[ExternalSort] GPU: 25.07 GB free, budget: 16.30 GB
[ExternalSort] Triple-buffer: 3 × 5.43 GB (45 M records each)
[ExternalSort] Sorting 600037902 records (72.00 GB)

[CompactDetect] 27/66 key bytes vary (stratified random sample 1000K of 600M records, 38 ms)
[CompactDetect] Varying byte positions: 0 1 4 5 8 9 12 13 19 20 21 29 37 44 45 50 51 52 53 54 55 56 57 59 60 61 65
[CompactDetect] Compactness: 27/66 = 41% varying. Decision: compact upload WINS (≤32 varying bytes, fits in 32B compact buffer)
[CompactDetect] Per-position bit-widths: 1×1b  0×2b  8×4b  18×8b → 177 bits = 23 packed bytes (vs 27 current)
[CompactDetect] 32B prefix would cover 27/27 positions if nibble-packed (vs 27 currently)
== Step 1+2: Key Upload ==
  Keys too large for single-pass (39.6 GB > 22.5 GB)
  Using OVC ARCHITECTURE: run-gen + GPU OVC merge + CPU gather
  OVC buffers: 12.0 GB (4B OVC + 8B prefix + 4B perm per record)
  32B OVC extension: SKIPPED (would need 32.3 GB, have 11.7 GB usable)
  COMPACT UPLOAD: 170M rec/chunk, 4 chunks, PCIe 19.2 GB (vs 72.0 GB full), CUB scratch 145 MB

== Phase 1: Run Generation (chunked LSD sort) ==
  Run 1/4: 19429.6 MB (compact upload 5181.2 MB)      Run 2/4: 19429.6 MB (compact upload 5181.2 MB)      Run 3/4: 19429.6 MB (compact upload 5181.2 MB)      Run 4/4: 10380.0 MB (compact upload 2768.0 MB)    
  4 runs in 3712 ms (19.40 GB/s)

== Phase 2: GPU 16B Prefix Merge (2 CUB LSD passes) ==
  GPU free before merge alloc: 13.03 GB
  GPU free after merge alloc: 3.33 GB
  Pass 1 (sort by pfx2 + gather): 608 ms
  GPU 16B tie check: NO TIES — fixup skipped
  Pass 2 (sort by pfx1): 225 ms
  GPU 16B prefix merge total: 833 ms
  Downloaded perm in 187 ms
== Phase 3: CPU Gather ==
  Gathered 72.00 GB in 3841 ms (18.74 GB/s)
== Phase 4: CPU Fixup (skipped — no pfx1 ties) ==
  Total merge+gather+fixup: 4862 ms
[Correctness] Sample map verified against all 600037902 records — compact sort is FULL-KEY-EQUIVALENT.

Verifying...
  PASS sortedness: 600037902 records in non-decreasing order (2619 ms)
  PASS multiset:   output is a permutation of input (hash=0xc78dc6f8e6779043, 7712 ms)

CSV,Quadro RTX 6000,72.00,600037902,4,2,3711.75,4861.62,8573.37,8.3986,19.20,2.40,21.60,0.3

══════════ Experiment run 2/3 ══════════
[ExternalSort] GPU: 25.06 GB free, budget: 16.29 GB
[ExternalSort] Triple-buffer: 3 × 5.43 GB (45 M records each)
[ExternalSort] Sorting 600037902 records (72.00 GB)

[CompactDetect] 27/66 key bytes vary (stratified random sample 1000K of 600M records, 0 ms)
[CompactDetect] Varying byte positions: 0 1 4 5 8 9 12 13 19 20 21 29 37 44 45 50 51 52 53 54 55 56 57 59 60 61 65
[CompactDetect] Compactness: 27/66 = 41% varying. Decision: compact upload WINS (≤32 varying bytes, fits in 32B compact buffer)
[CompactDetect] Per-position bit-widths: 1×1b  0×2b  8×4b  18×8b → 177 bits = 23 packed bytes (vs 27 current)
[CompactDetect] 32B prefix would cover 27/27 positions if nibble-packed (vs 27 currently)
== Step 1+2: Key Upload ==
  Keys too large for single-pass (39.6 GB > 22.5 GB)
  Using OVC ARCHITECTURE: run-gen + GPU OVC merge + CPU gather
  OVC buffers: 12.0 GB (4B OVC + 8B prefix + 4B perm per record)
  32B OVC extension: SKIPPED (would need 32.3 GB, have 11.7 GB usable)
  COMPACT UPLOAD: 170M rec/chunk, 4 chunks, PCIe 19.2 GB (vs 72.0 GB full), CUB scratch 145 MB

== Phase 1: Run Generation (chunked LSD sort) ==
  Run 1/4: 19419.9 MB (compact upload 5178.6 MB)      Run 2/4: 19419.9 MB (compact upload 5178.6 MB)      Run 3/4: 19419.9 MB (compact upload 5178.6 MB)      Run 4/4: 10409.3 MB (compact upload 2775.8 MB)    
  4 runs in 3712 ms (19.40 GB/s)

== Phase 2: GPU 16B Prefix Merge (2 CUB LSD passes) ==
  GPU free before merge alloc: 13.03 GB
  GPU free after merge alloc: 3.33 GB
  Pass 1 (sort by pfx2 + gather): 608 ms
  GPU 16B tie check: NO TIES — fixup skipped
  Pass 2 (sort by pfx1): 225 ms
  GPU 16B prefix merge total: 833 ms
  Downloaded perm in 183 ms
== Phase 3: CPU Gather ==
  Gathered 72.00 GB in 3255 ms (22.12 GB/s)
== Phase 4: CPU Fixup (skipped — no pfx1 ties) ==
  Total merge+gather+fixup: 4271 ms
[Correctness] Sample map verified against all 600037902 records — compact sort is FULL-KEY-EQUIVALENT.

Verifying...
  PASS sortedness: 600037902 records in non-decreasing order (1080 ms)
  PASS multiset:   output is a permutation of input (hash=0xc78dc6f8e6779043, 4387 ms)

CSV,Quadro RTX 6000,72.00,600037902,4,2,3711.87,4270.78,7982.66,9.0201,19.20,2.40,21.60,0.3

══════════ Experiment run 3/3 ══════════
[ExternalSort] GPU: 25.05 GB free, budget: 16.29 GB
[ExternalSort] Triple-buffer: 3 × 5.43 GB (45 M records each)
[ExternalSort] Sorting 600037902 records (72.00 GB)

[CompactDetect] 27/66 key bytes vary (stratified random sample 1000K of 600M records, 0 ms)
[CompactDetect] Varying byte positions: 0 1 4 5 8 9 12 13 19 20 21 29 37 44 45 50 51 52 53 54 55 56 57 59 60 61 65
[CompactDetect] Compactness: 27/66 = 41% varying. Decision: compact upload WINS (≤32 varying bytes, fits in 32B compact buffer)
[CompactDetect] Per-position bit-widths: 1×1b  0×2b  8×4b  18×8b → 177 bits = 23 packed bytes (vs 27 current)
[CompactDetect] 32B prefix would cover 27/27 positions if nibble-packed (vs 27 currently)
== Step 1+2: Key Upload ==
  Keys too large for single-pass (39.6 GB > 22.5 GB)
  Using OVC ARCHITECTURE: run-gen + GPU OVC merge + CPU gather
  OVC buffers: 12.0 GB (4B OVC + 8B prefix + 4B perm per record)
  32B OVC extension: SKIPPED (would need 32.3 GB, have 11.7 GB usable)
  COMPACT UPLOAD: 170M rec/chunk, 4 chunks, PCIe 19.2 GB (vs 72.0 GB full), CUB scratch 145 MB

== Phase 1: Run Generation (chunked LSD sort) ==
  Run 1/4: 19413.4 MB (compact upload 5176.9 MB)      Run 2/4: 19413.4 MB (compact upload 5176.9 MB)      Run 3/4: 19413.4 MB (compact upload 5176.9 MB)      Run 4/4: 10428.8 MB (compact upload 2781.0 MB)    
  4 runs in 3902 ms (18.45 GB/s)

== Phase 2: GPU 16B Prefix Merge (2 CUB LSD passes) ==
  GPU free before merge alloc: 13.02 GB
  GPU free after merge alloc: 3.32 GB
  Pass 1 (sort by pfx2 + gather): 608 ms
  GPU 16B tie check: NO TIES — fixup skipped
  Pass 2 (sort by pfx1): 225 ms
  GPU 16B prefix merge total: 833 ms
  Downloaded perm in 183 ms
== Phase 3: CPU Gather ==
  Gathered 72.00 GB in 3256 ms (22.12 GB/s)
== Phase 4: CPU Fixup (skipped — no pfx1 ties) ==
  Total merge+gather+fixup: 4271 ms
[Correctness] Sample map verified against all 600037902 records — compact sort is FULL-KEY-EQUIVALENT.

Verifying...
  PASS sortedness: 600037902 records in non-decreasing order (1084 ms)
  PASS multiset:   output is a permutation of input (hash=0xc78dc6f8e6779043, 4328 ms)

CSV,Quadro RTX 6000,72.00,600037902,4,2,3901.66,4271.42,8173.08,8.8100,19.20,2.40,21.60,0.3
