════════════════════════════════════════════════════
  GPU External Merge Sort — Streaming Benchmark
════════════════════════════════════════════════════
GPU: Quadro RTX 6000 (25.4 GB HBM, 72 SMs, 672 GB/s BW)
Data: 36.00 GB (300005811 records × 120 bytes) (from file)

Allocating 36.00 GB pinned host memory...
Loading from /tmp/lineitem_sf50_normalized.bin...
  Loaded 36.00 GB in 10079 ms (3.57 GB/s)


══════════ Experiment run 1/6 ══════════
[ExternalSort] GPU: 25.15 GB free, budget: 16.35 GB
[ExternalSort] Triple-buffer: 3 × 5.45 GB (45 M records each)
[ExternalSort] Sorting 300005811 records (36.00 GB)

[CompactDetect] 61/66 key bytes vary (stratified random sample 1000K of 300M records, 37 ms)
[CompactDetect] Varying byte positions: 0 1 5 7 8 10 11 12 13 14 15 16 17 18 19 20 21 22 23 24 25 26 27 28 29 30 31 32 33 34 35 36 ...
[CompactDetect] Compactness: 61/66 = 92% varying. Decision: compact UPLOAD still wins, but compact PREFIX may have ties (CPU fixup)
== Step 1+2: Key Upload ==
  Keys too large for single-pass (19.8 GB > 22.6 GB)
  Using OVC ARCHITECTURE: run-gen + GPU OVC merge + CPU gather
  OVC buffers: 6.0 GB (4B OVC + 8B prefix + 4B perm per record)
  32B OVC extension: ENABLED (pfx3+pfx4 allocated, 4.8 GB extra)
  COMPACT UPLOAD: 170M rec/chunk, 2 chunks, PCIe 9.6 GB (vs 36.0 GB full), CUB scratch 145 MB

== Phase 1: Run Generation (chunked LSD sort) ==
  Run 1/2: 19484.9 MB (compact upload 5196.0 MB)      Run 2/2: 14848.1 MB (compact upload 3959.5 MB)    
  2 runs in 2200 ms (16.36 GB/s)

== Phase 2: GPU 32B Prefix Merge (4 CUB LSD passes) ==
  GPU free before merge alloc: 14.30 GB
  GPU free after merge alloc: 9.40 GB
  Pass 1 (sort by pfx4 + gather): 178 ms
  Pass 2 (sort by pfx3 + gather): 158 ms
  Pass 3 (sort by pfx2 + gather): 157 ms
  GPU 32B tie check: TIES FOUND — CPU fixup needed
  Pass 4 (sort by pfx1 + gather + boundaries): 174 ms
  GPU 32B prefix merge total: 667 ms
  Downloaded perm in 91 ms
== Phase 3: CPU Gather ==
  Gathered 36.00 GB in 1670 ms (21.55 GB/s)
== Phase 4: CPU Prefix Fixup (32B prefix, ties detected) ==
  3153346 groups with ties (avg 95 records, scan 56 + stitch 176 ms, GPU boundary bitmap)
  Groups stats: min=2 max=693 sum=299761123 (distribution: 1k=0 10k=0 100k=0 1m=0 10m=0)
  Fixup: active bytes are contiguous run [37..65] (8B key + 21B tail, fast path enabled)
  Fixup: 1390 ms [group-detect 232 + parallel 1142] (per-thread: pack 531.9 + sort 462.0 + reorder 124.9 ms, 84636 skipped)
  Total merge+gather+fixup: 3818 ms
[Correctness] Sample map verified against all 300005811 records — compact sort is FULL-KEY-EQUIVALENT.

Verifying...
  PASS sortedness: 300005811 records in non-decreasing order (505 ms)
  PASS multiset:   output is a permutation of input (hash=0x89c28ecae7c4b777, 2101 ms)

CSV,Quadro RTX 6000,36.00,300005811,2,2,2200.22,3818.25,6018.47,5.9817,9.60,1.20,10.80,0.3

══════════ Experiment run 2/6 ══════════
[ExternalSort] GPU: 25.14 GB free, budget: 16.34 GB
[ExternalSort] Triple-buffer: 3 × 5.45 GB (45 M records each)
[ExternalSort] Sorting 300005811 records (36.00 GB)

[CompactDetect] 61/66 key bytes vary (stratified random sample 1000K of 300M records, 0 ms)
[CompactDetect] Varying byte positions: 0 1 5 7 8 10 11 12 13 14 15 16 17 18 19 20 21 22 23 24 25 26 27 28 29 30 31 32 33 34 35 36 ...
[CompactDetect] Compactness: 61/66 = 92% varying. Decision: compact UPLOAD still wins, but compact PREFIX may have ties (CPU fixup)
== Step 1+2: Key Upload ==
  Keys too large for single-pass (19.8 GB > 22.6 GB)
  Using OVC ARCHITECTURE: run-gen + GPU OVC merge + CPU gather
  OVC buffers: 6.0 GB (4B OVC + 8B prefix + 4B perm per record)
  32B OVC extension: ENABLED (pfx3+pfx4 allocated, 4.8 GB extra)
  COMPACT UPLOAD: 170M rec/chunk, 2 chunks, PCIe 9.6 GB (vs 36.0 GB full), CUB scratch 145 MB

== Phase 1: Run Generation (chunked LSD sort) ==
  Run 1/2: 19476.7 MB (compact upload 5193.8 MB)      Run 2/2: 14856.2 MB (compact upload 3961.7 MB)    
  2 runs in 2210 ms (16.29 GB/s)

== Phase 2: GPU 32B Prefix Merge (4 CUB LSD passes) ==
  GPU free before merge alloc: 14.30 GB
  GPU free after merge alloc: 9.39 GB
  Pass 1 (sort by pfx4 + gather): 175 ms
  Pass 2 (sort by pfx3 + gather): 158 ms
  Pass 3 (sort by pfx2 + gather): 157 ms
  GPU 32B tie check: TIES FOUND — CPU fixup needed
  Pass 4 (sort by pfx1 + gather + boundaries): 174 ms
  GPU 32B prefix merge total: 664 ms
  Downloaded perm in 91 ms
== Phase 3: CPU Gather ==
  Gathered 36.00 GB in 2033 ms (17.71 GB/s)
== Phase 4: CPU Prefix Fixup (32B prefix, ties detected) ==
  3153346 groups with ties (avg 95 records, scan 71 + stitch 122 ms, GPU boundary bitmap)
  Groups stats: min=2 max=693 sum=299761123 (distribution: 1k=0 10k=0 100k=0 1m=0 10m=0)
  Fixup: active bytes are contiguous run [37..65] (8B key + 21B tail, fast path enabled)
  Fixup: 1399 ms [group-detect 192 + parallel 1196] (per-thread: pack 595.2 + sort 457.4 + reorder 122.9 ms, 84636 skipped)
  Total merge+gather+fixup: 4187 ms
[Correctness] Sample map verified against all 300005811 records — compact sort is FULL-KEY-EQUIVALENT.

Verifying...
  PASS sortedness: 300005811 records in non-decreasing order (1844 ms)
  PASS multiset:   output is a permutation of input (hash=0x89c28ecae7c4b777, 3493 ms)

CSV,Quadro RTX 6000,36.00,300005811,2,2,2210.30,4187.42,6397.72,5.6271,9.60,1.20,10.80,0.3

══════════ Experiment run 3/6 ══════════
[ExternalSort] GPU: 25.13 GB free, budget: 16.34 GB
[ExternalSort] Triple-buffer: 3 × 5.45 GB (45 M records each)
[ExternalSort] Sorting 300005811 records (36.00 GB)

[CompactDetect] 61/66 key bytes vary (stratified random sample 1000K of 300M records, 0 ms)
[CompactDetect] Varying byte positions: 0 1 5 7 8 10 11 12 13 14 15 16 17 18 19 20 21 22 23 24 25 26 27 28 29 30 31 32 33 34 35 36 ...
[CompactDetect] Compactness: 61/66 = 92% varying. Decision: compact UPLOAD still wins, but compact PREFIX may have ties (CPU fixup)
== Step 1+2: Key Upload ==
  Keys too large for single-pass (19.8 GB > 22.6 GB)
  Using OVC ARCHITECTURE: run-gen + GPU OVC merge + CPU gather
  OVC buffers: 6.0 GB (4B OVC + 8B prefix + 4B perm per record)
  32B OVC extension: ENABLED (pfx3+pfx4 allocated, 4.8 GB extra)
  COMPACT UPLOAD: 170M rec/chunk, 2 chunks, PCIe 9.6 GB (vs 36.0 GB full), CUB scratch 145 MB

== Phase 1: Run Generation (chunked LSD sort) ==
  Run 1/2: 19473.5 MB (compact upload 5192.9 MB)      Run 2/2: 14859.4 MB (compact upload 3962.5 MB)    
  2 runs in 2196 ms (16.39 GB/s)

== Phase 2: GPU 32B Prefix Merge (4 CUB LSD passes) ==
  GPU free before merge alloc: 14.30 GB
  GPU free after merge alloc: 9.39 GB
  Pass 1 (sort by pfx4 + gather): 176 ms
  Pass 2 (sort by pfx3 + gather): 158 ms
  Pass 3 (sort by pfx2 + gather): 157 ms
  GPU 32B tie check: TIES FOUND — CPU fixup needed
  Pass 4 (sort by pfx1 + gather + boundaries): 174 ms
  GPU 32B prefix merge total: 664 ms
  Downloaded perm in 91 ms
== Phase 3: CPU Gather ==
  Gathered 36.00 GB in 1701 ms (21.16 GB/s)
== Phase 4: CPU Prefix Fixup (32B prefix, ties detected) ==
  3153346 groups with ties (avg 95 records, scan 46 + stitch 132 ms, GPU boundary bitmap)
  Groups stats: min=2 max=693 sum=299761123 (distribution: 1k=0 10k=0 100k=0 1m=0 10m=0)
  Fixup: active bytes are contiguous run [37..65] (8B key + 21B tail, fast path enabled)
  Fixup: 1330 ms [group-detect 179 + parallel 1137] (per-thread: pack 539.0 + sort 454.5 + reorder 120.3 ms, 84636 skipped)
  Total merge+gather+fixup: 3787 ms
[Correctness] Sample map verified against all 300005811 records — compact sort is FULL-KEY-EQUIVALENT.

Verifying...
  PASS sortedness: 300005811 records in non-decreasing order (1720 ms)
  PASS multiset:   output is a permutation of input (hash=0x89c28ecae7c4b777, 3771 ms)

CSV,Quadro RTX 6000,36.00,300005811,2,2,2196.23,3786.62,5982.85,6.0173,9.60,1.20,10.80,0.3

══════════ Experiment run 4/6 ══════════
[ExternalSort] GPU: 25.13 GB free, budget: 16.33 GB
[ExternalSort] Triple-buffer: 3 × 5.44 GB (45 M records each)
[ExternalSort] Sorting 300005811 records (36.00 GB)

[CompactDetect] 61/66 key bytes vary (stratified random sample 1000K of 300M records, 0 ms)
[CompactDetect] Varying byte positions: 0 1 5 7 8 10 11 12 13 14 15 16 17 18 19 20 21 22 23 24 25 26 27 28 29 30 31 32 33 34 35 36 ...
[CompactDetect] Compactness: 61/66 = 92% varying. Decision: compact UPLOAD still wins, but compact PREFIX may have ties (CPU fixup)
== Step 1+2: Key Upload ==
  Keys too large for single-pass (19.8 GB > 22.6 GB)
  Using OVC ARCHITECTURE: run-gen + GPU OVC merge + CPU gather
  OVC buffers: 6.0 GB (4B OVC + 8B prefix + 4B perm per record)
  32B OVC extension: ENABLED (pfx3+pfx4 allocated, 4.8 GB extra)
  COMPACT UPLOAD: 170M rec/chunk, 2 chunks, PCIe 9.6 GB (vs 36.0 GB full), CUB scratch 145 MB

== Phase 1: Run Generation (chunked LSD sort) ==
  Run 1/2: 19468.6 MB (compact upload 5191.6 MB)      Run 2/2: 14864.3 MB (compact upload 3963.8 MB)    
  2 runs in 2190 ms (16.44 GB/s)

== Phase 2: GPU 32B Prefix Merge (4 CUB LSD passes) ==
  GPU free before merge alloc: 14.29 GB
  GPU free after merge alloc: 9.39 GB
  Pass 1 (sort by pfx4 + gather): 175 ms
  Pass 2 (sort by pfx3 + gather): 158 ms
  Pass 3 (sort by pfx2 + gather): 157 ms
  GPU 32B tie check: TIES FOUND — CPU fixup needed
  Pass 4 (sort by pfx1 + gather + boundaries): 174 ms
  GPU 32B prefix merge total: 664 ms
  Downloaded perm in 91 ms
== Phase 3: CPU Gather ==
  Gathered 36.00 GB in 2240 ms (16.07 GB/s)
== Phase 4: CPU Prefix Fixup (32B prefix, ties detected) ==
  3153346 groups with ties (avg 95 records, scan 44 + stitch 163 ms, GPU boundary bitmap)
  Groups stats: min=2 max=693 sum=299761123 (distribution: 1k=0 10k=0 100k=0 1m=0 10m=0)
  Fixup: active bytes are contiguous run [37..65] (8B key + 21B tail, fast path enabled)
  Fixup: 1385 ms [group-detect 207 + parallel 1162] (per-thread: pack 564.5 + sort 455.2 + reorder 118.7 ms, 84636 skipped)
  Total merge+gather+fixup: 4380 ms
[Correctness] Sample map verified against all 300005811 records — compact sort is FULL-KEY-EQUIVALENT.

Verifying...
  PASS sortedness: 300005811 records in non-decreasing order (1580 ms)
  PASS multiset:   output is a permutation of input (hash=0x89c28ecae7c4b777, 3281 ms)

CSV,Quadro RTX 6000,36.00,300005811,2,2,2190.47,4379.73,6570.21,5.4794,9.60,1.20,10.80,0.3

══════════ Experiment run 5/6 ══════════
[ExternalSort] GPU: 25.12 GB free, budget: 16.33 GB
[ExternalSort] Triple-buffer: 3 × 5.44 GB (45 M records each)
[ExternalSort] Sorting 300005811 records (36.00 GB)

[CompactDetect] 61/66 key bytes vary (stratified random sample 1000K of 300M records, 0 ms)
[CompactDetect] Varying byte positions: 0 1 5 7 8 10 11 12 13 14 15 16 17 18 19 20 21 22 23 24 25 26 27 28 29 30 31 32 33 34 35 36 ...
[CompactDetect] Compactness: 61/66 = 92% varying. Decision: compact UPLOAD still wins, but compact PREFIX may have ties (CPU fixup)
== Step 1+2: Key Upload ==
  Keys too large for single-pass (19.8 GB > 22.6 GB)
  Using OVC ARCHITECTURE: run-gen + GPU OVC merge + CPU gather
  OVC buffers: 6.0 GB (4B OVC + 8B prefix + 4B perm per record)
  32B OVC extension: ENABLED (pfx3+pfx4 allocated, 4.8 GB extra)
  COMPACT UPLOAD: 170M rec/chunk, 2 chunks, PCIe 9.6 GB (vs 36.0 GB full), CUB scratch 145 MB

== Phase 1: Run Generation (chunked LSD sort) ==
  Run 1/2: 19465.4 MB (compact upload 5190.8 MB)      Run 2/2: 14867.6 MB (compact upload 3964.7 MB)    
  2 runs in 2214 ms (16.26 GB/s)

== Phase 2: GPU 32B Prefix Merge (4 CUB LSD passes) ==
  GPU free before merge alloc: 14.29 GB
  GPU free after merge alloc: 9.39 GB
  Pass 1 (sort by pfx4 + gather): 176 ms
  Pass 2 (sort by pfx3 + gather): 158 ms
  Pass 3 (sort by pfx2 + gather): 157 ms
  GPU 32B tie check: TIES FOUND — CPU fixup needed
  Pass 4 (sort by pfx1 + gather + boundaries): 174 ms
  GPU 32B prefix merge total: 665 ms
  Downloaded perm in 91 ms
== Phase 3: CPU Gather ==
  Gathered 36.00 GB in 2034 ms (17.70 GB/s)
== Phase 4: CPU Prefix Fixup (32B prefix, ties detected) ==
  3153346 groups with ties (avg 95 records, scan 43 + stitch 153 ms, GPU boundary bitmap)
  Groups stats: min=2 max=693 sum=299761123 (distribution: 1k=0 10k=0 100k=0 1m=0 10m=0)
  Fixup: active bytes are contiguous run [37..65] (8B key + 21B tail, fast path enabled)
  Fixup: 1429 ms [group-detect 196 + parallel 1218] (per-thread: pack 620.7 + sort 455.4 + reorder 114.9 ms, 84636 skipped)
  Total merge+gather+fixup: 4219 ms
[Correctness] Sample map verified against all 300005811 records — compact sort is FULL-KEY-EQUIVALENT.

Verifying...
  PASS sortedness: 300005811 records in non-decreasing order (1324 ms)
  PASS multiset:   output is a permutation of input (hash=0x89c28ecae7c4b777, 3853 ms)

CSV,Quadro RTX 6000,36.00,300005811,2,2,2213.85,4218.87,6432.71,5.5965,9.60,1.20,10.80,0.3

══════════ Experiment run 6/6 ══════════
[ExternalSort] GPU: 25.12 GB free, budget: 16.33 GB
[ExternalSort] Triple-buffer: 3 × 5.44 GB (45 M records each)
[ExternalSort] Sorting 300005811 records (36.00 GB)

[CompactDetect] 61/66 key bytes vary (stratified random sample 1000K of 300M records, 0 ms)
[CompactDetect] Varying byte positions: 0 1 5 7 8 10 11 12 13 14 15 16 17 18 19 20 21 22 23 24 25 26 27 28 29 30 31 32 33 34 35 36 ...
[CompactDetect] Compactness: 61/66 = 92% varying. Decision: compact UPLOAD still wins, but compact PREFIX may have ties (CPU fixup)
== Step 1+2: Key Upload ==
  Keys too large for single-pass (19.8 GB > 22.6 GB)
  Using OVC ARCHITECTURE: run-gen + GPU OVC merge + CPU gather
  OVC buffers: 6.0 GB (4B OVC + 8B prefix + 4B perm per record)
  32B OVC extension: ENABLED (pfx3+pfx4 allocated, 4.8 GB extra)
  COMPACT UPLOAD: 170M rec/chunk, 2 chunks, PCIe 9.6 GB (vs 36.0 GB full), CUB scratch 145 MB

== Phase 1: Run Generation (chunked LSD sort) ==
  Run 1/2: 19462.1 MB (compact upload 5189.9 MB)      Run 2/2: 14870.8 MB (compact upload 3965.6 MB)    
  2 runs in 2163 ms (16.65 GB/s)

== Phase 2: GPU 32B Prefix Merge (4 CUB LSD passes) ==
  GPU free before merge alloc: 14.29 GB
  GPU free after merge alloc: 9.39 GB
  Pass 1 (sort by pfx4 + gather): 175 ms
  Pass 2 (sort by pfx3 + gather): 158 ms
  Pass 3 (sort by pfx2 + gather): 157 ms
  GPU 32B tie check: TIES FOUND — CPU fixup needed
  Pass 4 (sort by pfx1 + gather + boundaries): 174 ms
  GPU 32B prefix merge total: 664 ms
  Downloaded perm in 91 ms
== Phase 3: CPU Gather ==
  Gathered 36.00 GB in 1773 ms (20.31 GB/s)
== Phase 4: CPU Prefix Fixup (32B prefix, ties detected) ==
  3153346 groups with ties (avg 95 records, scan 46 + stitch 145 ms, GPU boundary bitmap)
  Groups stats: min=2 max=693 sum=299761123 (distribution: 1k=0 10k=0 100k=0 1m=0 10m=0)
  Fixup: active bytes are contiguous run [37..65] (8B key + 21B tail, fast path enabled)
  Fixup: 1361 ms [group-detect 191 + parallel 1155] (per-thread: pack 552.9 + sort 455.4 + reorder 120.9 ms, 84636 skipped)
  Total merge+gather+fixup: 3889 ms
[Correctness] Sample map verified against all 300005811 records — compact sort is FULL-KEY-EQUIVALENT.

Verifying...
  PASS sortedness: 300005811 records in non-decreasing order (2075 ms)
  PASS multiset:   output is a permutation of input (hash=0x89c28ecae7c4b777, 4138 ms)

CSV,Quadro RTX 6000,36.00,300005811,2,2,2162.80,3888.86,6051.67,5.9489,9.60,1.20,10.80,0.3
